Executing test clientCloseWith0Fails [okhttp3.internal.ws.RealWebSocketTest] with result: SUCCESS
Executing test throwingOnFailLogs [okhttp3.internal.ws.WebSocketHttpTest] with result: SKIPPED
Executing test addressToString [okhttp3.AddressTest] with result: SUCCESS
Executing test addressWithProxyToString [okhttp3.AddressTest] with result: SUCCESS
Executing test equalsAndHashcode [okhttp3.AddressTest] with result: SUCCESS
Executing test differentProxySelectorsAreDifferent [okhttp3.AddressTest] with result: SUCCESS
Executing test checkRemoteDNSResolve [okhttp3.SocksProxyTest] with result: SUCCESS
Executing test proxy [okhttp3.SocksProxyTest] with result: SUCCESS
Executing test proxySelector [okhttp3.SocksProxyTest] with result: SUCCESS
Executing test equalsFromTrustManager [okhttp3.CertificateChainCleanerTest] with result: SUCCESS
Executing test unexpectedPongsDoNotInterfereWithFailureDetection [okhttp3.internal.ws.RealWebSocketTest] with result: FAILURE
Executing test serverCloseThenWritingPingSucceeds [okhttp3.internal.ws.RealWebSocketTest] with result: SUCCESS
Executing test clientCloseThenMethodsReturnFalse [okhttp3.internal.ws.RealWebSocketTest] with result: SUCCESS
Executing test emptyCloseInitiatesShutdown [okhttp3.internal.ws.RealWebSocketTest] with result: SUCCESS
Executing test closeMessageAndConnectionCloseThrowingDoesNotMaskOriginal [okhttp3.internal.ws.RealWebSocketTest] with result: SKIPPED
Executing test clientCanWriteMessagesAfterServerClose [okhttp3.internal.ws.RealWebSocketTest] with result: SUCCESS
Executing test serverCloseBreaksReadMessageLoop [okhttp3.internal.ws.RealWebSocketTest] with result: SUCCESS
Executing test afterSocketClosedPingFailsWebSocket [okhttp3.internal.ws.RealWebSocketTest] with result: SUCCESS
Executing test serverCloseThenClientClose [okhttp3.internal.ws.RealWebSocketTest] with result: FAILURE
Executing test clientCloseClosesConnection [okhttp3.internal.ws.RealWebSocketTest] with result: SUCCESS
Executing test closeThrowingFailsConnection [okhttp3.internal.ws.RealWebSocketTest] with result: SUCCESS
Executing test socketClosedDuringMessageKillsWebSocket [okhttp3.internal.ws.RealWebSocketTest] with result: SUCCESS
Executing test protocolErrorAfterCloseDoesNotSendClose [okhttp3.internal.ws.RealWebSocketTest] with result: SUCCESS
Executing test close [okhttp3.internal.ws.RealWebSocketTest] with result: SUCCESS
Executing test peerConnectionCloseThrowingPropagates [okhttp3.internal.ws.RealWebSocketTest] with result: SKIPPED
Executing test chainTooLong [okhttp3.CertificateChainCleanerTest] with result: SUCCESS
Executing test unrelatedCertificatesAreOmitted [okhttp3.CertificateChainCleanerTest] with result: SUCCESS
Executing test equalsFromCertificate [okhttp3.CertificateChainCleanerTest] with result: SUCCESS
Executing test unorderedChainOfCertificatesWithRoot [okhttp3.CertificateChainCleanerTest] with result: SUCCESS
Executing test unorderedChainOfCertificatesWithoutRoot [okhttp3.CertificateChainCleanerTest] with result: SUCCESS
Executing test trustedRootNotSelfSigned [okhttp3.CertificateChainCleanerTest] with result: SUCCESS
Executing test pingOnInterval [okhttp3.internal.ws.RealWebSocketTest] with result: SUCCESS
Executing test clientAndServerCloseClosesConnection [okhttp3.internal.ws.RealWebSocketTest] with result: SUCCESS
Executing test chainGoesAllTheWayToSelfSignedRoot [okhttp3.CertificateChainCleanerTest] with result: SUCCESS
Executing test normalizeSingleSelfSignedCertificate [okhttp3.CertificateChainCleanerTest] with result: SUCCESS
Executing test normalizeUnknownSelfSignedCertificate [okhttp3.CertificateChainCleanerTest] with result: SUCCESS
Executing test orderedChainOfCertificatesWithoutRoot [okhttp3.CertificateChainCleanerTest] with result: SUCCESS
Executing test non101RetainsBody [okhttp3.internal.ws.WebSocketHttpTest] with result: SUCCESS
Executing test chainMaxLength [okhttp3.CertificateChainCleanerTest] with result: SUCCESS
Executing test orderedChainOfCertificatesWithRoot [okhttp3.CertificateChainCleanerTest] with result: SUCCESS
Executing test throwingOnMessageClosesImmediatelyAndFails [okhttp3.internal.ws.WebSocketHttpTest] with result: SUCCESS
Executing test flagOverlapOn0x20 [okhttp3.internal.http2.FrameLogTest] with result: SUCCESS
Executing test exampleStream [okhttp3.internal.http2.FrameLogTest] with result: SUCCESS
Executing test flagOverlapOn0x1 [okhttp3.internal.http2.FrameLogTest] with result: SUCCESS
Executing test flagOverlapOn0x4 [okhttp3.internal.http2.FrameLogTest] with result: SUCCESS
Executing test asyncCallEngineInitialized [okhttp3.CallTest] with result: SUCCESS
Executing test allFormattedFlagsWithValidBits [okhttp3.internal.http2.FrameLogTest] with result: SUCCESS
Executing test unsetField [okhttp3.internal.http2.SettingsTest] with result: SUCCESS
Executing test merge [okhttp3.internal.http2.SettingsTest] with result: SUCCESS
Executing test setFields [okhttp3.internal.http2.SettingsTest] with result: SUCCESS
Executing test getConnectionIOException_single [okhttp3.internal.connection.RouteExceptionTest] with result: SUCCESS
Executing test getConnectionIOException_multiple [okhttp3.internal.connection.RouteExceptionTest] with result: SUCCESS
Executing test nullByteStringThrows [okhttp3.internal.ws.WebSocketHttpTest] with result: SUCCESS
Executing test webSocketConnectionIsReleased [okhttp3.internal.ws.WebSocketHttpTest] with result: SUCCESS
Executing test wsScheme [okhttp3.internal.ws.WebSocketHttpTest] with result: SUCCESS
Executing test proxyAuthenticateOnConnect [okhttp3.CallTest] with result: SUCCESS
Executing test requestHeaderNameWithSpaceForbidden [okhttp3.CallTest] with result: SUCCESS
Executing test interruptWritingRequestBody [okhttp3.internal.http.ThreadInterruptTest] with result: SUCCESS
Executing test unacknowledgedPingFailsConnection [okhttp3.internal.ws.RealWebSocketTest] with result: SUCCESS
Executing test serverCloseClosesConnection [okhttp3.internal.ws.RealWebSocketTest] with result: SUCCESS
Executing test networkErrorReportedAsFailure [okhttp3.internal.ws.RealWebSocketTest] with result: SUCCESS
Executing test protocolErrorBeforeCloseSendsFailure [okhttp3.internal.ws.RealWebSocketTest] with result: SUCCESS
Executing test protocolErrorInCloseResponseClosesConnection [okhttp3.internal.ws.RealWebSocketTest] with result: SUCCESS
Executing test headResponseContentEncodingIsIgnored [okhttp3.CallTest] with result: SUCCESS
Executing test readTimeoutAppliesToHttpRequest [okhttp3.internal.ws.WebSocketHttpTest] with result: SUCCESS
Executing test webSocketAndApplicationInterceptors [okhttp3.internal.ws.WebSocketHttpTest] with result: SUCCESS
Executing test missingConnectionHeader [okhttp3.internal.ws.WebSocketHttpTest] with result: SUCCESS
Executing test connectTimeoutsAttemptsAlternateRoute [okhttp3.CallTest] with result: SUCCESS
Executing test binaryMessage [okhttp3.internal.ws.WebSocketHttpTest] with result: SUCCESS
Executing test recoverFromTlsHandshakeFailure_Async [okhttp3.CallTest] with result: SUCCESS
Executing test interruptReadingResponseBody [okhttp3.internal.http.ThreadInterruptTest] with result: SUCCESS
Executing test noPreemptiveProxyAuthorization [okhttp3.CallTest] with result: SUCCESS
Executing test canceledBeforeExecute [okhttp3.CallTest] with result: SUCCESS
Executing test repeatedHeaderNames [okhttp3.CallTest] with result: SUCCESS
Executing test illegalToExecuteTwice_Async [okhttp3.CallTest] with result: SUCCESS
Executing test cancelInFlightBeforeResponseReadThrowsIOE [okhttp3.CallTest] with result: SUCCESS
Executing test timeoutWritingRequest [okhttp3.WholeOperationTimeoutTest] with result: SUCCESS
Executing test leakedResponseBodyLogsStackTrace [okhttp3.CallTest] with result: SUCCESS
Executing test expect100ContinueNonEmptyRequestBody [okhttp3.CallTest] with result: SUCCESS
Executing test alwaysBuilds [okhttp3.internal.platform.PlatformTest] with result: SUCCESS
Executing test defaultPrefix [okhttp3.internal.platform.PlatformTest] with result: SUCCESS
Executing test testToStringIsClassname [okhttp3.internal.platform.PlatformTest] with result: SUCCESS
Executing test clientIncompleteControlFrameBodyThrows [okhttp3.internal.ws.WebSocketReaderTest] with result: SUCCESS
Executing test serverSentFramesMustNotBeMasked [okhttp3.internal.ws.WebSocketReaderTest] with result: SUCCESS
Executing test clientSentFramesMustBeMasked [okhttp3.internal.ws.WebSocketReaderTest] with result: SUCCESS
Executing test reusedSourcesGetIndependentTimeoutInstances [okhttp3.CallTest] with result: SUCCESS
Executing test closeReservedSetThrows [okhttp3.internal.ws.WebSocketReaderTest] with result: SUCCESS
Executing test serverIncompleteMessageBodyThrows [okhttp3.internal.ws.WebSocketReaderTest] with result: SUCCESS
Executing test twoFrameNotContinuation [okhttp3.internal.ws.WebSocketReaderTest] with result: SUCCESS
Executing test clientTwoFrameHelloWithPongs [okhttp3.internal.ws.WebSocketReaderTest] with result: SUCCESS
Executing test clientSimpleBinary [okhttp3.internal.ws.WebSocketReaderTest] with result: SUCCESS
Executing test emptyCloseCallsCallback [okhttp3.internal.ws.WebSocketReaderTest] with result: SUCCESS
Executing test closeOutOfRangeThrows [okhttp3.internal.ws.WebSocketReaderTest] with result: SUCCESS
Executing test serverIncompleteControlFrameBodyThrows [okhttp3.internal.ws.WebSocketReaderTest] with result: SUCCESS
Executing test clientFramePayloadShort [okhttp3.internal.ws.WebSocketReaderTest] with result: SUCCESS
Executing test serverHelloTwoChunks [okhttp3.internal.ws.WebSocketReaderTest] with result: SUCCESS
Executing test emptyPingCallsCallback [okhttp3.internal.ws.WebSocketReaderTest] with result: SUCCESS
Executing test serverSimpleHello [okhttp3.internal.ws.WebSocketReaderTest] with result: SUCCESS
Executing test clientFramePayloadLong [okhttp3.internal.ws.WebSocketReaderTest] with result: SUCCESS
Executing test clientIncompleteMessageBodyThrows [okhttp3.internal.ws.WebSocketReaderTest] with result: SUCCESS
Executing test clientTwoFrameBinary [okhttp3.internal.ws.WebSocketReaderTest] with result: SUCCESS
Executing test pingCallsCallback [okhttp3.internal.ws.WebSocketReaderTest] with result: SUCCESS
Executing test controlFramesMustBeFinal [okhttp3.internal.ws.WebSocketReaderTest] with result: SUCCESS
Executing test controlFramePayloadMax [okhttp3.internal.ws.WebSocketReaderTest] with result: SUCCESS
Executing test closeCallsCallback [okhttp3.internal.ws.WebSocketReaderTest] with result: SUCCESS
Executing test clientTwoFrameHello [okhttp3.internal.ws.WebSocketReaderTest] with result: SUCCESS
Executing test clientFramePayloadTooLongThrows [okhttp3.internal.ws.WebSocketReaderTest] with result: SUCCESS
Executing test clientSimpleHello [okhttp3.internal.ws.WebSocketReaderTest] with result: SUCCESS
Executing test closeIncompleteCallsCallback [okhttp3.internal.ws.WebSocketReaderTest] with result: SUCCESS
Executing test reservedFlagsAreUnsupported [okhttp3.internal.ws.WebSocketReaderTest] with result: SUCCESS
Executing test closeLengthOfOneThrows [okhttp3.internal.ws.WebSocketReaderTest] with result: SUCCESS
Executing test addThrowsOnMultiColon [okhttp3.HeadersTest] with result: SUCCESS
Executing test byteCount [okhttp3.HeadersTest] with result: SUCCESS
Executing test testDigestChallengeWithAdditionalSpaces [okhttp3.HeadersTest] with result: SUCCESS
Executing test onlyCommaBetweenChallenges [okhttp3.HeadersTest] with result: SUCCESS
Executing test builderRejectsUnicodeInHeaderName [okhttp3.HeadersTest] with result: SUCCESS
Executing test basicChallengeWithCharset [okhttp3.HeadersTest] with result: SUCCESS
Executing test testDigestChallengeWithCamelCasedNames2 [okhttp3.HeadersTest] with result: SUCCESS
Executing test headersNotEquals [okhttp3.HeadersTest] with result: SUCCESS
Executing test escapedCharactersInQuotedString [okhttp3.HeadersTest] with result: SUCCESS
Executing test ofMapRejectsNullCharInName [okhttp3.HeadersTest] with result: SUCCESS
Executing test basicChallenge [okhttp3.HeadersTest] with result: SUCCESS
Executing test ofTrims [okhttp3.HeadersTest] with result: SUCCESS
Executing test ofThrowsOnNull [okhttp3.HeadersTest] with result: SUCCESS
Executing test addInstantNull [okhttp3.HeadersTest] with result: SUCCESS
Executing test nameIndexesAreStrict [okhttp3.HeadersTest] with result: SUCCESS
Executing test valueIndexesAreStrict [okhttp3.HeadersTest] with result: SUCCESS
Executing test multipleSeparatorsBetweenChallenges [okhttp3.HeadersTest] with result: SUCCESS
Executing test headersToString [okhttp3.HeadersTest] with result: SUCCESS
Executing test addDate [okhttp3.HeadersTest] with result: SUCCESS
Executing test headersAddAll [okhttp3.HeadersTest] with result: SUCCESS
Executing test multipleAuthenticateHeadersInDifferentOrder [okhttp3.HeadersTest] with result: SUCCESS
Executing test testDigestChallengeWithCamelCasedNames [okhttp3.HeadersTest] with result: SUCCESS
Executing test multipleChallengesWithSameSchemeButDifferentRealmInOneHeader [okhttp3.HeadersTest] with result: SUCCESS
Executing test headersEquals [okhttp3.HeadersTest] with result: SUCCESS
Executing test addUnsafeNonAsciiAcceptsUnicodeValue [okhttp3.HeadersTest] with result: SUCCESS
Executing test http2HeadersListDontDropTeIfTrailersHttp2 [okhttp3.HeadersTest] with result: SUCCESS
Executing test repeatedAuthParamKey [okhttp3.HeadersTest] with result: SUCCESS
Executing test toMultimapAllowsCaseInsensitiveGet [okhttp3.HeadersTest] with result: SUCCESS
Executing test spacesAroundKeyValueSeparator [okhttp3.HeadersTest] with result: SUCCESS
Executing test unescapedDoubleQuoteInQuotedStringWithEvenNumberOfBackslashesInFront [okhttp3.HeadersTest] with result: SUCCESS
Executing test ofMapTrimsValue [okhttp3.HeadersTest] with result: SUCCESS
Executing test setDateNull [okhttp3.HeadersTest] with result: SUCCESS
Executing test addInstant [okhttp3.HeadersTest] with result: SUCCESS
Executing test addUnsafeNonAsciiRejectsUnicodeName [okhttp3.HeadersTest] with result: SUCCESS
Executing test ofThrowsOnEmptyName [okhttp3.HeadersTest] with result: SUCCESS
Executing test testDigestChallengeWithDifferentlyOrderedAuthParams [okhttp3.HeadersTest] with result: SUCCESS
Executing test separatorsBeforeFirstChallenge [okhttp3.HeadersTest] with result: SUCCESS
Executing test varargFactoryRejectsUnicodeInHeaderValue [okhttp3.HeadersTest] with result: SUCCESS
Executing test setInstantNull [okhttp3.HeadersTest] with result: SUCCESS
Executing test separatorsBeforeFirstAuthParam [okhttp3.HeadersTest] with result: SUCCESS
Executing test varargFactoryRejectsUnicodeInHeaderName [okhttp3.HeadersTest] with result: SUCCESS
Executing test ofRejectsNullChar [okhttp3.HeadersTest] with result: SUCCESS
Executing test ofAcceptsEmptyValue [okhttp3.HeadersTest] with result: SUCCESS
Executing test multipleChallengesInOneHeader [okhttp3.HeadersTest] with result: SUCCESS
Executing test builderRejectsUnicodeInHeaderValue [okhttp3.HeadersTest] with result: SUCCESS
Executing test doubleQuoteInToken [okhttp3.HeadersTest] with result: SKIPPED
Executing test multipleAuthenticateHeaders [okhttp3.HeadersTest] with result: SUCCESS
Executing test ofMapTrimsKey [okhttp3.HeadersTest] with result: SUCCESS
Executing test ofMapThrowsOnBlankName [okhttp3.HeadersTest] with result: SUCCESS
Executing test addThrowsOnNoColon [okhttp3.HeadersTest] with result: SUCCESS
Executing test mapFactoryRejectsUnicodeInHeaderValue [okhttp3.HeadersTest] with result: SUCCESS
Executing test testDigestChallengeWithAdditionalSpacesBeforeFirstAuthParam [okhttp3.HeadersTest] with result: SUCCESS
Executing test setInstant [okhttp3.HeadersTest] with result: SUCCESS
Executing test testDigestChallengeWithDifferentlyOrderedAuthParams2 [okhttp3.HeadersTest] with result: SUCCESS
Executing test ofMapMakesDefensiveCopy [okhttp3.HeadersTest] with result: SUCCESS
Executing test testDigestChallengeWithTokenFormOfAuthParam [okhttp3.HeadersTest] with result: SUCCESS
Executing test addDateNull [okhttp3.HeadersTest] with result: SUCCESS
Executing test basicChallengeWithUnexpectedCharset [okhttp3.HeadersTest] with result: SUCCESS
Executing test commaInQuotedStringAndBeforeFirstChallenge [okhttp3.HeadersTest] with result: SUCCESS
Executing test http2HeadersListDropsForbiddenHeadersHttp2 [okhttp3.HeadersTest] with result: SUCCESS
Executing test ofMakesDefensiveCopy [okhttp3.HeadersTest] with result: SUCCESS
Executing test token68InsteadOfAuthParams [okhttp3.HeadersTest] with result: SUCCESS
Executing test addParsing [okhttp3.HeadersTest] with result: SUCCESS
Executing test ofMapRejectsNullCharInValue [okhttp3.HeadersTest] with result: SUCCESS
Executing test unknownAuthParams [okhttp3.HeadersTest] with result: SUCCESS
Executing test toMultimapGroupsHeaders [okhttp3.HeadersTest] with result: SUCCESS
Executing test addThrowsOnEmptyName [okhttp3.HeadersTest] with result: SUCCESS
Executing test token68AndAuthParams [okhttp3.HeadersTest] with result: SUCCESS
Executing test testDigestChallengeWithMissingRealm [okhttp3.HeadersTest] with result: SUCCESS
Executing test ofThrowsOddNumberOfHeaders [okhttp3.HeadersTest] with result: SUCCESS
Executing test ofMapThrowsOnEmptyName [okhttp3.HeadersTest] with result: SUCCESS
Executing test toMultimapUsesCanonicalCase [okhttp3.HeadersTest] with result: SUCCESS
Executing test readNameValueBlockDropsForbiddenHeadersHttp2 [okhttp3.HeadersTest] with result: SUCCESS
Executing test testDigestChallengeWithoutAuthParams [okhttp3.HeadersTest] with result: SUCCESS
Executing test multipleBasicAuthenticateHeaders [okhttp3.HeadersTest] with result: SUCCESS
Executing test mapFactoryRejectsUnicodeInHeaderName [okhttp3.HeadersTest] with result: SUCCESS
Executing test ofMapAcceptsEmptyValue [okhttp3.HeadersTest] with result: SUCCESS
Executing test setDate [okhttp3.HeadersTest] with result: SUCCESS
Executing test unescapedDoubleQuoteInQuotedString [okhttp3.HeadersTest] with result: SUCCESS
Executing test testDigestChallengeWithStrictRfc2617Header [okhttp3.HeadersTest] with result: SUCCESS
Executing test ofMapThrowsOnNull [okhttp3.HeadersTest] with result: SUCCESS
Executing test stringBomUtf16Be [okhttp3.ResponseBodyTest] with result: SUCCESS
Executing test stringBomUtf16Le [okhttp3.ResponseBodyTest] with result: SUCCESS
Executing test stringBomUtf32Be [okhttp3.ResponseBodyTest] with result: SUCCESS
Executing test stringBomUtf32Le [okhttp3.ResponseBodyTest] with result: SUCCESS
Executing test bytesThrowsWhenLengthsDisagree [okhttp3.ResponseBodyTest] with result: SUCCESS
Executing test stringEmpty [okhttp3.ResponseBodyTest] with result: SUCCESS
Executing test readerExplicitCharset [okhttp3.ResponseBodyTest] with result: SUCCESS
Executing test byteStreamClosesUnderlyingSource [okhttp3.ResponseBodyTest] with result: SUCCESS
Executing test readerClosedBeforeBomClosesUnderlyingSource [okhttp3.ResponseBodyTest] with result: SUCCESS
Executing test byteStringClosesUnderlyingSource [okhttp3.ResponseBodyTest] with result: SUCCESS
Executing test readerBomUtf16Be [okhttp3.ResponseBodyTest] with result: SUCCESS
Executing test readerBomUtf16Le [okhttp3.ResponseBodyTest] with result: SUCCESS
Executing test readerBomUtf32Be [okhttp3.ResponseBodyTest] with result: SUCCESS
Executing test readerBomUtf32Le [okhttp3.ResponseBodyTest] with result: SUCCESS
Executing test timeoutWritingRequestWithEnqueue [okhttp3.WholeOperationTimeoutTest] with result: SUCCESS
Executing test stringExplicitCharset [okhttp3.ResponseBodyTest] with result: SUCCESS
Executing test byteStringThrowsWhenLengthsDisagree [okhttp3.ResponseBodyTest] with result: SUCCESS
Executing test sourceEmpty [okhttp3.ResponseBodyTest] with result: SUCCESS
Executing test byteStringSeesBom [okhttp3.ResponseBodyTest] with result: SUCCESS
Executing test bytesSeesBom [okhttp3.ResponseBodyTest] with result: SUCCESS
Executing test bytesThrowsMoreThanIntMaxValue [okhttp3.ResponseBodyTest] with result: SUCCESS
Executing test byteStreamEmpty [okhttp3.ResponseBodyTest] with result: SUCCESS
Executing test stringBomUtf8 [okhttp3.ResponseBodyTest] with result: SUCCESS
Executing test byteStreamSeesBom [okhttp3.ResponseBodyTest] with result: SUCCESS
Executing test readerEmpty [okhttp3.ResponseBodyTest] with result: SUCCESS
Executing test stringBomOverridesExplicitCharset [okhttp3.ResponseBodyTest] with result: SUCCESS
Executing test stringDefaultsToUtf8 [okhttp3.ResponseBodyTest] with result: SUCCESS
Executing test throwingUnderlyingSourceClosesQuietly [okhttp3.ResponseBodyTest] with result: SUCCESS
Executing test readerBomUtf8 [okhttp3.ResponseBodyTest] with result: SUCCESS
Executing test stringLooksLikeBomButTooShort [okhttp3.ResponseBodyTest] with result: SUCCESS
Executing test byteStringEmpty [okhttp3.ResponseBodyTest] with result: SUCCESS
Executing test readerClosedAfterBomClosesUnderlyingSource [okhttp3.ResponseBodyTest] with result: SUCCESS
Executing test stringClosesUnderlyingSource [okhttp3.ResponseBodyTest] with result: SUCCESS
Executing test byteStringThrowsMoreThanIntMaxValue [okhttp3.ResponseBodyTest] with result: SUCCESS
Executing test bytesEmpty [okhttp3.ResponseBodyTest] with result: SUCCESS
Executing test readerLooksLikeBomButTooShort [okhttp3.ResponseBodyTest] with result: SUCCESS
Executing test bytesClosesUnderlyingSource [okhttp3.ResponseBodyTest] with result: SUCCESS
Executing test sourceClosesUnderlyingSource [okhttp3.ResponseBodyTest] with result: SUCCESS
Executing test sourceSeesBom [okhttp3.ResponseBodyTest] with result: SUCCESS
Executing test readerDefaultsToUtf8 [okhttp3.ResponseBodyTest] with result: SUCCESS
Executing test defaultConfigIsNoTimeout [okhttp3.WholeOperationTimeoutTest] with result: SUCCESS
Executing test canceledBeforeResponseReadSignalsOnFailure_HTTPS [okhttp3.CallTest] with result: SUCCESS
org> against <http://example.org/foo/bar>] [okhttp3.WebPlatformUrlTest] with result: SUCCESS
Executing test httpUrl[Parsing: <http://user:pass@foo:21/bar;par?b#c> against <http://example.org/foo/bar>] [okhttp3.WebPlatformUrlTest] with result: SUCCESS
Executing test httpUrl[Parsing: <http:foo.com> against <http://example.org/foo/bar>] [okhttp3.WebPlatformUrlTest] with result: SUCCESS
> against <http://example.org/foo/bar>] [okhttp3.WebPlatformUrlTest] with result: SUCCESS
Executing test httpUrl[Parsing: < foo.com  > against <http://example.org/foo/bar>] [okhttp3.WebPlatformUrlTest] with result: SUCCESS
Executing test httpUrl[Parsing: <a:	 foo.com> against <http://example.org/foo/bar>] [okhttp3.WebPlatformUrlTest] with result: SUCCESS
Executing test httpUrl[Parsing: <http://f:21/ b ? d # e > against <http://example.org/foo/bar>] [okhttp3.WebPlatformUrlTest] with result: SUCCESS
Executing test httpUrl[Parsing: <http://f:/c> against <http://example.org/foo/bar>] [okhttp3.WebPlatformUrlTest] with result: SUCCESS
Executing test httpUrl[Parsing: <http://f:0/c> against <http://example.org/foo/bar>] [okhttp3.WebPlatformUrlTest] with result: SUCCESS
Executing test httpUrl[Parsing: <http://f:00000000000000/c> against <http://example.org/foo/bar>] [okhttp3.WebPlatformUrlTest] with result: SUCCESS
Executing test httpUrl[Parsing: <http://f:00000000000000000000080/c> against <http://example.org/foo/bar>] [okhttp3.WebPlatformUrlTest] with result: SUCCESS
Executing test httpUrl[Parsing: <http://f:b/c> against <http://example.org/foo/bar>] [okhttp3.WebPlatformUrlTest] with result: SUCCESS
Executing test httpUrl[Parsing: <http://f: /c> against <http://example.org/foo/bar>] [okhttp3.WebPlatformUrlTest] with result: SUCCESS
/c> against <http://example.org/foo/bar>] [okhttp3.WebPlatformUrlTest] with result: SUCCESS
Executing test httpUrl[Parsing: <http://f:fifty-two/c> against <http://example.org/foo/bar>] [okhttp3.WebPlatformUrlTest] with result: SUCCESS
Executing test httpUrl[Parsing: <http://f:999999/c> against <http://example.org/foo/bar>] [okhttp3.WebPlatformUrlTest] with result: SUCCESS
Executing test httpUrl[Parsing: <http://f: 21 / b ? d # e > against <http://example.org/foo/bar>] [okhttp3.WebPlatformUrlTest] with result: SUCCESS
Executing test httpUrl[Parsing: <> against <http://example.org/foo/bar>] [okhttp3.WebPlatformUrlTest] with result: SUCCESS
Executing test httpUrl[Parsing: <  	> against <http://example.org/foo/bar>] [okhttp3.WebPlatformUrlTest] with result: SUCCESS
Executing test httpUrl[Parsing: <:foo.com/> against <http://example.org/foo/bar>] [okhttp3.WebPlatformUrlTest] with result: SUCCESS
Executing test httpUrl[Parsing: <:foo.com\> against <http://example.org/foo/bar>] [okhttp3.WebPlatformUrlTest] with result: SUCCESS
Executing test httpUrl[Parsing: <:> against <http://example.org/foo/bar>] [okhttp3.WebPlatformUrlTest] with result: SUCCESS
Executing test httpUrl[Parsing: <:a> against <http://example.org/foo/bar>] [okhttp3.WebPlatformUrlTest] with result: SUCCESS
Executing test httpUrl[Parsing: <:/> against <http://example.org/foo/bar>] [okhttp3.WebPlatformUrlTest] with result: SUCCESS
Executing test httpUrl[Parsing: <:\> against <http://example.org/foo/bar>] [okhttp3.WebPlatformUrlTest] with result: SUCCESS
Executing test httpUrl[Parsing: <:#> against <http://example.org/foo/bar>] [okhttp3.WebPlatformUrlTest] with result: SUCCESS
Executing test httpUrl[Parsing: <#> against <http://example.org/foo/bar>] [okhttp3.WebPlatformUrlTest] with result: SUCCESS
Executing test httpUrl[Parsing: <#/> against <http://example.org/foo/bar>] [okhttp3.WebPlatformUrlTest] with result: SUCCESS
Executing test httpUrl[Parsing: <#\> against <http://example.org/foo/bar>] [okhttp3.WebPlatformUrlTest] with result: SUCCESS
Executing test httpUrl[Parsing: <#;?> against <http://example.org/foo/bar>] [okhttp3.WebPlatformUrlTest] with result: SUCCESS
Executing test httpUrl[Parsing: <?> against <http://example.org/foo/bar>] [okhttp3.WebPlatformUrlTest] with result: SUCCESS
Executing test httpUrl[Parsing: </> against <http://example.org/foo/bar>] [okhttp3.WebPlatformUrlTest] with result: SUCCESS
Executing test httpUrl[Parsing: <:23> against <http://example.org/foo/bar>] [okhttp3.WebPlatformUrlTest] with result: SUCCESS
Executing test httpUrl[Parsing: </:23> against <http://example.org/foo/bar>] [okhttp3.WebPlatformUrlTest] with result: SUCCESS
Executing test httpUrl[Parsing: <::> against <http://example.org/foo/bar>] [okhttp3.WebPlatformUrlTest] with result: SUCCESS
Executing test httpUrl[Parsing: <::23> against <http://example.org/foo/bar>] [okhttp3.WebPlatformUrlTest] with result: SUCCESS
Executing test httpUrl[Parsing: <foo://> against <http://example.org/foo/bar>] [okhttp3.WebPlatformUrlTest] with result: SUCCESS
Executing test httpUrl[Parsing: <http://a:b@c:29/d> against <http://example.org/foo/bar>] [okhttp3.WebPlatformUrlTest] with result: SUCCESS
Executing test httpUrl[Parsing: <http::@c:29> against <http://example.org/foo/bar>] [okhttp3.WebPlatformUrlTest] with result: SUCCESS
Executing test httpUrl[Parsing: <http://&a:foo(b]c@d:2/> against <http://example.org/foo/bar>] [okhttp3.WebPlatformUrlTest] with result: SUCCESS
Executing test httpUrl[Parsing: <http://::@c@d:2> against <http://example.org/foo/bar>] [okhttp3.WebPlatformUrlTest] with result: SUCCESS
Executing test httpUrl[Parsing: <http://foo.com:b@d/> against <http://example.org/foo/bar>] [okhttp3.WebPlatformUrlTest] with result: SUCCESS
Executing test httpUrl[Parsing: <http://foo.com/\@> against <http://example.org/foo/bar>] [okhttp3.WebPlatformUrlTest] with result: SUCCESS
Executing test httpUrl[Parsing: <http:\\foo.com\> against <http://example.org/foo/bar>] [okhttp3.WebPlatformUrlTest] with result: SUCCESS
Executing test httpUrl[Parsing: <http:\\a\b:c\d@foo.com\> against <http://example.org/foo/bar>] [okhttp3.WebPlatformUrlTest] with result: SUCCESS
Executing test httpUrl[Parsing: <foo:/> against <http://example.org/foo/bar>] [okhttp3.WebPlatformUrlTest] with result: SUCCESS
Executing test httpUrl[Parsing: <foo:/bar.com/> against <http://example.org/foo/bar>] [okhttp3.WebPlatformUrlTest] with result: SUCCESS
Executing test httpUrl[Parsing: <foo://///////> against <http://example.org/foo/bar>] [okhttp3.WebPlatformUrlTest] with result: SUCCESS
Executing test httpUrl[Parsing: <foo://///////bar.com/> against <http://example.org/foo/bar>] [okhttp3.WebPlatformUrlTest] with result: SUCCESS
Executing test httpUrl[Parsing: <foo:////://///> against <http://example.org/foo/bar>] [okhttp3.WebPlatformUrlTest] with result: SUCCESS
Executing test httpUrl[Parsing: <c:/foo> against <http://example.org/foo/bar>] [okhttp3.WebPlatformUrlTest] with result: SUCCESS
Executing test httpUrl[Parsing: <//foo/bar> against <http://example.org/foo/bar>] [okhttp3.WebPlatformUrlTest] with result: SUCCESS
Executing test httpUrl[Parsing: <http://foo/path;a??e#f#g> against <http://example.org/foo/bar>] [okhttp3.WebPlatformUrlTest] with result: SUCCESS
Executing test httpUrl[Parsing: <http://foo/abcd?efgh?ijkl> against <http://example.org/foo/bar>] [okhttp3.WebPlatformUrlTest] with result: SUCCESS
Executing test httpUrl[Parsing: <http://foo/abcd#foo?bar> against <http://example.org/foo/bar>] [okhttp3.WebPlatformUrlTest] with result: SUCCESS
Executing test httpUrl[Parsing: <[61:24:74]:98> against <http://example.org/foo/bar>] [okhttp3.WebPlatformUrlTest] with result: SUCCESS
Executing test httpUrl[Parsing: <http:[61:27]/:foo> against <http://example.org/foo/bar>] [okhttp3.WebPlatformUrlTest] with result: SUCCESS
Executing test httpUrl[Parsing: <http://[1::2]:3:4> against <http://example.org/foo/bar>] [okhttp3.WebPlatformUrlTest] with result: SUCCESS
Executing test httpUrl[Parsing: <http://2001::1> against <http://example.org/foo/bar>] [okhttp3.WebPlatformUrlTest] with result: SUCCESS
Executing test httpUrl[Parsing: <http://2001::1]> against <http://example.org/foo/bar>] [okhttp3.WebPlatformUrlTest] with result: SUCCESS
Executing test httpUrl[Parsing: <http://2001::1]:80> against <http://example.org/foo/bar>] [okhttp3.WebPlatformUrlTest] with result: SUCCESS
Executing test httpUrl[Parsing: <http://[2001::1]> against <http://example.org/foo/bar>] [okhttp3.WebPlatformUrlTest] with result: SUCCESS
Executing test httpUrl[Parsing: <http://[2001::1]:80> against <http://example.org/foo/bar>] [okhttp3.WebPlatformUrlTest] with result: SUCCESS
Executing test httpUrl[Parsing: <http:/example.com/> against <http://example.org/foo/bar>] [okhttp3.WebPlatformUrlTest] with result: SUCCESS
Executing test httpUrl[Parsing: <ftp:/example.com/> against <http://example.org/foo/bar>] [okhttp3.WebPlatformUrlTest] with result: SUCCESS
Executing test httpUrl[Parsing: <https:/example.com/> against <http://example.org/foo/bar>] [okhttp3.WebPlatformUrlTest] with result: SUCCESS
Executing test httpUrl[Parsing: <madeupscheme:/example.com/> against <http://example.org/foo/bar>] [okhttp3.WebPlatformUrlTest] with result: SUCCESS
Executing test httpUrl[Parsing: <file:/example.com/> against <http://example.org/foo/bar>] [okhttp3.WebPlatformUrlTest] with result: SUCCESS
Executing test httpUrl[Parsing: <ftps:/example.com/> against <http://example.org/foo/bar>] [okhttp3.WebPlatformUrlTest] with result: SUCCESS
Executing test httpUrl[Parsing: <gopher:/example.com/> against <http://example.org/foo/bar>] [okhttp3.WebPlatformUrlTest] with result: SUCCESS
Executing test httpUrl[Parsing: <ws:/example.com/> against <http://example.org/foo/bar>] [okhttp3.WebPlatformUrlTest] with result: SUCCESS
Executing test httpUrl[Parsing: <wss:/example.com/> against <http://example.org/foo/bar>] [okhttp3.WebPlatformUrlTest] with result: SUCCESS
Executing test httpUrl[Parsing: <data:/example.com/> against <http://example.org/foo/bar>] [okhttp3.WebPlatformUrlTest] with result: SUCCESS
Executing test httpUrl[Parsing: <javascript:/example.com/> against <http://example.org/foo/bar>] [okhttp3.WebPlatformUrlTest] with result: SUCCESS
Executing test httpUrl[Parsing: <mailto:/example.com/> against <http://example.org/foo/bar>] [okhttp3.WebPlatformUrlTest] with result: SUCCESS
Executing test httpUrl[Parsing: <http:example.com/> against <http://example.org/foo/bar>] [okhttp3.WebPlatformUrlTest] with result: SUCCESS
Executing test httpUrl[Parsing: <ftp:example.com/> against <http://example.org/foo/bar>] [okhttp3.WebPlatformUrlTest] with result: SUCCESS
Executing test httpUrl[Parsing: <https:example.com/> against <http://example.org/foo/bar>] [okhttp3.WebPlatformUrlTest] with result: SUCCESS
Executing test httpUrl[Parsing: <madeupscheme:example.com/> against <http://example.org/foo/bar>] [okhttp3.WebPlatformUrlTest] with result: SUCCESS
Executing test httpUrl[Parsing: <ftps:example.com/> against <http://example.org/foo/bar>] [okhttp3.WebPlatformUrlTest] with result: SUCCESS
Executing test httpUrl[Parsing: <gopher:example.com/> against <http://example.org/foo/bar>] [okhttp3.WebPlatformUrlTest] with result: SUCCESS
Executing test httpUrl[Parsing: <ws:example.com/> against <http://example.org/foo/bar>] [okhttp3.WebPlatformUrlTest] with result: SUCCESS
Executing test httpUrl[Parsing: <wss:example.com/> against <http://example.org/foo/bar>] [okhttp3.WebPlatformUrlTest] with result: SUCCESS
Executing test httpUrl[Parsing: <data:example.com/> against <http://example.org/foo/bar>] [okhttp3.WebPlatformUrlTest] with result: SUCCESS
Executing test httpUrl[Parsing: <javascript:example.com/> against <http://example.org/foo/bar>] [okhttp3.WebPlatformUrlTest] with result: SUCCESS
Executing test httpUrl[Parsing: <mailto:example.com/> against <http://example.org/foo/bar>] [okhttp3.WebPlatformUrlTest] with result: SUCCESS
Executing test httpUrl[Parsing: </a/b/c> against <http://example.org/foo/bar>] [okhttp3.WebPlatformUrlTest] with result: SUCCESS
Executing test httpUrl[Parsing: </a/ /c> against <http://example.org/foo/bar>] [okhttp3.WebPlatformUrlTest] with result: SUCCESS
Executing test httpUrl[Parsing: </a%2fc> against <http://example.org/foo/bar>] [okhttp3.WebPlatformUrlTest] with result: SUCCESS
Executing test httpUrl[Parsing: </a/%2f/c> against <http://example.org/foo/bar>] [okhttp3.WebPlatformUrlTest] with result: SUCCESS
Executing test httpUrl[Parsing: <#β> against <http://example.org/foo/bar>] [okhttp3.WebPlatformUrlTest] with result: SUCCESS
Executing test httpUrl[Parsing: <data:text/html,test#test> against <http://example.org/foo/bar>] [okhttp3.WebPlatformUrlTest] with result: SUCCESS
Executing test httpUrl[Parsing: <file:c:\foo\bar.html> against <file:///tmp/mock/path>] [okhttp3.WebPlatformUrlTest] with result: SUCCESS
Executing test httpUrl[Parsing: <  File:c|////foo\bar.html> against <file:///tmp/mock/path>] [okhttp3.WebPlatformUrlTest] with result: SUCCESS
Executing test httpUrl[Parsing: <C|/foo/bar> against <file:///tmp/mock/path>] [okhttp3.WebPlatformUrlTest] with result: SUCCESS
Executing test httpUrl[Parsing: </C|\foo\bar> against <file:///tmp/mock/path>] [okhttp3.WebPlatformUrlTest] with result: SUCCESS
Executing test httpUrl[Parsing: <//C|/foo/bar> against <file:///tmp/mock/path>] [okhttp3.WebPlatformUrlTest] with result: SUCCESS
Executing test httpUrl[Parsing: <//server/file> against <file:///tmp/mock/path>] [okhttp3.WebPlatformUrlTest] with result: SUCCESS
Executing test httpUrl[Parsing: <\\server\file> against <file:///tmp/mock/path>] [okhttp3.WebPlatformUrlTest] with result: SUCCESS
Executing test httpUrl[Parsing: </\server/file> against <file:///tmp/mock/path>] [okhttp3.WebPlatformUrlTest] with result: SUCCESS
Executing test httpUrl[Parsing: <file:///foo/bar.txt> against <file:///tmp/mock/path>] [okhttp3.WebPlatformUrlTest] with result: SUCCESS
Executing test httpUrl[Parsing: <file:///home/me> against <file:///tmp/mock/path>] [okhttp3.WebPlatformUrlTest] with result: SUCCESS
Executing test httpUrl[Parsing: <//> against <file:///tmp/mock/path>] [okhttp3.WebPlatformUrlTest] with result: SUCCESS
Executing test httpUrl[Parsing: <///> against <file:///tmp/mock/path>] [okhttp3.WebPlatformUrlTest] with result: SUCCESS
Executing test httpUrl[Parsing: <///test> against <file:///tmp/mock/path>] [okhttp3.WebPlatformUrlTest] with result: SUCCESS
Executing test httpUrl[Parsing: <file://test> against <file:///tmp/mock/path>] [okhttp3.WebPlatformUrlTest] with result: SUCCESS
Executing test httpUrl[Parsing: <file://localhost> against <file:///tmp/mock/path>] [okhttp3.WebPlatformUrlTest] with result: SUCCESS
Executing test httpUrl[Parsing: <file://localhost/> against <file:///tmp/mock/path>] [okhttp3.WebPlatformUrlTest] with result: SUCCESS
Executing test httpUrl[Parsing: <file://localhost/test> against <file:///tmp/mock/path>] [okhttp3.WebPlatformUrlTest] with result: SUCCESS
Executing test httpUrl[Parsing: <test> against <file:///tmp/mock/path>] [okhttp3.WebPlatformUrlTest] with result: SUCCESS
Executing test httpUrl[Parsing: <file:test> against <file:///tmp/mock/path>] [okhttp3.WebPlatformUrlTest] with result: SUCCESS
Executing test httpUrl[Parsing: <http://example.com/././foo> against <about:blank>] [okhttp3.WebPlatformUrlTest] with result: SUCCESS
Executing test httpUrl[Parsing: <http://example.com/./.foo> against <about:blank>] [okhttp3.WebPlatformUrlTest] with result: SUCCESS
Executing test httpUrl[Parsing: <http://example.com/foo/.> against <about:blank>] [okhttp3.WebPlatformUrlTest] with result: SUCCESS
Executing test httpUrl[Parsing: <http://example.com/foo/./> against <about:blank>] [okhttp3.WebPlatformUrlTest] with result: SUCCESS
Executing test httpUrl[Parsing: <http://example.com/foo/bar/..> against <about:blank>] [okhttp3.WebPlatformUrlTest] with result: SUCCESS
Executing test httpUrl[Parsing: <http://example.com/foo/bar/../> against <about:blank>] [okhttp3.WebPlatformUrlTest] with result: SUCCESS
Executing test httpUrl[Parsing: <http://example.com/foo/..bar> against <about:blank>] [okhttp3.WebPlatformUrlTest] with result: SUCCESS
Executing test httpUrl[Parsing: <http://example.com/foo/bar/../ton> against <about:blank>] [okhttp3.WebPlatformUrlTest] with result: SUCCESS
Executing test httpUrl[Parsing: <http://example.com/foo/bar/../ton/../../a> against <about:blank>] [okhttp3.WebPlatformUrlTest] with result: SUCCESS
Executing test httpUrl[Parsing: <http://example.com/foo/../../..> against <about:blank>] [okhttp3.WebPlatformUrlTest] with result: SUCCESS
Executing test httpUrl[Parsing: <http://example.com/foo/../../../ton> against <about:blank>] [okhttp3.WebPlatformUrlTest] with result: SUCCESS
Executing test httpUrl[Parsing: <http://example.com/foo/%2e> against <about:blank>] [okhttp3.WebPlatformUrlTest] with result: SUCCESS
Executing test httpUrl[Parsing: <http://example.com/foo/%2e%2> against <about:blank>] [okhttp3.WebPlatformUrlTest] with result: SUCCESS
Executing test httpUrl[Parsing: <http://example.com/foo/%2e./%2e%2e/.%2e/%2e.bar> against <about:blank>] [okhttp3.WebPlatformUrlTest] with result: SUCCESS
Executing test httpUrl[Parsing: <http://example.com////../..> against <about:blank>] [okhttp3.WebPlatformUrlTest] with result: SUCCESS
Executing test httpUrl[Parsing: <http://example.com/foo/bar//../..> against <about:blank>] [okhttp3.WebPlatformUrlTest] with result: SUCCESS
Executing test httpUrl[Parsing: <http://example.com/foo/bar//..> against <about:blank>] [okhttp3.WebPlatformUrlTest] with result: SUCCESS
Executing test httpUrl[Parsing: <http://example.com/foo> against <about:blank>] [okhttp3.WebPlatformUrlTest] with result: SUCCESS
Executing test httpUrl[Parsing: <http://example.com/%20foo> against <about:blank>] [okhttp3.WebPlatformUrlTest] with result: SUCCESS
Executing test httpUrl[Parsing: <http://example.com/foo%> against <about:blank>] [okhttp3.WebPlatformUrlTest] with result: SUCCESS
Executing test httpUrl[Parsing: <http://example.com/foo%2> against <about:blank>] [okhttp3.WebPlatformUrlTest] with result: SUCCESS
Executing test httpUrl[Parsing: <http://example.com/foo%2zbar> against <about:blank>] [okhttp3.WebPlatformUrlTest] with result: SUCCESS
Executing test httpUrl[Parsing: <http://example.com/foo%2Â©zbar> against <about:blank>] [okhttp3.WebPlatformUrlTest] with result: SUCCESS
Executing test httpUrl[Parsing: <http://example.com/foo%41%7a> against <about:blank>] [okhttp3.WebPlatformUrlTest] with result: SUCCESS
Executing test httpUrl[Parsing: <http://example.com/foo	%91> against <about:blank>] [okhttp3.WebPlatformUrlTest] with result: SUCCESS
Executing test httpUrl[Parsing: <http://example.com/foo%00%51> against <about:blank>] [okhttp3.WebPlatformUrlTest] with result: SUCCESS
Executing test httpUrl[Parsing: <http://example.com/(%28:%3A%29)> against <about:blank>] [okhttp3.WebPlatformUrlTest] with result: SUCCESS
Executing test httpUrl[Parsing: <http://example.com/%3A%3a%3C%3c> against <about:blank>] [okhttp3.WebPlatformUrlTest] with result: SUCCESS
Executing test httpUrl[Parsing: <http://example.com/foo	bar> against <about:blank>] [okhttp3.WebPlatformUrlTest] with result: SUCCESS
Executing test httpUrl[Parsing: <http://example.com\\foo\\bar> against <about:blank>] [okhttp3.WebPlatformUrlTest] with result: SUCCESS
Executing test httpUrl[Parsing: <http://example.com/%7Ffp3%3Eju%3Dduvgw%3Dd> against <about:blank>] [okhttp3.WebPlatformUrlTest] with result: SUCCESS
Executing test httpUrl[Parsing: <http://example.com/@asdf%40> against <about:blank>] [okhttp3.WebPlatformUrlTest] with result: SUCCESS
Executing test httpUrl[Parsing: <http://example.com/你好你好> against <about:blank>] [okhttp3.WebPlatformUrlTest] with result: SUCCESS
Executing test httpUrl[Parsing: <http://example.com/‥/foo> against <about:blank>] [okhttp3.WebPlatformUrlTest] with result: SUCCESS
Executing test httpUrl[Parsing: <http://example.com/﻿/foo> against <about:blank>] [okhttp3.WebPlatformUrlTest] with result: SUCCESS
Executing test httpUrl[Parsing: <http://example.com/‮/foo/‭/bar> against <about:blank>] [okhttp3.WebPlatformUrlTest] with result: SUCCESS
Executing test httpUrl[Parsing: <http://www.google.com/foo?bar=baz#> against <about:blank>] [okhttp3.WebPlatformUrlTest] with result: SUCCESS
Executing test httpUrl[Parsing: <http://www.google.com/foo?bar=baz# »> against <about:blank>] [okhttp3.WebPlatformUrlTest] with result: SUCCESS
Executing test httpUrl[Parsing: <data:test# »> against <about:blank>] [okhttp3.WebPlatformUrlTest] with result: SUCCESS
Executing test httpUrl[Parsing: <http://[www.google.com]/> against <about:blank>] [okhttp3.WebPlatformUrlTest] with result: SUCCESS
Executing test httpUrl[Parsing: <http://www.google.com> against <about:blank>] [okhttp3.WebPlatformUrlTest] with result: SUCCESS
Executing test httpUrl[Parsing: <http://192.0x00A80001> against <about:blank>] [okhttp3.WebPlatformUrlTest] with result: SUCCESS
Executing test httpUrl[Parsing: <http://www/foo%2Ehtml> against <about:blank>] [okhttp3.WebPlatformUrlTest] with result: SUCCESS
Executing test httpUrl[Parsing: <http://www/foo/%2E/html> against <about:blank>] [okhttp3.WebPlatformUrlTest] with result: SUCCESS
Executing test httpUrl[Parsing: <http://user:pass@/> against <about:blank>] [okhttp3.WebPlatformUrlTest] with result: SUCCESS
Executing test httpUrl[Parsing: <http://%25DOMAIN:foobar@foodomain.com/> against <about:blank>] [okhttp3.WebPlatformUrlTest] with result: SUCCESS
Executing test httpUrl[Parsing: <http:\\www.google.com\foo> against <about:blank>] [okhttp3.WebPlatformUrlTest] with result: SUCCESS
Executing test httpUrl[Parsing: <http://foo:80/> against <about:blank>] [okhttp3.WebPlatformUrlTest] with result: SUCCESS
Executing test httpUrl[Parsing: <http://foo:81/> against <about:blank>] [okhttp3.WebPlatformUrlTest] with result: SUCCESS
Executing test httpUrl[Parsing: <httpa://foo:80/> against <about:blank>] [okhttp3.WebPlatformUrlTest] with result: SUCCESS
Executing test httpUrl[Parsing: <http://foo:-80/> against <about:blank>] [okhttp3.WebPlatformUrlTest] with result: SUCCESS
Executing test httpUrl[Parsing: <https://foo:443/> against <about:blank>] [okhttp3.WebPlatformUrlTest] with result: SUCCESS
Executing test httpUrl[Parsing: <https://foo:80/> against <about:blank>] [okhttp3.WebPlatformUrlTest] with result: SUCCESS
Executing test httpUrl[Parsing: <ftp://foo:21/> against <about:blank>] [okhttp3.WebPlatformUrlTest] with result: SUCCESS
Executing test httpUrl[Parsing: <ftp://foo:80/> against <about:blank>] [okhttp3.WebPlatformUrlTest] with result: SUCCESS
Executing test httpUrl[Parsing: <gopher://foo:70/> against <about:blank>] [okhttp3.WebPlatformUrlTest] with result: SUCCESS
Executing test httpUrl[Parsing: <gopher://foo:443/> against <about:blank>] [okhttp3.WebPlatformUrlTest] with result: SUCCESS
Executing test httpUrl[Parsing: <ws://foo:80/> against <about:blank>] [okhttp3.WebPlatformUrlTest] with result: SUCCESS
Executing test httpUrl[Parsing: <ws://foo:81/> against <about:blank>] [okhttp3.WebPlatformUrlTest] with result: SUCCESS
Executing test httpUrl[Parsing: <ws://foo:443/> against <about:blank>] [okhttp3.WebPlatformUrlTest] with result: SUCCESS
Executing test httpUrl[Parsing: <ws://foo:815/> against <about:blank>] [okhttp3.WebPlatformUrlTest] with result: SUCCESS
Executing test httpUrl[Parsing: <wss://foo:80/> against <about:blank>] [okhttp3.WebPlatformUrlTest] with result: SUCCESS
Executing test httpUrl[Parsing: <wss://foo:81/> against <about:blank>] [okhttp3.WebPlatformUrlTest] with result: SUCCESS
Executing test httpUrl[Parsing: <wss://foo:443/> against <about:blank>] [okhttp3.WebPlatformUrlTest] with result: SUCCESS
Executing test httpUrl[Parsing: <wss://foo:815/> against <about:blank>] [okhttp3.WebPlatformUrlTest] with result: SUCCESS
Executing test httpUrl[Parsing: <http:/example.com/> against <about:blank>] [okhttp3.WebPlatformUrlTest] with result: SUCCESS
Executing test httpUrl[Parsing: <ftp:/example.com/> against <about:blank>] [okhttp3.WebPlatformUrlTest] with result: SUCCESS
Executing test httpUrl[Parsing: <https:/example.com/> against <about:blank>] [okhttp3.WebPlatformUrlTest] with result: SUCCESS
Executing test httpUrl[Parsing: <madeupscheme:/example.com/> against <about:blank>] [okhttp3.WebPlatformUrlTest] with result: SUCCESS
Executing test httpUrl[Parsing: <file:/example.com/> against <about:blank>] [okhttp3.WebPlatformUrlTest] with result: SUCCESS
Executing test httpUrl[Parsing: <ftps:/example.com/> against <about:blank>] [okhttp3.WebPlatformUrlTest] with result: SUCCESS
Executing test httpUrl[Parsing: <gopher:/example.com/> against <about:blank>] [okhttp3.WebPlatformUrlTest] with result: SUCCESS
Executing test httpUrl[Parsing: <ws:/example.com/> against <about:blank>] [okhttp3.WebPlatformUrlTest] with result: SUCCESS
Executing test httpUrl[Parsing: <wss:/example.com/> against <about:blank>] [okhttp3.WebPlatformUrlTest] with result: SUCCESS
Executing test httpUrl[Parsing: <data:/example.com/> against <about:blank>] [okhttp3.WebPlatformUrlTest] with result: SUCCESS
Executing test httpUrl[Parsing: <javascript:/example.com/> against <about:blank>] [okhttp3.WebPlatformUrlTest] with result: SUCCESS
Executing test httpUrl[Parsing: <mailto:/example.com/> against <about:blank>] [okhttp3.WebPlatformUrlTest] with result: SUCCESS
Executing test httpUrl[Parsing: <http:example.com/> against <about:blank>] [okhttp3.WebPlatformUrlTest] with result: SUCCESS
Executing test httpUrl[Parsing: <ftp:example.com/> against <about:blank>] [okhttp3.WebPlatformUrlTest] with result: SUCCESS
Executing test httpUrl[Parsing: <https:example.com/> against <about:blank>] [okhttp3.WebPlatformUrlTest] with result: SUCCESS
Executing test httpUrl[Parsing: <madeupscheme:example.com/> against <about:blank>] [okhttp3.WebPlatformUrlTest] with result: SUCCESS
Executing test httpUrl[Parsing: <ftps:example.com/> against <about:blank>] [okhttp3.WebPlatformUrlTest] with result: SUCCESS
Executing test httpUrl[Parsing: <gopher:example.com/> against <about:blank>] [okhttp3.WebPlatformUrlTest] with result: SUCCESS
Executing test httpUrl[Parsing: <ws:example.com/> against <about:blank>] [okhttp3.WebPlatformUrlTest] with result: SUCCESS
Executing test httpUrl[Parsing: <wss:example.com/> against <about:blank>] [okhttp3.WebPlatformUrlTest] with result: SUCCESS
Executing test httpUrl[Parsing: <data:example.com/> against <about:blank>] [okhttp3.WebPlatformUrlTest] with result: SUCCESS
Executing test httpUrl[Parsing: <javascript:example.com/> against <about:blank>] [okhttp3.WebPlatformUrlTest] with result: SUCCESS
Executing test httpUrl[Parsing: <mailto:example.com/> against <about:blank>] [okhttp3.WebPlatformUrlTest] with result: SUCCESS
Executing test httpUrl[Parsing: <http:@www.example.com> against <about:blank>] [okhttp3.WebPlatformUrlTest] with result: SUCCESS
Executing test httpUrl[Parsing: <http:/@www.example.com> against <about:blank>] [okhttp3.WebPlatformUrlTest] with result: SUCCESS
Executing test httpUrl[Parsing: <http://@www.example.com> against <about:blank>] [okhttp3.WebPlatformUrlTest] with result: SUCCESS
Executing test httpUrl[Parsing: <http:a:b@www.example.com> against <about:blank>] [okhttp3.WebPlatformUrlTest] with result: SUCCESS
Executing test httpUrl[Parsing: <http:/a:b@www.example.com> against <about:blank>] [okhttp3.WebPlatformUrlTest] with result: SUCCESS
Executing test httpUrl[Parsing: <http://a:b@www.example.com> against <about:blank>] [okhttp3.WebPlatformUrlTest] with result: SUCCESS
Executing test httpUrl[Parsing: <http://@pple.com> against <about:blank>] [okhttp3.WebPlatformUrlTest] with result: SUCCESS
Executing test httpUrl[Parsing: <http::b@www.example.com> against <about:blank>] [okhttp3.WebPlatformUrlTest] with result: SUCCESS
Executing test httpUrl[Parsing: <http:/:b@www.example.com> against <about:blank>] [okhttp3.WebPlatformUrlTest] with result: SUCCESS
Executing test httpUrl[Parsing: <http://:b@www.example.com> against <about:blank>] [okhttp3.WebPlatformUrlTest] with result: SUCCESS
Executing test httpUrl[Parsing: <http:/:@/www.example.com> against <about:blank>] [okhttp3.WebPlatformUrlTest] with result: SUCCESS
Executing test httpUrl[Parsing: <http://user@/www.example.com> against <about:blank>] [okhttp3.WebPlatformUrlTest] with result: SUCCESS
Executing test httpUrl[Parsing: <http:@/www.example.com> against <about:blank>] [okhttp3.WebPlatformUrlTest] with result: SUCCESS
Executing test httpUrl[Parsing: <http:/@/www.example.com> against <about:blank>] [okhttp3.WebPlatformUrlTest] with result: SUCCESS
Executing test httpUrl[Parsing: <http://@/www.example.com> against <about:blank>] [okhttp3.WebPlatformUrlTest] with result: SUCCESS
Executing test httpUrl[Parsing: <https:@/www.example.com> against <about:blank>] [okhttp3.WebPlatformUrlTest] with result: SUCCESS
Executing test httpUrl[Parsing: <http:a:b@/www.example.com> against <about:blank>] [okhttp3.WebPlatformUrlTest] with result: SUCCESS
Executing test httpUrl[Parsing: <http:/a:b@/www.example.com> against <about:blank>] [okhttp3.WebPlatformUrlTest] with result: SUCCESS
Executing test httpUrl[Parsing: <http://a:b@/www.example.com> against <about:blank>] [okhttp3.WebPlatformUrlTest] with result: SUCCESS
Executing test httpUrl[Parsing: <http::@/www.example.com> against <about:blank>] [okhttp3.WebPlatformUrlTest] with result: SUCCESS
Executing test httpUrl[Parsing: <http:a:@www.example.com> against <about:blank>] [okhttp3.WebPlatformUrlTest] with result: SUCCESS
Executing test httpUrl[Parsing: <http:/a:@www.example.com> against <about:blank>] [okhttp3.WebPlatformUrlTest] with result: SUCCESS
Executing test httpUrl[Parsing: <http://a:@www.example.com> against <about:blank>] [okhttp3.WebPlatformUrlTest] with result: SUCCESS
Executing test httpUrl[Parsing: <http://www.@pple.com> against <about:blank>] [okhttp3.WebPlatformUrlTest] with result: SUCCESS
Executing test httpUrl[Parsing: <http:@:www.example.com> against <about:blank>] [okhttp3.WebPlatformUrlTest] with result: SUCCESS
Executing test httpUrl[Parsing: <http:/@:www.example.com> against <about:blank>] [okhttp3.WebPlatformUrlTest] with result: SUCCESS
Executing test httpUrl[Parsing: <http://@:www.example.com> against <about:blank>] [okhttp3.WebPlatformUrlTest] with result: SUCCESS
Executing test httpUrl[Parsing: <http://:@www.example.com> against <about:blank>] [okhttp3.WebPlatformUrlTest] with result: SUCCESS
Executing test httpUrl[Parsing: </> against <http://www.example.com/test>] [okhttp3.WebPlatformUrlTest] with result: SUCCESS
Executing test httpUrl[Parsing: </test.txt> against <http://www.example.com/test>] [okhttp3.WebPlatformUrlTest] with result: SUCCESS
Executing test httpUrl[Parsing: <.> against <http://www.example.com/test>] [okhttp3.WebPlatformUrlTest] with result: SUCCESS
Executing test httpUrl[Parsing: <..> against <http://www.example.com/test>] [okhttp3.WebPlatformUrlTest] with result: SUCCESS
Executing test httpUrl[Parsing: <test.txt> against <http://www.example.com/test>] [okhttp3.WebPlatformUrlTest] with result: SUCCESS
Executing test httpUrl[Parsing: <./test.txt> against <http://www.example.com/test>] [okhttp3.WebPlatformUrlTest] with result: SUCCESS
Executing test httpUrl[Parsing: <../test.txt> against <http://www.example.com/test>] [okhttp3.WebPlatformUrlTest] with result: SUCCESS
Executing test httpUrl[Parsing: <../aaa/test.txt> against <http://www.example.com/test>] [okhttp3.WebPlatformUrlTest] with result: SUCCESS
Executing test httpUrl[Parsing: <../../test.txt> against <http://www.example.com/test>] [okhttp3.WebPlatformUrlTest] with result: SUCCESS
Executing test httpUrl[Parsing: <中/test.txt> against <http://www.example.com/test>] [okhttp3.WebPlatformUrlTest] with result: SUCCESS
Executing test httpUrl[Parsing: <http://www.example2.com> against <http://www.example.com/test>] [okhttp3.WebPlatformUrlTest] with result: SUCCESS
Executing test httpUrl[Parsing: <//www.example2.com> against <http://www.example.com/test>] [okhttp3.WebPlatformUrlTest] with result: SUCCESS
Executing test httpUrl[Parsing: <http://ExAmPlE.CoM> against <http://other.com/>] [okhttp3.WebPlatformUrlTest] with result: SUCCESS
Executing test httpUrl[Parsing: <http://example example.com> against <http://other.com/>] [okhttp3.WebPlatformUrlTest] with result: SUCCESS
Executing test httpUrl[Parsing: <http://Goo%20 goo%7C|.com> against <http://other.com/>] [okhttp3.WebPlatformUrlTest] with result: SUCCESS
Executing test canceledAfterResponseIsDeliveredBreaksStreamButSignalsOnce_HTTPS [okhttp3.CallTest] with result: SUCCESS
Executing test httpUrl[Parsing: <http://GOO 　goo.com> against <http://other.com/>] [okhttp3.WebPlatformUrlTest] with result: SUCCESS
Executing test httpUrl[Parsing: <http://GOO​⁠﻿goo.com> against <http://other.com/>] [okhttp3.WebPlatformUrlTest] with result: SUCCESS
Executing test httpUrl[Parsing: <http://www.foo。bar.com> against <http://other.com/>] [okhttp3.WebPlatformUrlTest] with result: SUCCESS
Executing test httpUrl[Parsing: <http://﷐zyx.com> against <http://other.com/>] [okhttp3.WebPlatformUrlTest] with result: SUCCESS
Executing test httpUrl[Parsing: <http://%ef%b7%90zyx.com> against <http://other.com/>] [okhttp3.WebPlatformUrlTest] with result: SUCCESS
Executing test httpUrl[Parsing: <http://Ｇｏ.com> against <http://other.com/>] [okhttp3.WebPlatformUrlTest] with result: SUCCESS
Executing test httpUrl[Parsing: <http://％４１.com> against <http://other.com/>] [okhttp3.WebPlatformUrlTest] with result: SUCCESS
Executing test httpUrl[Parsing: <http://%ef%bc%85%ef%bc%94%ef%bc%91.com> against <http://other.com/>] [okhttp3.WebPlatformUrlTest] with result: SUCCESS
Executing test httpUrl[Parsing: <http://％００.com> against <http://other.com/>] [okhttp3.WebPlatformUrlTest] with result: SUCCESS
Executing test httpUrl[Parsing: <http://%ef%bc%85%ef%bc%90%ef%bc%90.com> against <http://other.com/>] [okhttp3.WebPlatformUrlTest] with result: SUCCESS
Executing test httpUrl[Parsing: <http://你好你好> against <http://other.com/>] [okhttp3.WebPlatformUrlTest] with result: SUCCESS
Executing test httpUrl[Parsing: <http://%zz%66%a.com> against <http://other.com/>] [okhttp3.WebPlatformUrlTest] with result: SUCCESS
Executing test clientPingsServerOnInterval [okhttp3.internal.ws.WebSocketHttpTest] with result: SUCCESS
Executing test httpUrl[Parsing: <http://%25> against <http://other.com/>] [okhttp3.WebPlatformUrlTest] with result: SUCCESS
Executing test httpUrl[Parsing: <http://hello%00> against <http://other.com/>] [okhttp3.WebPlatformUrlTest] with result: SUCCESS
Executing test httpUrl[Parsing: <http://%30%78%63%30%2e%30%32%35%30.01> against <http://other.com/>] [okhttp3.WebPlatformUrlTest] with result: SUCCESS
Executing test httpUrl[Parsing: <http://%30%78%63%30%2e%30%32%35%30.01%2e> against <http://other.com/>] [okhttp3.WebPlatformUrlTest] with result: SUCCESS
Executing test httpUrl[Parsing: <http://192.168.0.257> against <http://other.com/>] [okhttp3.WebPlatformUrlTest] with result: SUCCESS
Executing test httpUrl[Parsing: <http://%3g%78%63%30%2e%30%32%35%30%2E.01> against <http://other.com/>] [okhttp3.WebPlatformUrlTest] with result: SUCCESS
Executing test httpUrl[Parsing: <http://192.168.0.1 hello> against <http://other.com/>] [okhttp3.WebPlatformUrlTest] with result: SUCCESS
Executing test httpUrl[Parsing: <http://０Ｘｃ０．０２５０．０１> against <http://other.com/>] [okhttp3.WebPlatformUrlTest] with result: SUCCESS
Executing test httpUrl[Parsing: <http://[google.com]> against <http://other.com/>] [okhttp3.WebPlatformUrlTest] with result: SUCCESS
Executing test httpUrl[Parsing: <http://foo:💩@example.com/bar> against <http://other.com/>] [okhttp3.WebPlatformUrlTest] with result: SUCCESS
Executing test httpUrl[Parsing: <x> against <test:test>] [okhttp3.WebPlatformUrlTest] with result: SUCCESS
Executing test peekShorterThanResponse [okhttp3.ResponseTest] with result: SUCCESS
Executing test peekAfterReadingResponse [okhttp3.ResponseTest] with result: SUCCESS
Executing test zeroStatusCodeIsValid [okhttp3.ResponseTest] with result: SUCCESS
Executing test peekLongerThanResponse [okhttp3.ResponseTest] with result: SUCCESS
Executing test negativeStatusCodeThrowsIllegalStateException [okhttp3.ResponseTest] with result: SUCCESS
Executing test eachPeakIsIndependent [okhttp3.ResponseTest] with result: SUCCESS
Executing test closeReasonMaximumLength [okhttp3.internal.ws.WebSocketHttpTest] with result: SUCCESS
Executing test nullCipherName [okhttp3.CipherSuiteTest] with result: SUCCESS
Executing test applyIntersectionAddsTlsScsvForFallback [okhttp3.CipherSuiteTest] with result: SUCCESS
Executing test javaName_equalsToString [okhttp3.CipherSuiteTest] with result: SUCCESS
Executing test equals [okhttp3.CipherSuiteTest] with result: SUCCESS
Executing test javaName_examples [okhttp3.CipherSuiteTest] with result: SUCCESS
Executing test applyIntersectionAddsSslScsvForFallback [okhttp3.CipherSuiteTest] with result: SUCCESS
Executing test forJavaName_fromLegacyEnumName [okhttp3.CipherSuiteTest] with result: SUCCESS
Executing test applyIntersectionRetainsTlsPrefixes [okhttp3.CipherSuiteTest] with result: SUCCESS
Executing test applyIntersectionRetainsSslPrefixes [okhttp3.CipherSuiteTest] with result: SUCCESS
Executing test forJavaName_acceptsArbitraryStrings [okhttp3.CipherSuiteTest] with result: SUCCESS
Executing test applyIntersectionToProtocolVersion [okhttp3.CipherSuiteTest] with result: SUCCESS
Executing test hashCode_usesIdentityHashCode_regularCase [okhttp3.CipherSuiteTest] with result: SUCCESS
Executing test hashCode_usesIdentityHashCode_legacyCase [okhttp3.CipherSuiteTest] with result: SUCCESS
Executing test instancesAreInterned_survivesGarbageCollection [okhttp3.CipherSuiteTest] with result: SUCCESS
Executing test instancesAreInterned [okhttp3.CipherSuiteTest] with result: SUCCESS
Executing test connectionSpecBuilder [okhttp3.KotlinSourceModernTest] with result: SKIPPED
Executing test httpLoggingInterceptorLevel [okhttp3.KotlinSourceModernTest] with result: SKIPPED
Executing test httpLoggingInterceptor [okhttp3.KotlinSourceModernTest] with result: SKIPPED
Executing test handshakeCertificates [okhttp3.KotlinSourceModernTest] with result: SKIPPED
Executing test interceptorChain [okhttp3.KotlinSourceModernTest] with result: SKIPPED
Executing test requestBuilder [okhttp3.KotlinSourceModernTest] with result: SKIPPED
Executing test webSocketListener [okhttp3.KotlinSourceModernTest] with result: SKIPPED
Executing test certificatePinner [okhttp3.KotlinSourceModernTest] with result: SKIPPED
Executing test multipartBody [okhttp3.KotlinSourceModernTest] with result: SKIPPED
Executing test multipartBodyPart [okhttp3.KotlinSourceModernTest] with result: SKIPPED
Executing test cookie [okhttp3.KotlinSourceModernTest] with result: SKIPPED
Executing test cacheControl [okhttp3.KotlinSourceModernTest] with result: SKIPPED
Executing test heldCertificateBuilder [okhttp3.KotlinSourceModernTest] with result: SKIPPED
Executing test dispatcher [okhttp3.KotlinSourceModernTest] with result: SKIPPED
Executing test address [okhttp3.KotlinSourceModernTest] with result: SKIPPED
Executing test webSocket [okhttp3.KotlinSourceModernTest] with result: SKIPPED
Executing test protocol [okhttp3.KotlinSourceModernTest] with result: SKIPPED
Executing test mockWebServer [okhttp3.KotlinSourceModernTest] with result: SKIPPED
Executing test connection [okhttp3.KotlinSourceModernTest] with result: SKIPPED
Executing test handshakeCertificatesBuilder [okhttp3.KotlinSourceModernTest] with result: SKIPPED
Executing test httpUrlBuilder [okhttp3.KotlinSourceModernTest] with result: SKIPPED
Executing test eventListener [okhttp3.KotlinSourceModernTest] with result: SKIPPED
Executing test pushPromise [okhttp3.KotlinSourceModernTest] with result: SKIPPED
Executing test response [okhttp3.KotlinSourceModernTest] with result: SKIPPED
Executing test cacheControlBuilder [okhttp3.KotlinSourceModernTest] with result: SKIPPED
Executing test callback [okhttp3.KotlinSourceModernTest] with result: SKIPPED
Executing test socketPolicy [okhttp3.KotlinSourceModernTest] with result: SKIPPED
Executing test multipartBodyBuilder [okhttp3.KotlinSourceModernTest] with result: SKIPPED
Executing test httpLoggingInterceptorLogger [okhttp3.KotlinSourceModernTest] with result: SKIPPED
Executing test formBodyBuilder [okhttp3.KotlinSourceModernTest] with result: SKIPPED
Executing test dns [okhttp3.KotlinSourceModernTest] with result: SKIPPED
Executing test call [okhttp3.KotlinSourceModernTest] with result: SKIPPED
Executing test handshake [okhttp3.KotlinSourceModernTest] with result: SKIPPED
Executing test cache [okhttp3.KotlinSourceModernTest] with result: SKIPPED
Executing test route [okhttp3.KotlinSourceModernTest] with result: SKIPPED
Executing test cookieJar [okhttp3.KotlinSourceModernTest] with result: SKIPPED
Executing test loggingEventListenerFactory [okhttp3.KotlinSourceModernTest] with result: SKIPPED
Executing test credentials [okhttp3.KotlinSourceModernTest] with result: SKIPPED
Executing test heldCertificate [okhttp3.KotlinSourceModernTest] with result: SKIPPED
Executing test dispatcherFromMockWebServer [okhttp3.KotlinSourceModernTest] with result: SKIPPED
Executing test okHttpClientBuilder [okhttp3.KotlinSourceModernTest] with result: SKIPPED
Executing test formBody [okhttp3.KotlinSourceModernTest] with result: SKIPPED
Executing test javaNetAuthenticator [okhttp3.KotlinSourceModernTest] with result: SKIPPED
Executing test okHttpClient [okhttp3.KotlinSourceModernTest] with result: SKIPPED
Executing test recordedRequest [okhttp3.KotlinSourceModernTest] with result: SKIPPED
Executing test headers [okhttp3.KotlinSourceModernTest] with result: SKIPPED
Executing test responseBuilder [okhttp3.KotlinSourceModernTest] with result: SKIPPED
Executing test mockResponse [okhttp3.KotlinSourceModernTest] with result: SKIPPED
Executing test javaNetCookieJar [okhttp3.KotlinSourceModernTest] with result: SKIPPED
Executing test certificatePinnerBuilder [okhttp3.KotlinSourceModernTest] with result: SKIPPED
Executing test request [okhttp3.KotlinSourceModernTest] with result: SKIPPED
Executing test requestBody [okhttp3.KotlinSourceModernTest] with result: SKIPPED
Executing test httpUrl [okhttp3.KotlinSourceModernTest] with result: SKIPPED
Executing test connectionPool [okhttp3.KotlinSourceModernTest] with result: SKIPPED
Executing test connectionSpec [okhttp3.KotlinSourceModernTest] with result: SKIPPED
Executing test testAddInterceptor [okhttp3.KotlinSourceModernTest] with result: SKIPPED
Executing test challenge [okhttp3.KotlinSourceModernTest] with result: SKIPPED
Executing test responseBody [okhttp3.KotlinSourceModernTest] with result: SKIPPED
Executing test tlsVersion [okhttp3.KotlinSourceModernTest] with result: SKIPPED
Executing test authenticator [okhttp3.KotlinSourceModernTest] with result: SKIPPED
Executing test queueDispatcher [okhttp3.KotlinSourceModernTest] with result: SKIPPED
Executing test interceptor [okhttp3.KotlinSourceModernTest] with result: SKIPPED
Executing test headersBuilder [okhttp3.KotlinSourceModernTest] with result: SKIPPED
Executing test eventListenerBuilder [okhttp3.KotlinSourceModernTest] with result: SKIPPED
Executing test cookieBuilder [okhttp3.KotlinSourceModernTest] with result: SKIPPED
Executing test cipherSuite [okhttp3.KotlinSourceModernTest] with result: SKIPPED
Executing test mediaType [okhttp3.KotlinSourceModernTest] with result: SKIPPED
Executing test loggingEventListener [okhttp3.KotlinSourceModernTest] with result: SKIPPED
Executing test format [okhttp3.internal.http.HttpDateTest] with result: SUCCESS
Executing test parseStandardFormats [okhttp3.internal.http.HttpDateTest] with result: SUCCESS
Executing test parseNonStandardStrings [okhttp3.internal.http.HttpDateTest] with result: SUCCESS
Executing test formatTime [okhttp3.internal.concurrent.TaskLoggerTest] with result: SUCCESS
Executing test httpLoggingInterceptor [okhttp3.KotlinDeprecationErrorTest] with result: SKIPPED
Executing test handshakeCertificates [okhttp3.KotlinDeprecationErrorTest] with result: SKIPPED
Executing test multipartBody [okhttp3.KotlinDeprecationErrorTest] with result: SKIPPED
Executing test multipartBodyPart [okhttp3.KotlinDeprecationErrorTest] with result: SKIPPED
Executing test cookie [okhttp3.KotlinDeprecationErrorTest] with result: SKIPPED
Executing test cacheControl [okhttp3.KotlinDeprecationErrorTest] with result: SKIPPED
Executing test address [okhttp3.KotlinDeprecationErrorTest] with result: SKIPPED
Executing test mockWebServer [okhttp3.KotlinDeprecationErrorTest] with result: SKIPPED
Executing test handshakeCertificatesBuilder [okhttp3.KotlinDeprecationErrorTest] with result: SKIPPED
Executing test pushPromise [okhttp3.KotlinDeprecationErrorTest] with result: SKIPPED
Executing test response [okhttp3.KotlinDeprecationErrorTest] with result: SKIPPED
Executing test handshake [okhttp3.KotlinDeprecationErrorTest] with result: SKIPPED
Executing test cache [okhttp3.KotlinDeprecationErrorTest] with result: SKIPPED
Executing test route [okhttp3.KotlinDeprecationErrorTest] with result: SKIPPED
Executing test heldCertificate [okhttp3.KotlinDeprecationErrorTest] with result: SKIPPED
Executing test formBody [okhttp3.KotlinDeprecationErrorTest] with result: SKIPPED
Executing test okHttpClient [okhttp3.KotlinDeprecationErrorTest] with result: SKIPPED
Executing test recordedRequest [okhttp3.KotlinDeprecationErrorTest] with result: SKIPPED
Executing test headers [okhttp3.KotlinDeprecationErrorTest] with result: SKIPPED
Executing test mockResponse [okhttp3.KotlinDeprecationErrorTest] with result: SKIPPED
Executing test request [okhttp3.KotlinDeprecationErrorTest] with result: SKIPPED
Executing test httpUrl [okhttp3.KotlinDeprecationErrorTest] with result: SKIPPED
Executing test connectionSpec [okhttp3.KotlinDeprecationErrorTest] with result: SKIPPED
Executing test challenge [okhttp3.KotlinDeprecationErrorTest] with result: SKIPPED
Executing test tlsVersion [okhttp3.KotlinDeprecationErrorTest] with result: SKIPPED
Executing test cipherSuite [okhttp3.KotlinDeprecationErrorTest] with result: SKIPPED
Executing test mediaType [okhttp3.KotlinDeprecationErrorTest] with result: SKIPPED
Executing test timeoutReadingResponseWithEnqueue [okhttp3.WholeOperationTimeoutTest] with result: SUCCESS
Executing test interceptorGetsHttp2 [okhttp3.CallTest] with result: SUCCESS
Executing test connectionPooling [okhttp3.CallTest] with result: SUCCESS
Executing test http205WithBodyDisallowed [okhttp3.CallTest] with result: SUCCESS
Executing test doesNotAttemptAuthorization21Times [okhttp3.CallTest] with result: SUCCESS
Executing test reusedSinksGetIndependentTimeoutInstances [okhttp3.CallTest] with result: SUCCESS
Executing test emptyResponseBody [okhttp3.CallTest] with result: SUCCESS
Executing test requestHeaderNameWithTabForbidden [okhttp3.CallTest] with result: SUCCESS
Executing test tlsTimeoutsNotRetried [okhttp3.CallTest] with result: SUCCESS
Executing test exceptionThrownByOnResponseIsRedactedAndLogged [okhttp3.CallTest] with result: SUCCESS
Executing test cleartextCallsFailWhenCleartextIsDisabled [okhttp3.CallTest] with result: SUCCESS
Executing test connectionPoolingWithFreshClientSamePool [okhttp3.CallTest] with result: SUCCESS
Executing test retryOnUnavailableWith0RetryAfter [okhttp3.CallTest] with result: SUCCESS
Executing test connectionReuseWhenResponseBodyConsumed_Async [okhttp3.CallTest] with result: SUCCESS
Executing test noTimeout [okhttp3.WholeOperationTimeoutTest] with result: SUCCESS
Executing test configureClientDefault [okhttp3.WholeOperationTimeoutTest] with result: SUCCESS
Executing test uploadBodySmallChunkedEncoding [okhttp3.CallTest] with result: SUCCESS
Executing test unspecifiedRequestBodyContentTypeDoesNotGetDefault [okhttp3.CallTest] with result: SUCCESS
Executing test delete [okhttp3.CallTest] with result: SUCCESS
Executing test readTimeoutDoesNotApplyAcrossFrames [okhttp3.internal.ws.WebSocketHttpTest] with result: SUCCESS
Executing test legalToExecuteTwiceCloning_Async [okhttp3.CallTest] with result: SUCCESS
Executing test webSocketsDontTriggerEventListener [okhttp3.internal.ws.WebSocketHttpTest] with result: SUCCESS
Executing test canceledBeforeIOSignalsOnFailure_HTTPS [okhttp3.CallTest] with result: SUCCESS
Executing test delete_HTTP_2 [okhttp3.CallTest] with result: SUCCESS
Executing test timeoutProcessingWithEnqueue [okhttp3.WholeOperationTimeoutTest] with result: SUCCESS
Executing test networkDropsOnConditionalGet [okhttp3.CallTest] with result: SUCCESS
Executing test redirectsDoNotIncludeTooManyCookies [okhttp3.CallTest] with result: SUCCESS
Executing test responseHeaderNameWithTabPermitted [okhttp3.CallTest] with result: SUCCESS
Executing test clientReadsHeadersDataTrailersHttp1ChunkedTransferEncoding [okhttp3.CallTest] with result: SUCCESS
Executing test invalidScheme [okhttp3.CallTest] with result: SUCCESS
Executing test clientCancelsIfCloseIsNotAcknowledged [okhttp3.internal.ws.WebSocketHttpTest] with result: SUCCESS
Executing test postEmptyBodyRetransmittedAfterAuthorizationFail_HTTP_2 [okhttp3.CallTest] with result: SUCCESS
Executing test headResponseContentLengthIsIgnored [okhttp3.CallTest] with result: SUCCESS
Executing test requestBodyRetransmittedOnClientRequestTimeout [okhttp3.CallTest] with result: SUCCESS
Executing test timeoutReadingResponse [okhttp3.WholeOperationTimeoutTest] with result: SUCCESS
Executing test readTimeoutAppliesWithinFrames [okhttp3.internal.ws.WebSocketHttpTest] with result: SUCCESS
Executing test missingUpgradeHeader [okhttp3.internal.ws.WebSocketHttpTest] with result: SUCCESS
Executing test timeoutFollowingRedirectOnNewConnection [okhttp3.WholeOperationTimeoutTest] with result: SUCCESS
Executing test wssScheme [okhttp3.internal.ws.WebSocketHttpTest] with result: SUCCESS
Executing test wsUppercaseScheme [okhttp3.internal.ws.WebSocketHttpTest] with result: SUCCESS
Executing test throwingOnClosingClosesImmediatelyAndFails [okhttp3.internal.ws.WebSocketHttpTest] with result: SUCCESS
Executing test wrongMagicHeader [okhttp3.internal.ws.WebSocketHttpTest] with result: SUCCESS
Executing test nullStringThrows [okhttp3.internal.ws.WebSocketHttpTest] with result: SUCCESS
Executing test closeReasonTooLong [okhttp3.internal.ws.WebSocketHttpTest] with result: SUCCESS
Executing test wrongUpgradeHeader [okhttp3.internal.ws.WebSocketHttpTest] with result: SUCCESS
Executing test textMessage [okhttp3.internal.ws.WebSocketHttpTest] with result: SUCCESS
Executing test wrongConnectionHeader [okhttp3.internal.ws.WebSocketHttpTest] with result: SUCCESS
Executing test singleTimeoutForAllFollowUpRequests [okhttp3.WholeOperationTimeoutTest] with result: SUCCESS
Executing test callTimeoutAppliesToSetup [okhttp3.internal.ws.WebSocketHttpTest] with result: SUCCESS
Executing test timeoutProcessing [okhttp3.WholeOperationTimeoutTest] with result: SUCCESS
Executing test testGetKnown [okhttp3.ProtocolTest] with result: SUCCESS
Executing test testToString [okhttp3.ProtocolTest] with result: SUCCESS
Executing test testGetUnknown [okhttp3.ProtocolTest] with result: SUCCESS
Executing test unplannedCloseHandledWithoutFailure [okhttp3.internal.ws.WebSocketHttpTest] with result: FAILURE
Executing test multipleCertificatesForOneHostname [okhttp3.CertificatePinnerTest] with result: SUCCESS
Executing test unsuccessfulCheckForWildcardHostname [okhttp3.CertificatePinnerTest] with result: SUCCESS
Executing test sameKeypairSamePin [okhttp3.CertificatePinnerTest] with result: SUCCESS
Executing test unsuccessfulCheck [okhttp3.CertificatePinnerTest] with result: SUCCESS
Executing test successfulMatchAcceptsAnyMatchingCertificate [okhttp3.CertificatePinnerTest] with result: SUCCESS
Executing test malformedBase64 [okhttp3.CertificatePinnerTest] with result: SUCCESS
Executing test checkForHostnameWithDoubleAsterisk [okhttp3.CertificatePinnerTest] with result: SUCCESS
Executing test successfulMatchAcceptsAnyMatchingCertificateForWildcardHostname [okhttp3.CertificatePinnerTest] with result: SUCCESS
Executing test malformedPin [okhttp3.CertificatePinnerTest] with result: SUCCESS
Executing test successfulCheck [okhttp3.CertificatePinnerTest] with result: SUCCESS
Executing test multipleHostnamesForOneCertificate [okhttp3.CertificatePinnerTest] with result: SUCCESS
Executing test absentHostnameMatches [okhttp3.CertificatePinnerTest] with result: SUCCESS
Executing test multipleCertificatesForOneWildcardHostname [okhttp3.CertificatePinnerTest] with result: SUCCESS
Executing test successfulCheckForOneHostnameWithWildcardAndDirectCertificate [okhttp3.CertificatePinnerTest] with result: SUCCESS
Executing test unsuccessfulCheckForOneHostnameWithWildcardAndDirectCertificate [okhttp3.CertificatePinnerTest] with result: SUCCESS
Executing test successfulCheckForWildcardHostname [okhttp3.CertificatePinnerTest] with result: SUCCESS
Executing test roundTripForRequestAndResponse [okhttp3.internal.http2.HuffmanTest] with result: SUCCESS
Executing test readFromBuffer [okhttp3.internal.cache2.RelayTest] with result: SUCCESS
Executing test readAfterEdit [okhttp3.internal.cache2.RelayTest] with result: SUCCESS
Executing test multipleSources [okhttp3.internal.cache2.RelayTest] with result: SUCCESS
Executing test closeBeforeExhaustLeavesDirtyFile [okhttp3.internal.cache2.RelayTest] with result: SUCCESS
Executing test unacknowledgedPingFailsConnection [okhttp3.internal.ws.WebSocketHttpTest] with result: SUCCESS
Executing test httpsScheme [okhttp3.internal.ws.WebSocketHttpTest] with result: SUCCESS
Executing test clientTimeoutClosesBody [okhttp3.internal.ws.WebSocketHttpTest] with result: SUCCESS
Executing test unplannedCloseHandledByCloseWithoutFailure [okhttp3.internal.ws.WebSocketHttpTest] with result: SUCCESS
Executing test missingMagicHeader [okhttp3.internal.ws.WebSocketHttpTest] with result: SUCCESS
Executing test notFound [okhttp3.internal.ws.WebSocketHttpTest] with result: SUCCESS
Executing test overflowOutgoingQueue [okhttp3.internal.ws.WebSocketHttpTest] with result: SUCCESS
Executing test racingReaders [okhttp3.internal.cache2.RelayTest] with result: SUCCESS
Executing test readFromFile [okhttp3.internal.cache2.RelayTest] with result: SUCCESS
Executing test redundantCallsToCloseAreIgnored [okhttp3.internal.cache2.RelayTest] with result: SUCCESS
Executing test singleSource [okhttp3.internal.cache2.RelayTest] with result: SUCCESS
Executing test proxyDnsFailureContinuesToNextProxy [okhttp3.internal.connection.RouteSelectorTest] with result: SUCCESS
Executing test failedRouteWithMultipleProxies [okhttp3.internal.connection.RouteSelectorTest] with result: SUCCESS
Executing test singleRoute [okhttp3.internal.connection.RouteSelectorTest] with result: SUCCESS
Executing test failedRouteWithSingleProxy [okhttp3.internal.connection.RouteSelectorTest] with result: SUCCESS
Executing test getHostString [okhttp3.internal.connection.RouteSelectorTest] with result: SUCCESS
Executing test proxySelectorReturnsMultipleProxies [okhttp3.internal.connection.RouteSelectorTest] with result: SUCCESS
Executing test proxySelectorReturnsNoProxies [okhttp3.internal.connection.RouteSelectorTest] with result: SUCCESS
Executing test singleRouteReturnsFailedRoute [okhttp3.internal.connection.RouteSelectorTest] with result: SUCCESS
Executing test explicitProxyTriesThatProxysAddressesOnly [okhttp3.internal.connection.RouteSelectorTest] with result: SUCCESS
Executing test multipleProxiesMultipleInetAddressesMultipleConfigurations [okhttp3.internal.connection.RouteSelectorTest] with result: SUCCESS
Executing test proxySelectorDirectConnectionsAreSkipped [okhttp3.internal.connection.RouteSelectorTest] with result: SUCCESS
Executing test proxySelectorReturnsNull [okhttp3.internal.connection.RouteSelectorTest] with result: SUCCESS
Executing test explicitDirectProxy [okhttp3.internal.connection.RouteSelectorTest] with result: SUCCESS
Executing test routeToString [okhttp3.internal.connection.RouteSelectorTest] with result: SUCCESS
Executing test queryForAllSelectedRoutes [okhttp3.internal.connection.RouteSelectorTest] with result: SUCCESS
Executing test clientDoesNotPingServerByDefault [okhttp3.internal.ws.WebSocketHttpTest] with result: SUCCESS
Executing test cancelReadingResponseBody [okhttp3.internal.http.CancelTest] with result: SUCCESS
Executing test callTimeoutDoesNotApplyOnceConnected [okhttp3.internal.ws.WebSocketHttpTest] with result: SUCCESS
Executing test cancelWritingRequestBody [okhttp3.internal.http.CancelTest] with result: SUCCESS
Executing test throwingOnOpenFailsImmediately [okhttp3.internal.ws.WebSocketHttpTest] with result: SUCCESS
Executing test webSocketAndNetworkInterceptors [okhttp3.internal.ws.WebSocketHttpTest] with result: FAILURE
Executing test serverMessage [okhttp3.internal.ws.WebSocketHttpTest] with result: SUCCESS
Executing test testProxyDefaults [okhttp3.OkHttpClientTest] with result: SUCCESS
Executing test nullInterceptor [okhttp3.OkHttpClientTest] with result: SUCCESS
Executing test nullDefaultProxySelector [okhttp3.OkHttpClientTest] with result: SUCCESS
Executing test testH2PriorKnowledgeOkHttpClientConstructionDuplicates [okhttp3.OkHttpClientTest] with result: SUCCESS
Executing test sslSocketFactorySetAsSocketFactory [okhttp3.OkHttpClientTest] with result: SUCCESS
Executing test nullInterceptorInList [okhttp3.OkHttpClientTest] with result: SUCCESS
Executing test clonedInterceptorsListsAreIndependent [okhttp3.OkHttpClientTest] with result: SUCCESS
Executing test certificatePinnerEquality [okhttp3.OkHttpClientTest] with result: SUCCESS
Executing test testH2PriorKnowledgeOkHttpClientConstructionFallback [okhttp3.OkHttpClientTest] with result: SUCCESS
Executing test cloneSharesStatefulInstances [okhttp3.OkHttpClientTest] with result: SUCCESS
Executing test nullNetworkInterceptor [okhttp3.OkHttpClientTest] with result: SUCCESS
Executing test nullNetworkInterceptorInList [okhttp3.OkHttpClientTest] with result: SUCCESS
Executing test nullProtocolInList [okhttp3.OkHttpClientTest] with result: SUCCESS
Executing test testH2PriorKnowledgeOkHttpClientConstructionSuccess [okhttp3.OkHttpClientTest] with result: SUCCESS
Executing test nullHostileProtocolList [okhttp3.OkHttpClientTest] with result: SUCCESS
Executing test timeoutValidRange [okhttp3.OkHttpClientTest] with result: SUCCESS
Executing test spdy3IsRemovedFromProtocols [okhttp3.OkHttpClientTest] with result: SUCCESS
Executing test noSslSocketFactoryConfigured [okhttp3.OkHttpClientTest] with result: SUCCESS
Executing test setProtocolsRejectsHttp10 [okhttp3.OkHttpClientTest] with result: SUCCESS
Executing test durationDefaults [okhttp3.OkHttpClientTest] with result: SUCCESS
Executing test applicationInterceptorsCanShortCircuitResponses [okhttp3.InterceptorTest] with result: SUCCESS
Executing test applicationInterceptorsRewriteRequestToServer [okhttp3.InterceptorTest] with result: SUCCESS
Executing test applicationInterceptorsCanMakeMultipleRequestsToServer [okhttp3.InterceptorTest] with result: SUCCESS
Executing test networkInterceptorThrowsRuntimeExceptionAsynchronous [okhttp3.InterceptorTest] with result: SUCCESS
Executing test networkInterceptorsCannotChangeServerAddress [okhttp3.InterceptorTest] with result: SUCCESS
Executing test networkInterceptorsHaveConnectionAccess [okhttp3.InterceptorTest] with result: SUCCESS
Executing test multipleNetworkInterceptors [okhttp3.InterceptorTest] with result: SUCCESS
Executing test applicationInterceptorReturnsNull [okhttp3.InterceptorTest] with result: SUCCESS
Executing test networkInterceptorsCanChangeRequestMethodFromGetToPost [okhttp3.InterceptorTest] with result: SUCCESS
Executing test networkInterceptorsObserveNetworkHeaders [okhttp3.InterceptorTest] with result: SUCCESS
Executing test networkInterceptorReturnsConnectionOnEmptyBody [okhttp3.InterceptorTest] with result: SUCCESS
Executing test buildsWhenJdk9 [okhttp3.internal.platform.Jdk9PlatformTest] with result: SUCCESS
Executing test testToStringIsClassname [okhttp3.internal.platform.Jdk9PlatformTest] with result: SUCCESS
Executing test verifyCn [okhttp3.internal.tls.HostnameVerifierTest] with result: SUCCESS
Executing test verifySubjectAlt [okhttp3.internal.tls.HostnameVerifierTest] with result: SUCCESS
Executing test verifySubjectAltOnly [okhttp3.internal.tls.HostnameVerifierTest] with result: SUCCESS
Executing test verifyWilcardCn [okhttp3.internal.tls.HostnameVerifierTest] with result: SUCCESS
Executing test verify [okhttp3.internal.tls.HostnameVerifierTest] with result: SUCCESS
Executing test subjectAltUsesLocalDomainAndIp [okhttp3.internal.tls.HostnameVerifierTest] with result: SUCCESS
Executing test verifyNonAsciiCn [okhttp3.internal.tls.HostnameVerifierTest] with result: SUCCESS
Executing test verifyNonAsciiSubjectAlt [okhttp3.internal.tls.HostnameVerifierTest] with result: SKIPPED
Executing test verifyAsIpAddress [okhttp3.internal.tls.HostnameVerifierTest] with result: SUCCESS
Executing test wildcardsDoesNotNeedTwoDots [okhttp3.internal.tls.HostnameVerifierTest] with result: SUCCESS
Executing test subjectAltName [okhttp3.internal.tls.HostnameVerifierTest] with result: SUCCESS
Executing test verifyMultipleCn [okhttp3.internal.tls.HostnameVerifierTest] with result: SUCCESS
Executing test testWilcardNonAsciiSubjectAlt [okhttp3.internal.tls.HostnameVerifierTest] with result: SKIPPED
Executing test verifyWilcardCnOnTld [okhttp3.internal.tls.HostnameVerifierTest] with result: SUCCESS
Executing test wildcardsCannotMatchIpAddresses [okhttp3.internal.tls.HostnameVerifierTest] with result: SUCCESS
Executing test subjectAltNameWithWildcard [okhttp3.internal.tls.HostnameVerifierTest] with result: SUCCESS
Executing test testUnsupportedCharset[Use get = true] [okhttp3.MediaTypeTest] with result: SUCCESS
Executing test testCharsetIsOneOfManyParameters[Use get = true] [okhttp3.MediaTypeTest] with result: SUCCESS
Executing test testDoubleQuotesAreSpecial[Use get = true] [okhttp3.MediaTypeTest] with result: SUCCESS
Executing test testSingleQuotesAreNotSpecial[Use get = true] [okhttp3.MediaTypeTest] with result: SUCCESS
Executing test testParse[Use get = true] [okhttp3.MediaTypeTest] with result: SUCCESS
Executing test testDuplicatedCharsets[Use get = true] [okhttp3.MediaTypeTest] with result: SUCCESS
Executing test testValidParse[Use get = true] [okhttp3.MediaTypeTest] with result: SUCCESS
Executing test testCharsetNameIsDoubleQuotedSingleQuote[Use get = true] [okhttp3.MediaTypeTest] with result: SUCCESS
Executing test testCharsetNameIsDoubleQuotedAndSingleQuoted[Use get = true] [okhttp3.MediaTypeTest] with result: SUCCESS
Executing test testParseWithSpecialCharacters[Use get = true] [okhttp3.MediaTypeTest] with result: SUCCESS
Executing test testDefaultCharset[Use get = true] [okhttp3.MediaTypeTest] with result: SUCCESS
Executing test testInvalidParse[Use get = true] [okhttp3.MediaTypeTest] with result: SUCCESS
Executing test testMultipleCharsets[Use get = true] [okhttp3.MediaTypeTest] with result: SUCCESS
Executing test testCharsetAndQuoting[Use get = true] [okhttp3.MediaTypeTest] with result: SUCCESS
Executing test testParseDanglingSemicolon[Use get = true] [okhttp3.MediaTypeTest] with result: SUCCESS
Executing test testIllegalCharsetName[Use get = true] [okhttp3.MediaTypeTest] with result: SUCCESS
Executing test testCharsetNameIsSingleQuoted[Use get = true] [okhttp3.MediaTypeTest] with result: SUCCESS
Executing test testUnsupportedCharset[Use get = false] [okhttp3.MediaTypeTest] with result: SUCCESS
Executing test testCharsetIsOneOfManyParameters[Use get = false] [okhttp3.MediaTypeTest] with result: SUCCESS
Executing test testDoubleQuotesAreSpecial[Use get = false] [okhttp3.MediaTypeTest] with result: SUCCESS
Executing test testSingleQuotesAreNotSpecial[Use get = false] [okhttp3.MediaTypeTest] with result: SUCCESS
Executing test testParse[Use get = false] [okhttp3.MediaTypeTest] with result: SUCCESS
Executing test testDuplicatedCharsets[Use get = false] [okhttp3.MediaTypeTest] with result: SUCCESS
Executing test testValidParse[Use get = false] [okhttp3.MediaTypeTest] with result: SUCCESS
Executing test testCharsetNameIsDoubleQuotedSingleQuote[Use get = false] [okhttp3.MediaTypeTest] with result: SUCCESS
Executing test testCharsetNameIsDoubleQuotedAndSingleQuoted[Use get = false] [okhttp3.MediaTypeTest] with result: SUCCESS
Executing test testParseWithSpecialCharacters[Use get = false] [okhttp3.MediaTypeTest] with result: SUCCESS
Executing test testDefaultCharset[Use get = false] [okhttp3.MediaTypeTest] with result: SUCCESS
Executing test testInvalidParse[Use get = false] [okhttp3.MediaTypeTest] with result: SUCCESS
Executing test testMultipleCharsets[Use get = false] [okhttp3.MediaTypeTest] with result: SUCCESS
Executing test testCharsetAndQuoting[Use get = false] [okhttp3.MediaTypeTest] with result: SUCCESS
Executing test testParseDanglingSemicolon[Use get = false] [okhttp3.MediaTypeTest] with result: SUCCESS
Executing test testIllegalCharsetName[Use get = false] [okhttp3.MediaTypeTest] with result: SUCCESS
Executing test testCharsetNameIsSingleQuoted[Use get = false] [okhttp3.MediaTypeTest] with result: SUCCESS
Executing test connectionsAreNotReusedWithUnknownLengthResponseBody [okhttp3.ConnectionReuseTest] with result: SUCCESS
Executing test connectionsAreNotReusedIfNetworkInterceptorInterferes [okhttp3.ConnectionReuseTest] with result: SUCCESS
Executing test connectionsAreReusedWithHttp2 [okhttp3.ConnectionReuseTest] with result: SUCCESS
Executing test connectionsReusedWithRedirectEvenIfPoolIsSizeZero [okhttp3.ConnectionReuseTest] with result: SUCCESS
Executing test http2ConnectionsAreSharedBeforeResponseIsConsumed [okhttp3.ConnectionReuseTest] with result: SUCCESS
Executing test connectionsAreNotReusedWithRequestConnectionClose [okhttp3.ConnectionReuseTest] with result: SUCCESS
Executing test chainWithReadTimeout [okhttp3.InterceptorTest] with result: SUCCESS
Executing test connectionsNotReusedWithRedirectIfDiscardingResponseIsSlow [okhttp3.ConnectionReuseTest] with result: SUCCESS
Executing test connectionsAreNotReusedWithResponseConnectionClose [okhttp3.ConnectionReuseTest] with result: SUCCESS
Executing test connectionsAreNotReusedIfPoolIsSizeZero [okhttp3.ConnectionReuseTest] with result: SUCCESS
Executing test connectionsAreNotReusedIfHostnameVerifierChanges [okhttp3.ConnectionReuseTest] with result: SUCCESS
Executing test staleConnectionNotReusedForNonIdempotentRequest [okhttp3.ConnectionReuseTest] with result: SUCCESS
Executing test connectionsAreReused [okhttp3.ConnectionReuseTest] with result: SUCCESS
Executing test connectionsAreNotReusedIfSslSocketFactoryChanges [okhttp3.ConnectionReuseTest] with result: SUCCESS
Executing test connectionsAreEvicted [okhttp3.ConnectionReuseTest] with result: SUCCESS
Executing test silentRetryWhenIdempotentRequestFailsOnReusedConnection [okhttp3.ConnectionReuseTest] with result: SUCCESS
Executing test contentTypeHeaderIsForbidden [okhttp3.MultipartBodyTest] with result: SUCCESS
Executing test fieldAndTwoFiles [okhttp3.MultipartBodyTest] with result: SUCCESS
Executing test contentLengthHeaderIsForbidden [okhttp3.MultipartBodyTest] with result: SUCCESS
Executing test streamingPartHasNoLength [okhttp3.MultipartBodyTest] with result: SUCCESS
Executing test threeParts [okhttp3.MultipartBodyTest] with result: SUCCESS
Executing test stringEscapingIsWeird [okhttp3.MultipartBodyTest] with result: SUCCESS
Executing test onePartRequired [okhttp3.MultipartBodyTest] with result: SUCCESS
Executing test singlePart [okhttp3.MultipartBodyTest] with result: SUCCESS
Executing test partAccessors [okhttp3.MultipartBodyTest] with result: SUCCESS
Executing test nonAsciiFilename [okhttp3.MultipartBodyTest] with result: SUCCESS
Executing test removePathSegmentDoesntRemovePath[Use get = true] [okhttp3.HttpUrlTest] with result: SUCCESS
Executing test malformedPercentEncoding[Use get = true] [okhttp3.HttpUrlTest] with result: SUCCESS
Executing test ampersandQueryIsTwoNameValuePairsWithEmptyKeys[Use get = true] [okhttp3.HttpUrlTest] with result: SUCCESS
Executing test queryCharacters[Use get = true] [okhttp3.HttpUrlTest] with result: SUCCESS
Executing test composeWithAddSegment[Use get = true] [okhttp3.HttpUrlTest] with result: SUCCESS
Executing test setEncodedPathSegmentRejectsDotDot[Use get = true] [okhttp3.HttpUrlTest] with result: SUCCESS
Executing test fragmentPercentEncodedNonAscii[Use get = true] [okhttp3.HttpUrlTest] with result: SUCCESS
Executing test removeAllDoesNotRemoveQueryIfNoParametersWereRemoved[Use get = true] [okhttp3.HttpUrlTest] with result: SUCCESS
Executing test passwordWithEmptyUsername[Use get = true] [okhttp3.HttpUrlTest] with result: SUCCESS
Executing test composeFromUnencodedComponents[Use get = true] [okhttp3.HttpUrlTest] with result: SUCCESS
Executing test setEncodedPathSegmentRejectsDot[Use get = true] [okhttp3.HttpUrlTest] with result: SUCCESS
Executing test toUriPasswordSpecialCharacters[Use get = true] [okhttp3.HttpUrlTest] with result: SUCCESS
Executing test setEncodedPathSegmentRejectsDotAndIgnoredCharacter[Use get = true] [okhttp3.HttpUrlTest] with result: SUCCESS
Executing test queryParametersWithRepeatedName[Use get = true] [okhttp3.HttpUrlTest] with result: SUCCESS
Executing test addEncodedPathSegments[Use get = true] [okhttp3.HttpUrlTest] with result: SUCCESS
Executing test setPathSegmentWithSlash[Use get = true] [okhttp3.HttpUrlTest] with result: SUCCESS
Executing test fragmentCharacters[Use get = true] [okhttp3.HttpUrlTest] with result: SUCCESS
Executing test parsedQueryDoesntIncludeFragment[Use get = true] [okhttp3.HttpUrlTest] with result: SUCCESS
Executing test composeQuerySetQueryParameter[Use get = true] [okhttp3.HttpUrlTest] with result: SUCCESS
Executing test hostIpv4CanonicalForm[Use get = true] [okhttp3.HttpUrlTest] with result: SUCCESS
Executing test addPathSegmentsOntoTrailingSlash[Use get = true] [okhttp3.HttpUrlTest] with result: SUCCESS
Executing test resolveNoScheme[Use get = true] [okhttp3.HttpUrlTest] with result: SUCCESS
Executing test toUriWithUsernameNoPassword[Use get = true] [okhttp3.HttpUrlTest] with result: SUCCESS
Executing test hostIpv6ScopedAddress[Use get = true] [okhttp3.HttpUrlTest] with result: SUCCESS
Executing test hostIpv6AddressTooManyLeadingZeros[Use get = true] [okhttp3.HttpUrlTest] with result: SUCCESS
Executing test setEncodedPathSegmentOutOfBounds[Use get = true] [okhttp3.HttpUrlTest] with result: SUCCESS
Executing test incompleteBuilderToString[Use get = true] [okhttp3.HttpUrlTest] with result: SUCCESS
Executing test hostIpv6AddressTrailingCompression[Use get = true] [okhttp3.HttpUrlTest] with result: SUCCESS
Executing test queryValueCharacters[Use get = true] [okhttp3.HttpUrlTest] with result: SUCCESS
Executing test minimalUrlComposition[Use get = true] [okhttp3.HttpUrlTest] with result: SUCCESS
Executing test authorityWithMultipleColons[Use get = true] [okhttp3.HttpUrlTest] with result: SUCCESS
Executing test percentDecode[Use get = true] [okhttp3.HttpUrlTest] with result: SUCCESS
Executing test decodeUsername[Use get = true] [okhttp3.HttpUrlTest] with result: SUCCESS
Executing test removePathSegmentOutOfBounds[Use get = true] [okhttp3.HttpUrlTest] with result: SUCCESS
Executing test composeQueryWithComponents[Use get = true] [okhttp3.HttpUrlTest] with result: SUCCESS
Executing test hostIpv6AddressTooMuchCompression[Use get = true] [okhttp3.HttpUrlTest] with result: SUCCESS
Executing test toUriPathSpecialCharacters[Use get = true] [okhttp3.HttpUrlTest] with result: SUCCESS
Executing test composeQueryRemoveQueryParameter[Use get = true] [okhttp3.HttpUrlTest] with result: SUCCESS
Executing test emptyQueryIsSingleNameValuePairWithEmptyKey[Use get = true] [okhttp3.HttpUrlTest] with result: SUCCESS
Executing test composeEncodesWhitespace[Use get = true] [okhttp3.HttpUrlTest] with result: SUCCESS
Executing test relativePathWithSameScheme[Use get = true] [okhttp3.HttpUrlTest] with result: SUCCESS
Executing test composeWithEncodedPath[Use get = true] [okhttp3.HttpUrlTest] with result: SUCCESS
Executing test toUriQueryValueSpecialCharacters[Use get = true] [okhttp3.HttpUrlTest] with result: SUCCESS
Executing test setPathSegmentOutOfBounds[Use get = true] [okhttp3.HttpUrlTest] with result: SUCCESS
Executing test hostIpv6AddressMisplacedColons[Use get = true] [okhttp3.HttpUrlTest] with result: SUCCESS
Executing test scheme[Use get = true] [okhttp3.HttpUrlTest] with result: SUCCESS
Executing test hostIpv6WithIpv4SuffixWithOctalPrefix[Use get = true] [okhttp3.HttpUrlTest] with result: SUCCESS
Executing test fragmentPercentEncodedPartialCodePoint[Use get = true] [okhttp3.HttpUrlTest] with result: SUCCESS
Executing test addPathSegmentDotAndIgnoredCharacter[Use get = true] [okhttp3.HttpUrlTest] with result: SUCCESS
Executing test toUriWithTruncatedPercentEscape[Use get = true] [okhttp3.HttpUrlTest] with result: SUCCESS
Executing test hostIpv6Malformed[Use get = true] [okhttp3.HttpUrlTest] with result: SUCCESS
Executing test composeFromEncodedComponents[Use get = true] [okhttp3.HttpUrlTest] with result: SUCCESS
Executing test composeQuerySetEncodedQueryParameter[Use get = true] [okhttp3.HttpUrlTest] with result: SUCCESS
Executing test hostToUriStripsCharacters2[Use get = true] [okhttp3.HttpUrlTest] with result: SUCCESS
Executing test hostIpv6AddressLeadingCompression[Use get = true] [okhttp3.HttpUrlTest] with result: SUCCESS
Executing test toUriQueryParameterNameSpecialCharacters[Use get = true] [okhttp3.HttpUrlTest] with result: SUCCESS
Executing test clearEncodedFragment[Use get = true] [okhttp3.HttpUrlTest] with result: SUCCESS
Executing test setPathSegmentRejectsDot[Use get = true] [okhttp3.HttpUrlTest] with result: SUCCESS
Executing test fragmentNonAsciiThatOffendsJavaNetUri[Use get = true] [okhttp3.HttpUrlTest] with result: SUCCESS
Executing test fromUri[Use get = true] [okhttp3.HttpUrlTest] with result: SUCCESS
Executing test builderToString[Use get = true] [okhttp3.HttpUrlTest] with result: SUCCESS
Executing test parseDoesNotTrimOtherWhitespaceCharacters[Use get = true] [okhttp3.HttpUrlTest] with result: SUCCESS
Executing test relativePathWithTrailingSlash[Use get = true] [okhttp3.HttpUrlTest] with result: SUCCESS
Executing test resolveAuthoritySlashCountMattersWithSameScheme[Use get = true] [okhttp3.HttpUrlTest] with result: SUCCESS
Executing test setEncodedPathSegmentWithSlash[Use get = true] [okhttp3.HttpUrlTest] with result: SUCCESS
Executing test fromUriPartial[Use get = true] [okhttp3.HttpUrlTest] with result: SUCCESS
Executing test hostContainsIllegalCharacter[Use get = true] [okhttp3.HttpUrlTest] with result: SUCCESS
Executing test fullUrlComposition[Use get = true] [okhttp3.HttpUrlTest] with result: SUCCESS
Executing test parseHostAsciiNonPrintable[Use get = true] [okhttp3.HttpUrlTest] with result: SUCCESS
Executing test setEncodedPathSegmentEncodes[Use get = true] [okhttp3.HttpUrlTest] with result: SUCCESS
Executing test parseTrimsAsciiWhitespace[Use get = true] [okhttp3.HttpUrlTest] with result: SUCCESS
Executing test pathCharacters[Use get = true] [okhttp3.HttpUrlTest] with result: SUCCESS
Executing test hostIpv6AddressTooManyDigitsInGroup[Use get = true] [okhttp3.HttpUrlTest] with result: SUCCESS
Executing test hostIpv6WithIpv4Suffix[Use get = true] [okhttp3.HttpUrlTest] with result: SUCCESS
Executing test hostIpv6[Use get = true] [okhttp3.HttpUrlTest] with result: SUCCESS
Executing test pathWithBackslash[Use get = true] [okhttp3.HttpUrlTest] with result: SUCCESS
Executing test username[Use get = true] [okhttp3.HttpUrlTest] with result: SUCCESS
Executing test setPathSegmentEncodes[Use get = true] [okhttp3.HttpUrlTest] with result: SUCCESS
Executing test fragmentNonAscii[Use get = true] [okhttp3.HttpUrlTest] with result: SUCCESS
Executing test hostnameMappingLastMappedCodePoint[Use get = true] [okhttp3.HttpUrlTest] with result: SUCCESS
Executing test parseNoScheme[Use get = true] [okhttp3.HttpUrlTest] with result: SUCCESS
Executing test addPathSegmentsWithBackslash[Use get = true] [okhttp3.HttpUrlTest] with result: SUCCESS
Executing test hostnameMappingLastIgnoredCodePoint[Use get = true] [okhttp3.HttpUrlTest] with result: SKIPPED
Executing test queryCharactersNotReencodedWhenParsed[Use get = true] [okhttp3.HttpUrlTest] with result: SUCCESS
Executing test toUriUsernameSpecialCharacters[Use get = true] [okhttp3.HttpUrlTest] with result: SUCCESS
Executing test relativePath[Use get = true] [okhttp3.HttpUrlTest] with result: SUCCESS
Executing test hostToUriStripsCharacters[Use get = true] [okhttp3.HttpUrlTest] with result: SUCCESS
Executing test decodeSlashCharacterInDecodedPathSegment[Use get = true] [okhttp3.HttpUrlTest] with result: SUCCESS
Executing test port[Use get = true] [okhttp3.HttpUrlTest] with result: SUCCESS
Executing test passwordCharacters[Use get = true] [okhttp3.HttpUrlTest] with result: SUCCESS
Executing test addPathSegmentsWithEmptyPaths[Use get = true] [okhttp3.HttpUrlTest] with result: SUCCESS
Executing test hostnameIgnoredCharacters[Use get = true] [okhttp3.HttpUrlTest] with result: SUCCESS
Executing test fromUriUnsupportedScheme[Use get = true] [okhttp3.HttpUrlTest] with result: SUCCESS
Executing test toUri[Use get = true] [okhttp3.HttpUrlTest] with result: SUCCESS
Executing test hostIpv6AddressTooManyGroups[Use get = true] [okhttp3.HttpUrlTest] with result: SUCCESS
Executing test toUriSpecialQueryCharacters[Use get = true] [okhttp3.HttpUrlTest] with result: SUCCESS
Executing test setPathSegmentRejectsDotDot[Use get = true] [okhttp3.HttpUrlTest] with result: SUCCESS
Executing test toUriQueryParameterValueSpecialCharacters[Use get = true] [okhttp3.HttpUrlTest] with result: SUCCESS
Executing test composeQueryWithEncodedComponents[Use get = true] [okhttp3.HttpUrlTest] with result: SUCCESS
Executing test hostWithTrailingDot[Use get = true] [okhttp3.HttpUrlTest] with result: SUCCESS
Executing test decodePassword[Use get = true] [okhttp3.HttpUrlTest] with result: SUCCESS
Executing test hostIpv6Builder[Use get = true] [okhttp3.HttpUrlTest] with result: SUCCESS
Executing test addEncodedPathSegmentDotDotAndIgnoredCharacter[Use get = true] [okhttp3.HttpUrlTest] with result: SUCCESS
Executing test hostIpv6WithIpv4SuffixWithHexadecimalPrefix[Use get = true] [okhttp3.HttpUrlTest] with result: SUCCESS
Executing test addPathSegmentDotDotPopsDirectory[Use get = true] [okhttp3.HttpUrlTest] with result: SUCCESS
Executing test queryParametersWithoutValues[Use get = true] [okhttp3.HttpUrlTest] with result: SUCCESS
Executing test toUriWithSpaceCharacters[Use get = true] [okhttp3.HttpUrlTest] with result: SUCCESS
Executing test setPathSegmentAcceptsEmpty[Use get = true] [okhttp3.HttpUrlTest] with result: SUCCESS
Executing test hostIpv6WithIncompleteIpv4Suffix[Use get = true] [okhttp3.HttpUrlTest] with result: SUCCESS
Executing test rfc3886NormalExamples[Use get = true] [okhttp3.HttpUrlTest] with result: SUCCESS
Executing test hostIpv6WithMalformedIpv4Suffix[Use get = true] [okhttp3.HttpUrlTest] with result: SUCCESS
Executing test resolveSchemeLikePath[Use get = true] [okhttp3.HttpUrlTest] with result: SUCCESS
Executing test hostnameLowercaseCharactersMappedDirectly[Use get = true] [okhttp3.HttpUrlTest] with result: SUCCESS
Executing test queryParametersWithEmptyValues[Use get = true] [okhttp3.HttpUrlTest] with result: SUCCESS
Executing test fromJavaNetUrl[Use get = true] [okhttp3.HttpUrlTest] with result: SUCCESS
Executing test rfc3886AbnormalExamples[Use get = true] [okhttp3.HttpUrlTest] with result: SUCCESS
Executing test toUriFragmentSpecialCharacters[Use get = true] [okhttp3.HttpUrlTest] with result: SUCCESS
Executing test redactedUrl[Use get = true] [okhttp3.HttpUrlTest] with result: SUCCESS
Executing test addPathSegmentDotDoesNothing[Use get = true] [okhttp3.HttpUrlTest] with result: SUCCESS
Executing test topPrivateDomain[Use get = true] [okhttp3.HttpUrlTest] with result: SUCCESS
Executing test resolveUnsupportedScheme[Use get = true] [okhttp3.HttpUrlTest] with result: SUCCESS
Executing test addEncodedPathSegmentDotAndIgnoredCharacter[Use get = true] [okhttp3.HttpUrlTest] with result: SUCCESS
Executing test toUriWithNonHexPercentEscape[Use get = true] [okhttp3.HttpUrlTest] with result: SUCCESS
Executing test absentQueryIsZeroNameValuePairs[Use get = true] [okhttp3.HttpUrlTest] with result: SUCCESS
Executing test queryCharactersEncodedWhenComposed[Use get = true] [okhttp3.HttpUrlTest] with result: SUCCESS
Executing test usernameCharacters[Use get = true] [okhttp3.HttpUrlTest] with result: SUCCESS
Executing test pathSize[Use get = true] [okhttp3.HttpUrlTest] with result: SUCCESS
Executing test addPathSegmentEncodes[Use get = true] [okhttp3.HttpUrlTest] with result: SUCCESS
Executing test toJavaNetUrl[Use get = true] [okhttp3.HttpUrlTest] with result: SUCCESS
Executing test queryCharactersNotReencodedWhenComposedWithAddEncoded[Use get = true] [okhttp3.HttpUrlTest] with result: SUCCESS
Executing test hostnameMultipleCharacterMapping[Use get = true] [okhttp3.HttpUrlTest] with result: SUCCESS
Executing test composeMixingPathSegments[Use get = true] [okhttp3.HttpUrlTest] with result: SUCCESS
Executing test resolveAuthoritySlashCountDoesntMatterWithDifferentScheme[Use get = true] [okhttp3.HttpUrlTest] with result: SUCCESS
Executing test fromJavaNetUrlUnsupportedScheme[Use get = true] [okhttp3.HttpUrlTest] with result: SUCCESS
Executing test usernameAndPassword[Use get = true] [okhttp3.HttpUrlTest] with result: SUCCESS
Executing test changingSchemeChangesDefaultPort[Use get = true] [okhttp3.HttpUrlTest] with result: SUCCESS
Executing test composeQueryMultipleEncodedValuesForParameter[Use get = true] [okhttp3.HttpUrlTest] with result: SUCCESS
Executing test hostIpv6AddressDifferentFormats[Use get = true] [okhttp3.HttpUrlTest] with result: SUCCESS
Executing test toUriWithControlCharacters[Use get = true] [okhttp3.HttpUrlTest] with result: SUCCESS
Executing test rawEncodingRetained[Use get = true] [okhttp3.HttpUrlTest] with result: SUCCESS
Executing test setPathSegment[Use get = true] [okhttp3.HttpUrlTest] with result: SUCCESS
Executing test malformedUtf8Encoding[Use get = true] [okhttp3.HttpUrlTest] with result: SUCCESS
Executing test queryParameterLookupWithNonCanonicalEncoding[Use get = true] [okhttp3.HttpUrlTest] with result: SUCCESS
Executing test incompleteUrlComposition[Use get = true] [okhttp3.HttpUrlTest] with result: SUCCESS
Executing test composeQueryRemoveEncodedQueryParameter[Use get = true] [okhttp3.HttpUrlTest] with result: SUCCESS
Executing test removePathSegment[Use get = true] [okhttp3.HttpUrlTest] with result: SUCCESS
Executing test parseAuthoritySlashCountDoesntMatter[Use get = true] [okhttp3.HttpUrlTest] with result: SUCCESS
Executing test hostnameUppercaseCharactersConvertedToLowercase[Use get = true] [okhttp3.HttpUrlTest] with result: SUCCESS
Executing test authorityWithMultipleAtSigns[Use get = true] [okhttp3.HttpUrlTest] with result: SUCCESS
Executing test decodeEmptyPathSegments[Use get = true] [okhttp3.HttpUrlTest] with result: SUCCESS
Executing test hostnameMappingLastDisallowedCodePoint[Use get = true] [okhttp3.HttpUrlTest] with result: SUCCESS
Executing test setEncodedPathSegmentRejectsDotDotAndIgnoredCharacter[Use get = true] [okhttp3.HttpUrlTest] with result: SUCCESS
Executing test hostIpv6CanonicalForm[Use get = true] [okhttp3.HttpUrlTest] with result: SUCCESS
Executing test clearFragment[Use get = true] [okhttp3.HttpUrlTest] with result: SUCCESS
Executing test addPathSegments[Use get = true] [okhttp3.HttpUrlTest] with result: SUCCESS
Executing test newBuilderResolve[Use get = true] [okhttp3.HttpUrlTest] with result: SUCCESS
Executing test roundTripBuilder[Use get = true] [okhttp3.HttpUrlTest] with result: SUCCESS
Executing test unprintableCharactersArePercentEncoded[Use get = true] [okhttp3.HttpUrlTest] with result: SUCCESS
Executing test hostnameUri[Use get = true] [okhttp3.HttpUrlTest] with result: SUCCESS
Executing test removePathSegmentDoesntRemovePath[Use get = false] [okhttp3.HttpUrlTest] with result: SUCCESS
Executing test malformedPercentEncoding[Use get = false] [okhttp3.HttpUrlTest] with result: SUCCESS
Executing test ampersandQueryIsTwoNameValuePairsWithEmptyKeys[Use get = false] [okhttp3.HttpUrlTest] with result: SUCCESS
Executing test queryCharacters[Use get = false] [okhttp3.HttpUrlTest] with result: SUCCESS
Executing test composeWithAddSegment[Use get = false] [okhttp3.HttpUrlTest] with result: SUCCESS
Executing test setEncodedPathSegmentRejectsDotDot[Use get = false] [okhttp3.HttpUrlTest] with result: SUCCESS
Executing test fragmentPercentEncodedNonAscii[Use get = false] [okhttp3.HttpUrlTest] with result: SUCCESS
Executing test removeAllDoesNotRemoveQueryIfNoParametersWereRemoved[Use get = false] [okhttp3.HttpUrlTest] with result: SUCCESS
Executing test passwordWithEmptyUsername[Use get = false] [okhttp3.HttpUrlTest] with result: SUCCESS
Executing test composeFromUnencodedComponents[Use get = false] [okhttp3.HttpUrlTest] with result: SUCCESS
Executing test setEncodedPathSegmentRejectsDot[Use get = false] [okhttp3.HttpUrlTest] with result: SUCCESS
Executing test toUriPasswordSpecialCharacters[Use get = false] [okhttp3.HttpUrlTest] with result: SUCCESS
Executing test setEncodedPathSegmentRejectsDotAndIgnoredCharacter[Use get = false] [okhttp3.HttpUrlTest] with result: SUCCESS
Executing test queryParametersWithRepeatedName[Use get = false] [okhttp3.HttpUrlTest] with result: SUCCESS
Executing test addEncodedPathSegments[Use get = false] [okhttp3.HttpUrlTest] with result: SUCCESS
Executing test setPathSegmentWithSlash[Use get = false] [okhttp3.HttpUrlTest] with result: SUCCESS
Executing test fragmentCharacters[Use get = false] [okhttp3.HttpUrlTest] with result: SUCCESS
Executing test parsedQueryDoesntIncludeFragment[Use get = false] [okhttp3.HttpUrlTest] with result: SUCCESS
Executing test composeQuerySetQueryParameter[Use get = false] [okhttp3.HttpUrlTest] with result: SUCCESS
Executing test hostIpv4CanonicalForm[Use get = false] [okhttp3.HttpUrlTest] with result: SUCCESS
Executing test addPathSegmentsOntoTrailingSlash[Use get = false] [okhttp3.HttpUrlTest] with result: SUCCESS
Executing test resolveNoScheme[Use get = false] [okhttp3.HttpUrlTest] with result: SUCCESS
Executing test toUriWithUsernameNoPassword[Use get = false] [okhttp3.HttpUrlTest] with result: SUCCESS
Executing test hostIpv6ScopedAddress[Use get = false] [okhttp3.HttpUrlTest] with result: SUCCESS
Executing test hostIpv6AddressTooManyLeadingZeros[Use get = false] [okhttp3.HttpUrlTest] with result: SUCCESS
Executing test setEncodedPathSegmentOutOfBounds[Use get = false] [okhttp3.HttpUrlTest] with result: SUCCESS
Executing test incompleteBuilderToString[Use get = false] [okhttp3.HttpUrlTest] with result: SUCCESS
Executing test hostIpv6AddressTrailingCompression[Use get = false] [okhttp3.HttpUrlTest] with result: SUCCESS
Executing test queryValueCharacters[Use get = false] [okhttp3.HttpUrlTest] with result: SUCCESS
Executing test minimalUrlComposition[Use get = false] [okhttp3.HttpUrlTest] with result: SUCCESS
Executing test authorityWithMultipleColons[Use get = false] [okhttp3.HttpUrlTest] with result: SUCCESS
Executing test percentDecode[Use get = false] [okhttp3.HttpUrlTest] with result: SUCCESS
Executing test decodeUsername[Use get = false] [okhttp3.HttpUrlTest] with result: SUCCESS
Executing test removePathSegmentOutOfBounds[Use get = false] [okhttp3.HttpUrlTest] with result: SUCCESS
Executing test composeQueryWithComponents[Use get = false] [okhttp3.HttpUrlTest] with result: SUCCESS
Executing test hostIpv6AddressTooMuchCompression[Use get = false] [okhttp3.HttpUrlTest] with result: SUCCESS
Executing test toUriPathSpecialCharacters[Use get = false] [okhttp3.HttpUrlTest] with result: SUCCESS
Executing test composeQueryRemoveQueryParameter[Use get = false] [okhttp3.HttpUrlTest] with result: SUCCESS
Executing test emptyQueryIsSingleNameValuePairWithEmptyKey[Use get = false] [okhttp3.HttpUrlTest] with result: SUCCESS
Executing test composeEncodesWhitespace[Use get = false] [okhttp3.HttpUrlTest] with result: SUCCESS
Executing test relativePathWithSameScheme[Use get = false] [okhttp3.HttpUrlTest] with result: SUCCESS
Executing test composeWithEncodedPath[Use get = false] [okhttp3.HttpUrlTest] with result: SUCCESS
Executing test toUriQueryValueSpecialCharacters[Use get = false] [okhttp3.HttpUrlTest] with result: SUCCESS
Executing test setPathSegmentOutOfBounds[Use get = false] [okhttp3.HttpUrlTest] with result: SUCCESS
Executing test hostIpv6AddressMisplacedColons[Use get = false] [okhttp3.HttpUrlTest] with result: SUCCESS
Executing test scheme[Use get = false] [okhttp3.HttpUrlTest] with result: SUCCESS
Executing test hostIpv6WithIpv4SuffixWithOctalPrefix[Use get = false] [okhttp3.HttpUrlTest] with result: SUCCESS
Executing test fragmentPercentEncodedPartialCodePoint[Use get = false] [okhttp3.HttpUrlTest] with result: SUCCESS
Executing test addPathSegmentDotAndIgnoredCharacter[Use get = false] [okhttp3.HttpUrlTest] with result: SUCCESS
Executing test toUriWithTruncatedPercentEscape[Use get = false] [okhttp3.HttpUrlTest] with result: SUCCESS
Executing test hostIpv6Malformed[Use get = false] [okhttp3.HttpUrlTest] with result: SUCCESS
Executing test composeFromEncodedComponents[Use get = false] [okhttp3.HttpUrlTest] with result: SUCCESS
Executing test composeQuerySetEncodedQueryParameter[Use get = false] [okhttp3.HttpUrlTest] with result: SUCCESS
Executing test hostToUriStripsCharacters2[Use get = false] [okhttp3.HttpUrlTest] with result: SUCCESS
Executing test hostIpv6AddressLeadingCompression[Use get = false] [okhttp3.HttpUrlTest] with result: SUCCESS
Executing test toUriQueryParameterNameSpecialCharacters[Use get = false] [okhttp3.HttpUrlTest] with result: SUCCESS
Executing test clearEncodedFragment[Use get = false] [okhttp3.HttpUrlTest] with result: SUCCESS
Executing test setPathSegmentRejectsDot[Use get = false] [okhttp3.HttpUrlTest] with result: SUCCESS
Executing test fragmentNonAsciiThatOffendsJavaNetUri[Use get = false] [okhttp3.HttpUrlTest] with result: SUCCESS
Executing test fromUri[Use get = false] [okhttp3.HttpUrlTest] with result: SUCCESS
Executing test builderToString[Use get = false] [okhttp3.HttpUrlTest] with result: SUCCESS
Executing test parseDoesNotTrimOtherWhitespaceCharacters[Use get = false] [okhttp3.HttpUrlTest] with result: SUCCESS
Executing test relativePathWithTrailingSlash[Use get = false] [okhttp3.HttpUrlTest] with result: SUCCESS
Executing test resolveAuthoritySlashCountMattersWithSameScheme[Use get = false] [okhttp3.HttpUrlTest] with result: SUCCESS
Executing test setEncodedPathSegmentWithSlash[Use get = false] [okhttp3.HttpUrlTest] with result: SUCCESS
Executing test fromUriPartial[Use get = false] [okhttp3.HttpUrlTest] with result: SUCCESS
Executing test hostContainsIllegalCharacter[Use get = false] [okhttp3.HttpUrlTest] with result: SUCCESS
Executing test fullUrlComposition[Use get = false] [okhttp3.HttpUrlTest] with result: SUCCESS
Executing test parseHostAsciiNonPrintable[Use get = false] [okhttp3.HttpUrlTest] with result: SUCCESS
Executing test setEncodedPathSegmentEncodes[Use get = false] [okhttp3.HttpUrlTest] with result: SUCCESS
Executing test parseTrimsAsciiWhitespace[Use get = false] [okhttp3.HttpUrlTest] with result: SUCCESS
Executing test pathCharacters[Use get = false] [okhttp3.HttpUrlTest] with result: SUCCESS
Executing test hostIpv6AddressTooManyDigitsInGroup[Use get = false] [okhttp3.HttpUrlTest] with result: SUCCESS
Executing test hostIpv6WithIpv4Suffix[Use get = false] [okhttp3.HttpUrlTest] with result: SUCCESS
Executing test hostIpv6[Use get = false] [okhttp3.HttpUrlTest] with result: SUCCESS
Executing test pathWithBackslash[Use get = false] [okhttp3.HttpUrlTest] with result: SUCCESS
Executing test username[Use get = false] [okhttp3.HttpUrlTest] with result: SUCCESS
Executing test setPathSegmentEncodes[Use get = false] [okhttp3.HttpUrlTest] with result: SUCCESS
Executing test fragmentNonAscii[Use get = false] [okhttp3.HttpUrlTest] with result: SUCCESS
Executing test hostnameMappingLastMappedCodePoint[Use get = false] [okhttp3.HttpUrlTest] with result: SUCCESS
Executing test parseNoScheme[Use get = false] [okhttp3.HttpUrlTest] with result: SUCCESS
Executing test addPathSegmentsWithBackslash[Use get = false] [okhttp3.HttpUrlTest] with result: SUCCESS
Executing test hostnameMappingLastIgnoredCodePoint[Use get = false] [okhttp3.HttpUrlTest] with result: SKIPPED
Executing test queryCharactersNotReencodedWhenParsed[Use get = false] [okhttp3.HttpUrlTest] with result: SUCCESS
Executing test toUriUsernameSpecialCharacters[Use get = false] [okhttp3.HttpUrlTest] with result: SUCCESS
Executing test relativePath[Use get = false] [okhttp3.HttpUrlTest] with result: SUCCESS
Executing test hostToUriStripsCharacters[Use get = false] [okhttp3.HttpUrlTest] with result: SUCCESS
Executing test decodeSlashCharacterInDecodedPathSegment[Use get = false] [okhttp3.HttpUrlTest] with result: SUCCESS
Executing test port[Use get = false] [okhttp3.HttpUrlTest] with result: SUCCESS
Executing test passwordCharacters[Use get = false] [okhttp3.HttpUrlTest] with result: SUCCESS
Executing test addPathSegmentsWithEmptyPaths[Use get = false] [okhttp3.HttpUrlTest] with result: SUCCESS
Executing test hostnameIgnoredCharacters[Use get = false] [okhttp3.HttpUrlTest] with result: SUCCESS
Executing test fromUriUnsupportedScheme[Use get = false] [okhttp3.HttpUrlTest] with result: SUCCESS
Executing test toUri[Use get = false] [okhttp3.HttpUrlTest] with result: SUCCESS
Executing test hostIpv6AddressTooManyGroups[Use get = false] [okhttp3.HttpUrlTest] with result: SUCCESS
Executing test toUriSpecialQueryCharacters[Use get = false] [okhttp3.HttpUrlTest] with result: SUCCESS
Executing test setPathSegmentRejectsDotDot[Use get = false] [okhttp3.HttpUrlTest] with result: SUCCESS
Executing test toUriQueryParameterValueSpecialCharacters[Use get = false] [okhttp3.HttpUrlTest] with result: SUCCESS
Executing test composeQueryWithEncodedComponents[Use get = false] [okhttp3.HttpUrlTest] with result: SUCCESS
Executing test hostWithTrailingDot[Use get = false] [okhttp3.HttpUrlTest] with result: SUCCESS
Executing test decodePassword[Use get = false] [okhttp3.HttpUrlTest] with result: SUCCESS
Executing test hostIpv6Builder[Use get = false] [okhttp3.HttpUrlTest] with result: SUCCESS
Executing test addEncodedPathSegmentDotDotAndIgnoredCharacter[Use get = false] [okhttp3.HttpUrlTest] with result: SUCCESS
Executing test hostIpv6WithIpv4SuffixWithHexadecimalPrefix[Use get = false] [okhttp3.HttpUrlTest] with result: SUCCESS
Executing test addPathSegmentDotDotPopsDirectory[Use get = false] [okhttp3.HttpUrlTest] with result: SUCCESS
Executing test queryParametersWithoutValues[Use get = false] [okhttp3.HttpUrlTest] with result: SUCCESS
Executing test toUriWithSpaceCharacters[Use get = false] [okhttp3.HttpUrlTest] with result: SUCCESS
Executing test setPathSegmentAcceptsEmpty[Use get = false] [okhttp3.HttpUrlTest] with result: SUCCESS
Executing test hostIpv6WithIncompleteIpv4Suffix[Use get = false] [okhttp3.HttpUrlTest] with result: SUCCESS
Executing test rfc3886NormalExamples[Use get = false] [okhttp3.HttpUrlTest] with result: SUCCESS
Executing test hostIpv6WithMalformedIpv4Suffix[Use get = false] [okhttp3.HttpUrlTest] with result: SUCCESS
Executing test resolveSchemeLikePath[Use get = false] [okhttp3.HttpUrlTest] with result: SUCCESS
Executing test hostnameLowercaseCharactersMappedDirectly[Use get = false] [okhttp3.HttpUrlTest] with result: SUCCESS
Executing test queryParametersWithEmptyValues[Use get = false] [okhttp3.HttpUrlTest] with result: SUCCESS
Executing test fromJavaNetUrl[Use get = false] [okhttp3.HttpUrlTest] with result: SUCCESS
Executing test rfc3886AbnormalExamples[Use get = false] [okhttp3.HttpUrlTest] with result: SUCCESS
Executing test toUriFragmentSpecialCharacters[Use get = false] [okhttp3.HttpUrlTest] with result: SUCCESS
Executing test redactedUrl[Use get = false] [okhttp3.HttpUrlTest] with result: SUCCESS
Executing test addPathSegmentDotDoesNothing[Use get = false] [okhttp3.HttpUrlTest] with result: SUCCESS
Executing test topPrivateDomain[Use get = false] [okhttp3.HttpUrlTest] with result: SUCCESS
Executing test resolveUnsupportedScheme[Use get = false] [okhttp3.HttpUrlTest] with result: SUCCESS
Executing test addEncodedPathSegmentDotAndIgnoredCharacter[Use get = false] [okhttp3.HttpUrlTest] with result: SUCCESS
Executing test toUriWithNonHexPercentEscape[Use get = false] [okhttp3.HttpUrlTest] with result: SUCCESS
Executing test absentQueryIsZeroNameValuePairs[Use get = false] [okhttp3.HttpUrlTest] with result: SUCCESS
Executing test queryCharactersEncodedWhenComposed[Use get = false] [okhttp3.HttpUrlTest] with result: SUCCESS
Executing test usernameCharacters[Use get = false] [okhttp3.HttpUrlTest] with result: SUCCESS
Executing test pathSize[Use get = false] [okhttp3.HttpUrlTest] with result: SUCCESS
Executing test addPathSegmentEncodes[Use get = false] [okhttp3.HttpUrlTest] with result: SUCCESS
Executing test toJavaNetUrl[Use get = false] [okhttp3.HttpUrlTest] with result: SUCCESS
Executing test queryCharactersNotReencodedWhenComposedWithAddEncoded[Use get = false] [okhttp3.HttpUrlTest] with result: SUCCESS
Executing test hostnameMultipleCharacterMapping[Use get = false] [okhttp3.HttpUrlTest] with result: SUCCESS
Executing test composeMixingPathSegments[Use get = false] [okhttp3.HttpUrlTest] with result: SUCCESS
Executing test resolveAuthoritySlashCountDoesntMatterWithDifferentScheme[Use get = false] [okhttp3.HttpUrlTest] with result: SUCCESS
Executing test fromJavaNetUrlUnsupportedScheme[Use get = false] [okhttp3.HttpUrlTest] with result: SUCCESS
Executing test usernameAndPassword[Use get = false] [okhttp3.HttpUrlTest] with result: SUCCESS
Executing test changingSchemeChangesDefaultPort[Use get = false] [okhttp3.HttpUrlTest] with result: SUCCESS
Executing test composeQueryMultipleEncodedValuesForParameter[Use get = false] [okhttp3.HttpUrlTest] with result: SUCCESS
Executing test hostIpv6AddressDifferentFormats[Use get = false] [okhttp3.HttpUrlTest] with result: SUCCESS
Executing test toUriWithControlCharacters[Use get = false] [okhttp3.HttpUrlTest] with result: SUCCESS
Executing test rawEncodingRetained[Use get = false] [okhttp3.HttpUrlTest] with result: SUCCESS
Executing test setPathSegment[Use get = false] [okhttp3.HttpUrlTest] with result: SUCCESS
Executing test malformedUtf8Encoding[Use get = false] [okhttp3.HttpUrlTest] with result: SUCCESS
Executing test queryParameterLookupWithNonCanonicalEncoding[Use get = false] [okhttp3.HttpUrlTest] with result: SUCCESS
Executing test incompleteUrlComposition[Use get = false] [okhttp3.HttpUrlTest] with result: SUCCESS
Executing test composeQueryRemoveEncodedQueryParameter[Use get = false] [okhttp3.HttpUrlTest] with result: SUCCESS
Executing test removePathSegment[Use get = false] [okhttp3.HttpUrlTest] with result: SUCCESS
Executing test parseAuthoritySlashCountDoesntMatter[Use get = false] [okhttp3.HttpUrlTest] with result: SUCCESS
Executing test hostnameUppercaseCharactersConvertedToLowercase[Use get = false] [okhttp3.HttpUrlTest] with result: SUCCESS
Executing test authorityWithMultipleAtSigns[Use get = false] [okhttp3.HttpUrlTest] with result: SUCCESS
Executing test decodeEmptyPathSegments[Use get = false] [okhttp3.HttpUrlTest] with result: SUCCESS
Executing test hostnameMappingLastDisallowedCodePoint[Use get = false] [okhttp3.HttpUrlTest] with result: SUCCESS
Executing test setEncodedPathSegmentRejectsDotDotAndIgnoredCharacter[Use get = false] [okhttp3.HttpUrlTest] with result: SUCCESS
Executing test hostIpv6CanonicalForm[Use get = false] [okhttp3.HttpUrlTest] with result: SUCCESS
Executing test clearFragment[Use get = false] [okhttp3.HttpUrlTest] with result: SUCCESS
Executing test addPathSegments[Use get = false] [okhttp3.HttpUrlTest] with result: SUCCESS
Executing test newBuilderResolve[Use get = false] [okhttp3.HttpUrlTest] with result: SUCCESS
Executing test roundTripBuilder[Use get = false] [okhttp3.HttpUrlTest] with result: SUCCESS
Executing test unprintableCharactersArePercentEncoded[Use get = false] [okhttp3.HttpUrlTest] with result: SUCCESS
Executing test hostnameUri[Use get = false] [okhttp3.HttpUrlTest] with result: SUCCESS
Executing test tls_defaultCiphers_withFallbackIndicator [okhttp3.ConnectionSpecTest] with result: SUCCESS
Executing test tls_defaultCiphers_noFallbackIndicator [okhttp3.ConnectionSpecTest] with result: SUCCESS
Executing test tlsBuilder_explicitCiphers [okhttp3.ConnectionSpecTest] with result: SUCCESS
Executing test noCipherSuites [okhttp3.ConnectionSpecTest] with result: SUCCESS
Executing test tlsBuilder_defaultCiphers [okhttp3.ConnectionSpecTest] with result: SUCCESS
Executing test equalsAndHashCode [okhttp3.ConnectionSpecTest] with result: SUCCESS
Executing test simpleToString [okhttp3.ConnectionSpecTest] with result: SUCCESS
Executing test noTlsVersions [okhttp3.ConnectionSpecTest] with result: SUCCESS
Executing test cleartextBuilder [okhttp3.ConnectionSpecTest] with result: SUCCESS
Executing test tls_missingRequiredCipher [okhttp3.ConnectionSpecTest] with result: SUCCESS
Executing test allEnabledToString [okhttp3.ConnectionSpecTest] with result: SUCCESS
Executing test tls_explicitCiphers [okhttp3.ConnectionSpecTest] with result: SUCCESS
Executing test tls_stringCiphersAndVersions [okhttp3.ConnectionSpecTest] with result: SUCCESS
Executing test allEnabledTlsVersions [okhttp3.ConnectionSpecTest] with result: SUCCESS
Executing test allEnabledCipherSuites [okhttp3.ConnectionSpecTest] with result: SUCCESS
Executing test tls_missingTlsVersion [okhttp3.ConnectionSpecTest] with result: SUCCESS
Executing test iteratorOperator [okhttp3.HeadersKotlinTest] with result: SUCCESS
Executing test builderSetOperator [okhttp3.HeadersKotlinTest] with result: SUCCESS
Executing test builderGetOperator [okhttp3.HeadersKotlinTest] with result: SUCCESS
Executing test getOperator [okhttp3.HeadersKotlinTest] with result: SUCCESS
Executing test testDoesntMatchSupportedCustomSocketFactory[okhttp3.internal.platform.android.ConscryptSocketAdapter@223eedaa] [okhttp3.internal.platform.android.AndroidSocketAdapterTest] with result: SKIPPED
Executing test testMatchesSupportedAndroidSocketFactory[okhttp3.internal.platform.android.ConscryptSocketAdapter@223eedaa] [okhttp3.internal.platform.android.AndroidSocketAdapterTest] with result: SKIPPED
Executing test testCustomSocket[okhttp3.internal.platform.android.ConscryptSocketAdapter@223eedaa] [okhttp3.internal.platform.android.AndroidSocketAdapterTest] with result: SKIPPED
Executing test testMatchesSupportedSocket[okhttp3.internal.platform.android.ConscryptSocketAdapter@223eedaa] [okhttp3.internal.platform.android.AndroidSocketAdapterTest] with result: SKIPPED
Executing test testDoesntMatchSupportedCustomSocketFactory[okhttp3.internal.platform.android.DeferredSocketAdapter@78b3193b] [okhttp3.internal.platform.android.AndroidSocketAdapterTest] with result: SKIPPED
Executing test testMatchesSupportedAndroidSocketFactory[okhttp3.internal.platform.android.DeferredSocketAdapter@78b3193b] [okhttp3.internal.platform.android.AndroidSocketAdapterTest] with result: SKIPPED
Executing test testCustomSocket[okhttp3.internal.platform.android.DeferredSocketAdapter@78b3193b] [okhttp3.internal.platform.android.AndroidSocketAdapterTest] with result: SKIPPED
Executing test testMatchesSupportedSocket[okhttp3.internal.platform.android.DeferredSocketAdapter@78b3193b] [okhttp3.internal.platform.android.AndroidSocketAdapterTest] with result: SKIPPED
Executing test testDoesntMatchSupportedCustomSocketFactory[okhttp3.internal.platform.android.AndroidSocketAdapter@70db95ce] [okhttp3.internal.platform.android.AndroidSocketAdapterTest] with result: SKIPPED
Executing test testMatchesSupportedAndroidSocketFactory[okhttp3.internal.platform.android.AndroidSocketAdapter@70db95ce] [okhttp3.internal.platform.android.AndroidSocketAdapterTest] with result: SKIPPED
Executing test testCustomSocket[okhttp3.internal.platform.android.AndroidSocketAdapter@70db95ce] [okhttp3.internal.platform.android.AndroidSocketAdapterTest] with result: SKIPPED
Executing test testMatchesSupportedSocket[okhttp3.internal.platform.android.AndroidSocketAdapter@70db95ce] [okhttp3.internal.platform.android.AndroidSocketAdapterTest] with result: SKIPPED
Executing test testDoesntMatchSupportedCustomSocketFactory[okhttp3.internal.platform.android.StandardAndroidSocketAdapter@5d2684e8] [okhttp3.internal.platform.android.AndroidSocketAdapterTest] with result: SKIPPED
Executing test testMatchesSupportedAndroidSocketFactory[okhttp3.internal.platform.android.StandardAndroidSocketAdapter@5d2684e8] [okhttp3.internal.platform.android.AndroidSocketAdapterTest] with result: SKIPPED
Executing test testCustomSocket[okhttp3.internal.platform.android.StandardAndroidSocketAdapter@5d2684e8] [okhttp3.internal.platform.android.AndroidSocketAdapterTest] with result: SKIPPED
Executing test testMatchesSupportedSocket[okhttp3.internal.platform.android.StandardAndroidSocketAdapter@5d2684e8] [okhttp3.internal.platform.android.AndroidSocketAdapterTest] with result: SKIPPED
Executing test legalToExecuteTwiceCloning [okhttp3.CallKotlinTest] with result: SUCCESS
Executing test testHeadAfterPut [okhttp3.CallKotlinTest] with result: SUCCESS
Executing test testMockWebserverRequest [okhttp3.CallKotlinTest] with result: SUCCESS
Executing test doubleWildcardHostnameShouldNotMatchSuffix [okhttp3.CertificatePinnerKotlinTest] with result: SUCCESS
Executing test successfulCheckSha1Pin [okhttp3.CertificatePinnerKotlinTest] with result: SUCCESS
Executing test successfulFindMatchingPinsIgnoresCase [okhttp3.CertificatePinnerKotlinTest] with result: SUCCESS
Executing test checkSubstringMatch [okhttp3.CertificatePinnerKotlinTest] with result: SUCCESS
Executing test successfulFindMatchingPinPunycode [okhttp3.CertificatePinnerKotlinTest] with result: SUCCESS
Executing test successfulFindMatchingPinsForWildcardAndDirectCertificates [okhttp3.CertificatePinnerKotlinTest] with result: SUCCESS
Executing test wildcardHostnameShouldNotMatchThroughDot [okhttp3.CertificatePinnerKotlinTest] with result: SUCCESS
Executing test successfulFindMatchingPins [okhttp3.CertificatePinnerKotlinTest] with result: SUCCESS
Executing test doubleWildcardHostnameShouldMatchThroughDot [okhttp3.CertificatePinnerKotlinTest] with result: SUCCESS
Executing test successfulExpectContinuePermitsConnectionReuseWithHttp2 [okhttp3.CallTest] with result: SUCCESS
Executing test interceptorCallsProceedWithoutClosingPriorResponse [okhttp3.CallTest] with result: SUCCESS
Executing test anonCipherSuiteUnsupported [okhttp3.CallTest] with result: FAILURE
Executing test legalToExecuteTwiceCloning [okhttp3.CallTest] with result: SUCCESS
Executing test authenticateWithNoConnection [okhttp3.CallTest] with result: SUCCESS
Executing test postRedirectsToGet [okhttp3.CallTest] with result: SUCCESS
Executing test postBodyRetransmittedOnFailureRecovery [okhttp3.CallTest] with result: SUCCESS
Executing test cancelWhileRequestHeadersAreSent_HTTP_2 [okhttp3.CallTest] with result: SUCCESS
Executing test head_HTTP_2 [okhttp3.CallTest] with result: SUCCESS
Executing test readTimeoutFails [okhttp3.CallTest] with result: SUCCESS
Executing test canceledBeforeResponseReadSignalsOnFailure_HTTP_2 [okhttp3.CallTest] with result: SUCCESS
Executing test postEmptyBodyRetransmittedAfterAuthorizationFail_HTTPS [okhttp3.CallTest] with result: SUCCESS
Executing test expect100ContinueTimesOutWithoutContinue_HTTP2 [okhttp3.CallTest] with result: SUCCESS
Executing test proxyDisconnectsAfterRequest [okhttp3.CallTest] with result: SKIPPED
Executing test invalidHost [okhttp3.CallTest] with result: SKIPPED
Executing test invalidPort [okhttp3.CallTest] with result: SUCCESS
Executing test asyncLeakedResponseBodyLogsStackTrace [okhttp3.CallTest] with result: SUCCESS
Executing test onlyIfCachedReturns504WhenNotCached [okhttp3.CallTest] with result: SUCCESS
Executing test requestBodySurvivesRetries [okhttp3.CallTest] with result: SUCCESS
Executing test requestCookies [okhttp3.CallTest] with result: SUCCESS
Executing test recoverWhenRetryOnConnectionFailureIsTrue_HTTP2 [okhttp3.CallTest] with result: SUCCESS
Executing test postBodyRetransmittedOnFailureRecovery_HTTP2 [okhttp3.CallTest] with result: SUCCESS
Executing test http204WithBodyDisallowed [okhttp3.CallTest] with result: SUCCESS
Executing test redirect [okhttp3.CallTest] with result: SUCCESS
Executing test conditionalCacheHit_Async [okhttp3.CallTest] with result: SUCCESS
Executing test cannotRetryOneShotRequestBody [okhttp3.CallTest] with result: SUCCESS
Executing test redirect_Async [okhttp3.CallTest] with result: SUCCESS
Executing test put_HTTP_2 [okhttp3.CallTest] with result: SUCCESS
Executing test canRetryNormalRequestBody [okhttp3.CallTest] with result: SUCCESS
Executing test responseHeaderNameWithSpacePermitted [okhttp3.CallTest] with result: SUCCESS
Executing test disableClientRequestTimeoutRetry [okhttp3.CallTest] with result: SUCCESS
Executing test serverSendsInvalidCodeNotANumber [okhttp3.CallTest] with result: SUCCESS
Executing test userAgentIsIncludedByDefault [okhttp3.CallTest] with result: SUCCESS
Executing test doesNotFollow21Redirects_Async [okhttp3.CallTest] with result: SUCCESS
Executing test post_HTTP_2 [okhttp3.CallTest] with result: SUCCESS
Executing test canceledAfterResponseIsDeliveredBreaksStreamButSignalsOnce_HTTP_2 [okhttp3.CallTest] with result: SUCCESS
Executing test connectTimeout [okhttp3.InterceptorTest] with result: SUCCESS
Executing test proxyAuthenticateOnConnectWithConnectionClose [okhttp3.CallTest] with result: SUCCESS
Executing test networkInterceptorThrowsRuntimeExceptionSynchronous [okhttp3.InterceptorTest] with result: SUCCESS
Executing test applicationInterceptorsRewriteResponseFromServer [okhttp3.InterceptorTest] with result: SUCCESS
Executing test interceptorMakesAnUnrelatedAsyncRequest [okhttp3.InterceptorTest] with result: SUCCESS
Executing test networkInterceptorResponseMustHaveBody [okhttp3.InterceptorTest] with result: SUCCESS
Executing test networkInterceptorsCannotCallProceedMultipleTimes [okhttp3.InterceptorTest] with result: SUCCESS
Executing test networkInterceptorModifiedRequestIsReturned [okhttp3.InterceptorTest] with result: SUCCESS
Executing test interceptorMakesAnUnrelatedRequest [okhttp3.InterceptorTest] with result: SUCCESS
Executing test applicationInterceptorResponseMustHaveBody [okhttp3.InterceptorTest] with result: SUCCESS
Executing test asyncNetworkInterceptors [okhttp3.InterceptorTest] with result: SUCCESS
Executing test networkInterceptorsCannotShortCircuitResponses [okhttp3.InterceptorTest] with result: SUCCESS
Executing test applicationInterceptorThrowsRuntimeExceptionSynchronous [okhttp3.InterceptorTest] with result: SUCCESS
Executing test applicationInterceptorThrowsRuntimeExceptionAsynchronous [okhttp3.InterceptorTest] with result: SUCCESS
Executing test asyncApplicationInterceptors [okhttp3.InterceptorTest] with result: SUCCESS
Executing test networkInterceptorReturnsNull [okhttp3.InterceptorTest] with result: SUCCESS
Executing test follow20Redirects [okhttp3.CallTest] with result: SUCCESS
Executing test setFollowRedirectsFalse [okhttp3.CallTest] with result: SUCCESS
Executing test successfulExpectContinuePermitsConnectionReuse [okhttp3.CallTest] with result: SUCCESS
Executing test recoverFromTlsHandshakeFailure_tlsFallbackScsvEnabled [okhttp3.CallTest] with result: SUCCESS
Executing test delete_HTTPS [okhttp3.CallTest] with result: SUCCESS
Executing test cacheHit [okhttp3.CallTest] with result: SUCCESS
Executing test connectionPoolingWithClientBuiltOffProxy [okhttp3.CallTest] with result: SUCCESS
Executing test conditionalCacheHit [okhttp3.CallTest] with result: SUCCESS
Executing test doesNotFollow21Redirects [okhttp3.CallTest] with result: SUCCESS
Executing test cancelInFlightBeforeResponseReadThrowsIOE_HTTP_2 [okhttp3.CallTest] with result: SUCCESS
Executing test serverRespondsWith100ContinueOnly [okhttp3.CallTest] with result: SUCCESS
Executing test httpProxyAuthenticate [okhttp3.CallTest] with result: SUCCESS
Executing test serverRespondsWithUnsolicited100Continue [okhttp3.CallTest] with result: SUCCESS
Executing test postZerolength_HTTPS [okhttp3.CallTest] with result: SUCCESS
Executing test clientReadsHeadersDataTrailersHttp2 [okhttp3.CallTest] with result: SUCCESS
Executing test httpsCallsFailWhenProtocolIsH2PriorKnowledge [okhttp3.CallTest] with result: SUCCESS
Executing test recoverWhenRetryOnConnectionFailureIsTrue [okhttp3.CallTest] with result: SUCCESS
Executing test put_HTTPS [okhttp3.CallTest] with result: SUCCESS
Executing test repeatedHeaderNames_HTTP_2 [okhttp3.CallTest] with result: SUCCESS
Executing test asyncResponseCanBeConsumedLater [okhttp3.CallTest] with result: SUCCESS
Executing test canceledAfterResponseIsDeliveredBreaksStreamButSignalsOnce [okhttp3.CallTest] with result: SUCCESS
Executing test attemptAuthorization20Times [okhttp3.CallTest] with result: SUCCESS
Executing test get_HTTP_2 [okhttp3.CallTest] with result: SUCCESS
Executing test serverSendsInvalidResponseHeaders [okhttp3.CallTest] with result: SUCCESS
Executing test cancelBeforeBodyIsRead [okhttp3.CallTest] with result: SUCCESS
Executing test cancelInFlightBeforeResponseReadThrowsIOE_HTTPS [okhttp3.CallTest] with result: SUCCESS
Executing test get [okhttp3.CallTest] with result: SUCCESS
Executing test put [okhttp3.CallTest] with result: SUCCESS
Executing test tls [okhttp3.CallTest] with result: SUCCESS
Executing test gzip [okhttp3.CallTest] with result: SUCCESS
Executing test head [okhttp3.CallTest] with result: SUCCESS
Executing test post [okhttp3.CallTest] with result: SUCCESS
Executing test canceledBeforeResponseReadSignalsOnFailure [okhttp3.CallTest] with result: SUCCESS
Executing test cancelWhileRequestHeadersAreSent [okhttp3.CallTest] with result: SUCCESS
Executing test uploadBodyLargeChunkedEncoding [okhttp3.CallTest] with result: SUCCESS
Executing test expect100ContinueEmptyRequestBody [okhttp3.CallTest] with result: SUCCESS
Executing test patch [okhttp3.CallTest] with result: SUCCESS
Executing test requestBodyThrowsUnrelatedToNetwork [okhttp3.CallTest] with result: SUCCESS
Executing test noRecoverWhenRetryOnConnectionFailureIsFalse [okhttp3.CallTest] with result: SUCCESS
Executing test preemptiveProxyAuthentication [okhttp3.CallTest] with result: SUCCESS
Executing test preemptiveThenReactiveProxyAuthentication [okhttp3.CallTest] with result: SUCCESS
Executing test recoverFromTlsHandshakeFailure [okhttp3.CallTest] with result: SUCCESS
Executing test uploadBodyLargeFixedLength [okhttp3.CallTest] with result: SUCCESS
Executing test dnsReturnsZeroIpAddresses [okhttp3.CallTest] with result: SUCCESS
Executing test requestBodyThrowsUnrelatedToNetwork_HTTP2 [okhttp3.CallTest] with result: SUCCESS
Executing test connectionPooling_Async [okhttp3.CallTest] with result: SUCCESS
Executing test tooManyProxyAuthFailuresWithConnectionClose [okhttp3.CallTest] with result: SUCCESS
Executing test ipv6HostHasSquareBraces [okhttp3.CallTest] with result: SUCCESS
Executing test serverSendsUnnecessaryWhitespace [okhttp3.CallTest] with result: SUCCESS
Executing test cancelAll [okhttp3.CallTest] with result: SUCCESS
Executing test postEmptyBodyRetransmittedAfterAuthorizationFail [okhttp3.CallTest] with result: SUCCESS
Executing test conditionalCacheMiss_Async [okhttp3.CallTest] with result: SUCCESS
Executing test serverRespondsWith100ContinueOnly_HTTP2 [okhttp3.CallTest] with result: SUCCESS
Executing test customMethodWithBody [okhttp3.CallTest] with result: SUCCESS
Executing test conditionalCacheMiss [okhttp3.CallTest] with result: SUCCESS
Executing test expect100ContinueTimesOutWithoutContinue [okhttp3.CallTest] with result: SUCCESS
Executing test getClientRequestTimeout [okhttp3.CallTest] with result: SUCCESS
Executing test postZerolength_HTTP_2 [okhttp3.CallTest] with result: SUCCESS
Executing test patch_HTTP_2 [okhttp3.CallTest] with result: SUCCESS
Executing test serverRespondsWithUnsolicited100Continue_HTTP2 [okhttp3.CallTest] with result: SUCCESS
Executing test noRecoveryFromTlsHandshakeFailureWhenTlsFallbackIsDisabled [okhttp3.CallTest] with result: SUCCESS
Executing test getWithRequestBody [okhttp3.CallTest] with result: SUCCESS
Executing test getClientRequestTimeoutWithBackPressure [okhttp3.CallTest] with result: SUCCESS
Executing test httpsWithIpAddress [okhttp3.CallTest] with result: SUCCESS
Executing test failingCallsDoNotInterfereWithConnection [okhttp3.CallTest] with result: SUCCESS
Executing test proxyConnectOmitsApplicationHeaders [okhttp3.CallTest] with result: SUCCESS
Executing test cancelImmediatelyAfterEnqueue [okhttp3.CallTest] with result: SUCCESS
Executing test httpWithExcessiveHeaders [okhttp3.CallTest] with result: SUCCESS
Executing test timeoutsUpdatedOnReusedConnections [okhttp3.CallTest] with result: SUCCESS
Executing test chainWithWriteTimeout [okhttp3.InterceptorTest] with result: SUCCESS
Executing test networkInterceptorsRewriteResponseFromServer [okhttp3.InterceptorTest] with result: SUCCESS
Executing test networkInterceptorsRewriteRequestToServer [okhttp3.InterceptorTest] with result: SUCCESS
Executing test chainCanCancelCall [okhttp3.InterceptorTest] with result: SUCCESS
Executing test multipleApplicationInterceptors [okhttp3.InterceptorTest] with result: SUCCESS
Executing test dynamicTableSizeHasAnUpperBound [okhttp3.internal.http2.HpackTest] with result: SUCCESS
Executing test patch_HTTPS [okhttp3.CallTest] with result: SUCCESS
Executing test literalHeaderFieldNeverIndexedNewName [okhttp3.internal.http2.HpackTest] with result: SUCCESS
Executing test writeMultibyteInt [okhttp3.internal.http2.HpackTest] with result: SUCCESS
Executing test mixedCaseHeaderNameIsMalformed [okhttp3.internal.http2.HpackTest] with result: SUCCESS
Executing test max31BitValue [okhttp3.internal.http2.HpackTest] with result: SUCCESS
Executing test readIndexedHeaderFieldFromStaticTableWithoutBuffering [okhttp3.internal.http2.HpackTest] with result: SUCCESS
Executing test readFailingRequestExample [okhttp3.internal.http2.HpackTest] with result: SUCCESS
Executing test emitsDynamicTableSizeUpdate [okhttp3.internal.http2.HpackTest] with result: SUCCESS
Executing test staticTableIndexedHeaders [okhttp3.internal.http2.HpackTest] with result: SUCCESS
Executing test prefixMask [okhttp3.internal.http2.HpackTest] with result: SUCCESS
Executing test manyDynamicTableSizeChanges [okhttp3.internal.http2.HpackTest] with result: SUCCESS
Executing test readLiteralHeaderFieldWithIndexing [okhttp3.internal.http2.HpackTest] with result: SUCCESS
Executing test emptyHeaderName [okhttp3.internal.http2.HpackTest] with result: SUCCESS
Executing test huffmanEncode [okhttp3.internal.http2.HpackTest] with result: SUCCESS
Executing test noDynamicTableSizeUpdateWhenSizeIsEqual [okhttp3.internal.http2.HpackTest] with result: SUCCESS
Executing test literalHeaderFieldNeverIndexedIndexedName [okhttp3.internal.http2.HpackTest] with result: SUCCESS
Executing test doNotIndexPseudoHeaders [okhttp3.internal.http2.HpackTest] with result: SUCCESS
Executing test readIndexedHeaderFieldIndex0 [okhttp3.internal.http2.HpackTest] with result: SUCCESS
Executing test literalHeaderFieldWithIncrementalIndexingIndexedName [okhttp3.internal.http2.HpackTest] with result: SUCCESS
Executing test shrinkDynamicTableSize [okhttp3.internal.http2.HpackTest] with result: SUCCESS
Executing test literalHeaderFieldWithoutIndexingIndexedName [okhttp3.internal.http2.HpackTest] with result: SUCCESS
Executing test readMultibyteInt [okhttp3.internal.http2.HpackTest] with result: SUCCESS
Executing test readSingleByteInt [okhttp3.internal.http2.HpackTest] with result: SUCCESS
Executing test incrementalIndexingWithAuthorityPseudoHeader [okhttp3.internal.http2.HpackTest] with result: SUCCESS
Executing test zero [okhttp3.internal.http2.HpackTest] with result: SUCCESS
Executing test readRequestExamplesWithHuffman [okhttp3.internal.http2.HpackTest] with result: SUCCESS
Executing test cannotSetTableSizeLargerThanSettingsValue [okhttp3.internal.http2.HpackTest] with result: SUCCESS
Executing test tooLargeToHPackIsStillEmitted [okhttp3.internal.http2.HpackTest] with result: SUCCESS
Executing test literalHeaderFieldWithIncrementalIndexingNewName [okhttp3.internal.http2.HpackTest] with result: SUCCESS
Executing test huffmanDecodingSupported [okhttp3.internal.http2.HpackTest] with result: SUCCESS
Executing test readHeaderTableStateChangeInsidiousMaxHeaderByteCount [okhttp3.internal.http2.HpackTest] with result: SUCCESS
Executing test incrementalIndexingWithDynamcTableIndexedName [okhttp3.internal.http2.HpackTest] with result: SUCCESS
Executing test lowercaseHeaderNameBeforeEmit [okhttp3.internal.http2.HpackTest] with result: SUCCESS
Executing test growDynamicTableSize [okhttp3.internal.http2.HpackTest] with result: SUCCESS
Executing test literalHeaderFieldWithoutIndexingNewName [okhttp3.internal.http2.HpackTest] with result: SUCCESS
Executing test incrementalIndexingWithStaticTableIndexedName [okhttp3.internal.http2.HpackTest] with result: SUCCESS
Executing test staticHeaderIsNotCopiedIntoTheIndexedTable [okhttp3.internal.http2.HpackTest] with result: SUCCESS
Executing test readRequestExamplesWithoutHuffman [okhttp3.internal.http2.HpackTest] with result: SUCCESS
Executing test readLiteralHeaderWithIncrementalIndexingDynamicName [okhttp3.internal.http2.HpackTest] with result: SUCCESS
Executing test readIndexedHeaderFieldInsidiousIndex [okhttp3.internal.http2.HpackTest] with result: SUCCESS
Executing test readerEviction [okhttp3.internal.http2.HpackTest] with result: SUCCESS
Executing test dynamicTableEvictionWhenSizeLowered [okhttp3.internal.http2.HpackTest] with result: SUCCESS
Executing test dynamicallyGrowsBeyond64Entries [okhttp3.internal.http2.HpackTest] with result: SUCCESS
Executing test prefixMaskMinusOne [okhttp3.internal.http2.HpackTest] with result: SUCCESS
Executing test writerEviction [okhttp3.internal.http2.HpackTest] with result: SUCCESS
Executing test writeSingleByteInt [okhttp3.internal.http2.HpackTest] with result: SUCCESS
Executing test readLiteralHeaderWithIncrementalIndexingStaticName [okhttp3.internal.http2.HpackTest] with result: SUCCESS
Executing test theSameHeaderAfterOneIncrementalIndexed [okhttp3.internal.http2.HpackTest] with result: SUCCESS
Executing test dynamicTableIndexedHeader [okhttp3.internal.http2.HpackTest] with result: SUCCESS
Executing test largeHeaderValue [okhttp3.internal.http2.HpackTest] with result: SUCCESS
Executing test noEvictionOnDynamicTableSizeIncrease [okhttp3.internal.http2.HpackTest] with result: SUCCESS
Executing test minMaxHeaderTableSize [okhttp3.internal.http2.HpackTest] with result: SUCCESS
Executing test readIndexedHeaderFieldTooLargeIndex [okhttp3.internal.http2.HpackTest] with result: SUCCESS
Executing test gzipResponseAfterAuthenticationChallenge [okhttp3.CallTest] with result: SUCCESS
Executing test deleteWithRequestBody [okhttp3.CallTest] with result: SUCCESS
Executing test tlsHandshakeFailure_noFallbackByDefault [okhttp3.CallTest] with result: SUCCESS
Executing test streamTimeoutDegradesConnectionAfterNoPong[h2_prior_knowledge] [okhttp3.internal.http2.HttpOverHttp2Test] with result: SUCCESS
Executing test recoverFromConnectionNoNewStreamsOnFollowUp[h2_prior_knowledge] [okhttp3.internal.http2.HttpOverHttp2Test] with result: SUCCESS
Executing test noRecoveryFromRefusedStreamWithRetryDisabled[h2_prior_knowledge] [okhttp3.internal.http2.HttpOverHttp2Test] with result: SUCCESS
Executing test readTimeoutOnSlowConnection[h2_prior_knowledge] [okhttp3.internal.http2.HttpOverHttp2Test] with result: SUCCESS
Executing test receiveResponseCookies[h2_prior_knowledge] [okhttp3.internal.http2.HttpOverHttp2Test] with result: SUCCESS
Executing test serverSendsPushPromise_GET[h2_prior_knowledge] [okhttp3.internal.http2.HttpOverHttp2Test] with result: SUCCESS
Executing test settingsLimitsMaxConcurrentStreams[h2_prior_knowledge] [okhttp3.internal.http2.HttpOverHttp2Test] with result: SUCCESS
Executing test concurrentRequestWithEmptyFlowControlWindow[h2_prior_knowledge] [okhttp3.internal.http2.HttpOverHttp2Test] with result: SUCCESS
Executing test nonAsciiResponseHeader[h2_prior_knowledge] [okhttp3.internal.http2.HttpOverHttp2Test] with result: SUCCESS
Executing test responsesAreCached[h2_prior_knowledge] [okhttp3.internal.http2.HttpOverHttp2Test] with result: SUCCESS
Executing test noRecoveryFromInternalErrorWithRetryDisabled[h2_prior_knowledge] [okhttp3.internal.http2.HttpOverHttp2Test] with result: SUCCESS
Executing test sendRequestCookies[h2_prior_knowledge] [okhttp3.internal.http2.HttpOverHttp2Test] with result: SUCCESS
Executing test connectionShutdownAfterHealthCheck[h2_prior_knowledge] [okhttp3.internal.http2.HttpOverHttp2Test] with result: SUCCESS
Executing test redirect[h2_prior_knowledge] [okhttp3.internal.http2.HttpOverHttp2Test] with result: SUCCESS
Executing test recoverFromMultipleRefusedStreamsRequiresNewConnection[h2_prior_knowledge] [okhttp3.internal.http2.HttpOverHttp2Test] with result: SUCCESS
Executing test cancelWhileWritingRequestBodySendsCancelToServer[h2_prior_knowledge] [okhttp3.internal.http2.HttpOverHttp2Test] with result: SUCCESS
Executing test responseCachedWithoutConsumingFullBody[h2_prior_knowledge] [okhttp3.internal.http2.HttpOverHttp2Test] with result: SUCCESS
Executing test recoverFromCancelReusesConnection[h2_prior_knowledge] [okhttp3.internal.http2.HttpOverHttp2Test] with result: SUCCESS
Executing test concurrentHttp2ConnectionsDeduplicated[h2_prior_knowledge] [okhttp3.internal.http2.HttpOverHttp2Test] with result: SKIPPED
Executing test unsuccessfulExpectContinuePreventsConnectionReuse [okhttp3.CallTest] with result: SUCCESS
Executing test postBodyRetransmittedAfterAuthorizationFail_HTTP_2 [okhttp3.CallTest] with result: SUCCESS
Executing test cancelWithInterceptor [okhttp3.CallTest] with result: SUCCESS
Executing test postWithFileNotFound [okhttp3.CallTest] with result: SUCCESS
Executing test readResponseHeaderTimeout[h2_prior_knowledge] [okhttp3.internal.http2.HttpOverHttp2Test] with result: SUCCESS
Executing test cancelWithStreamNotCompleted[h2_prior_knowledge] [okhttp3.internal.http2.HttpOverHttp2Test] with result: SUCCESS
Executing test recoverWhenRetryOnConnectionFailureIsFalse_HTTP2 [okhttp3.CallTest] with result: SUCCESS
Executing test getReturns500 [okhttp3.CallTest] with result: SUCCESS
Executing test conditionalCache[h2_prior_knowledge] [okhttp3.internal.http2.HttpOverHttp2Test] with result: SUCCESS
Executing test domainFronting[h2_prior_knowledge] [okhttp3.internal.http2.HttpOverHttp2Test] with result: SUCCESS
Executing test connectionWindowUpdateOnClose[h2_prior_knowledge] [okhttp3.internal.http2.HttpOverHttp2Test] with result: SUCCESS
Executing test follow20Redirects_Async [okhttp3.CallTest] with result: SUCCESS
Executing test pingsTransmitted[h2_prior_knowledge] [okhttp3.internal.http2.HttpOverHttp2Test] with result: SUCCESS
Executing test get[h2_prior_knowledge] [okhttp3.internal.http2.HttpOverHttp2Test] with result: SUCCESS
Executing test head[h2_prior_knowledge] [okhttp3.internal.http2.HttpOverHttp2Test] with result: SUCCESS
Executing test userSuppliedContentLengthHeader[h2_prior_knowledge] [okhttp3.internal.http2.HttpOverHttp2Test] with result: SUCCESS
Executing test expect100ContinueEmptyRequestBody_HTTP2 [okhttp3.CallTest] with result: SUCCESS
Executing test failedAuthenticatorReleasesConnection [okhttp3.CallTest] with result: SUCCESS
Executing test get_Async [okhttp3.CallTest] with result: SUCCESS
Executing test interceptorRecoversWhenRoutesExhausted [okhttp3.CallTest] with result: SUCCESS
Executing test get_HTTPS [okhttp3.CallTest] with result: SUCCESS
Executing test cancelDuringHttpsConnect [okhttp3.CallTest] with result: SUCCESS
Executing test propfindRedirectsToPropfindAndMaintainsRequestBody [okhttp3.CallTest] with result: SUCCESS
Executing test postZeroLength [okhttp3.CallTest] with result: SUCCESS
Executing test lateCancelCallsOnFailure [okhttp3.CallTest] with result: SUCCESS
Executing test cancelDuringHttpConnect [okhttp3.CallTest] with result: SUCCESS
Executing test buildRequestUsingHttpUrl [okhttp3.CallTest] with result: SUCCESS
Executing test maxUnavailableTimeoutRetries [okhttp3.CallTest] with result: SUCCESS
Executing test uploadBodySmallFixedLength [okhttp3.CallTest] with result: SUCCESS
Executing test illegalToExecuteTwice [okhttp3.CallTest] with result: SUCCESS
Executing test canceledBeforeIOSignalsOnFailure [okhttp3.CallTest] with result: SUCCESS
Executing test unmatchingPinnedCertificate [okhttp3.CallTest] with result: SUCCESS
Executing test redirectsDoNotIncludeTooManyAuthHeaders [okhttp3.CallTest] with result: SUCCESS
Executing test matchingPinnedCertificate [okhttp3.CallTest] with result: SUCCESS
Executing test responseHeaderParsingIsLenient [okhttp3.CallTest] with result: SUCCESS
Executing test maxClientRequestTimeoutRetries [okhttp3.CallTest] with result: SUCCESS
Executing test responseCookies [okhttp3.CallTest] with result: SUCCESS
Executing test serverSendsInvalidCodeTooLarge [okhttp3.CallTest] with result: SUCCESS
Executing test customDns [okhttp3.CallTest] with result: SUCCESS
Executing test postBodyRetransmittedAfterAuthorizationFail [okhttp3.CallTest] with result: SUCCESS
Executing test failedProxyAuthenticatorReleasesConnection [okhttp3.CallTest] with result: SUCCESS
Executing test tlsHostnameVerificationFailure [okhttp3.CallTest] with result: SUCCESS
Executing test head_HTTPS [okhttp3.CallTest] with result: SUCCESS
Executing test tls_Async [okhttp3.CallTest] with result: SUCCESS
Executing test unsuccessfulExpectContinuePermitsConnectionReuseWithHttp2 [okhttp3.CallTest] with result: SUCCESS
Executing test connectFails [okhttp3.CallTest] with result: SUCCESS
Executing test post_Async [okhttp3.CallTest] with result: SUCCESS
Executing test post_HTTPS [okhttp3.CallTest] with result: SUCCESS
Executing test rangeHeaderPreventsAutomaticGzip [okhttp3.CallTest] with result: SUCCESS
Executing test postBodyRetransmittedAfterAuthorizationFail_HTTPS [okhttp3.CallTest] with result: SUCCESS
Executing test setFollowSslRedirectsFalse [okhttp3.CallTest] with result: SUCCESS
Executing test canceledBeforeIOSignalsOnFailure_HTTP_2 [okhttp3.CallTest] with result: SUCCESS
Executing test manualCharset [okhttp3.FormBodyTest] with result: SUCCESS
Executing test urlEncoding [okhttp3.FormBodyTest] with result: SUCCESS
Executing test encodeMultiplePairs [okhttp3.FormBodyTest] with result: SUCCESS
Executing test buildEmptyForm [okhttp3.FormBodyTest] with result: SUCCESS
Executing test addEncoded [okhttp3.FormBodyTest] with result: SUCCESS
Executing test characterEncoding [okhttp3.FormBodyTest] with result: SUCCESS
Executing test encodedPair [okhttp3.FormBodyTest] with result: SUCCESS
Executing test idleCallbackInvokedWhenIdle [okhttp3.DispatcherTest] with result: SUCCESS
Executing test increasingMaxRequestsPromotesJobsImmediately [okhttp3.DispatcherTest] with result: SUCCESS
Executing test increasingMaxPerHostPromotesJobsImmediately [okhttp3.DispatcherTest] with result: SUCCESS
Executing test executionRejectedImmediately [okhttp3.DispatcherTest] with result: SUCCESS
Executing test executionRejectedAfterMaxRequestsChange [okhttp3.DispatcherTest] with result: SUCCESS
Executing test oldJobFinishesNewJobWithSameHostStarts [okhttp3.DispatcherTest] with result: SUCCESS
Executing test maxRequestsEnforced [okhttp3.DispatcherTest] with result: SUCCESS
Executing test enqueuedCallsStillRespectMaxCallsPerHost [okhttp3.DispatcherTest] with result: SUCCESS
Executing test maxPerHostNotEnforcedForWebSockets [okhttp3.DispatcherTest] with result: SUCCESS
Executing test oldJobFinishesNewJobCanRunDifferentHost [okhttp3.DispatcherTest] with result: SUCCESS
Executing test oldJobFinishesNewJobCantRunDueToHostLimit [okhttp3.DispatcherTest] with result: SUCCESS
Executing test maxRequestsZero [okhttp3.DispatcherTest] with result: SUCCESS
Executing test maxPerHostZero [okhttp3.DispatcherTest] with result: SUCCESS
Executing test synchronousCallAccessors [okhttp3.DispatcherTest] with result: SUCCESS
Executing test executionRejectedAfterMaxRequestsPerHostChange [okhttp3.DispatcherTest] with result: SUCCESS
Executing test cancelingRunningJobTakesNoEffectUntilJobFinishes [okhttp3.DispatcherTest] with result: SUCCESS
Executing test enqueuedJobsRunImmediately [okhttp3.DispatcherTest] with result: SUCCESS
Executing test executionRejectedAfterPrecedingCallFinishes [okhttp3.DispatcherTest] with result: SUCCESS
Executing test asyncCallAccessors [okhttp3.DispatcherTest] with result: SUCCESS
Executing test maxPerHostEnforced [okhttp3.DispatcherTest] with result: SUCCESS
Executing test remoteDoubleSynReply [okhttp3.internal.http2.Http2ConnectionTest] with result: SUCCESS
Executing test outgoingWritesAreBatched [okhttp3.internal.http2.Http2ConnectionTest] with result: SUCCESS
Executing test clientDoesNotLimitFlowControl [okhttp3.internal.http2.Http2ConnectionTest] with result: SUCCESS
Executing test noTrailersFrameYieldsEmptyTrailers [okhttp3.internal.http2.Http2ConnectionTest] with result: SUCCESS
Executing test clientCreatesStreamAndServerRepliesWithFin [okhttp3.internal.http2.Http2ConnectionTest] with result: SUCCESS
Executing test peerHttp2ClientDisablesPush [okhttp3.internal.http2.Http2ConnectionTest] with result: SUCCESS
Executing test readSendsWindowUpdate [okhttp3.internal.http2.Http2ConnectionTest] with result: SUCCESS
Executing test bogusDataFrameDoesNotDisruptConnection [okhttp3.internal.http2.Http2ConnectionTest] with result: SUCCESS
Executing test receiveGoAwayHttp2 [okhttp3.internal.http2.Http2ConnectionTest] with result: SUCCESS
Executing test pushPromiseStreamsAutomaticallyCancel [okhttp3.internal.http2.Http2ConnectionTest] with result: SUCCESS
Executing test clientSendsEmptyDataServerDoesntSendWindowUpdate [okhttp3.internal.http2.Http2ConnectionTest] with result: SUCCESS
Executing test writeTimesOutAwaitingConnectionWindow [okhttp3.internal.http2.Http2ConnectionTest] with result: SUCCESS
Executing test clientCannotReadTrailersWithoutExhaustingStream [okhttp3.internal.http2.Http2ConnectionTest] with result: SUCCESS
Executing test doublePushPromise [okhttp3.internal.http2.Http2ConnectionTest] with result: SUCCESS
Executing test serverWritesTrailersAndClientReadsTrailers [okhttp3.internal.http2.Http2ConnectionTest] with result: SUCCESS
Executing test clientPingsServer [okhttp3.internal.http2.Http2ConnectionTest] with result: SUCCESS
Executing test recoverFromMultipleCancelReusesConnection[h2_prior_knowledge] [okhttp3.internal.http2.HttpOverHttp2Test] with result: SUCCESS
Executing test emptyDataFrameSentWithEmptyBody[h2_prior_knowledge] [okhttp3.internal.http2.HttpOverHttp2Test] with result: SUCCESS
Executing test shutdownAfterLateCoalescing[h2_prior_knowledge] [okhttp3.internal.http2.HttpOverHttp2Test] with result: SUCCESS
Executing test gzippedResponseBody[h2_prior_knowledge] [okhttp3.internal.http2.HttpOverHttp2Test] with result: SUCCESS
Executing test writeTimesOutAwaitingStreamWindow [okhttp3.internal.http2.Http2ConnectionTest] with result: SUCCESS
Executing test serverWritesTrailersWithData [okhttp3.internal.http2.Http2ConnectionTest] with result: SUCCESS
Executing test unexpectedPongIsNotReturned [okhttp3.internal.http2.Http2ConnectionTest] with result: SUCCESS
Executing test connectionWindowUpdateAfterCanceling[h2_prior_knowledge] [okhttp3.internal.http2.HttpOverHttp2Test] with result: SUCCESS
Executing test recoverFromOneInternalErrorRequiresNewConnection[h2_prior_knowledge] [okhttp3.internal.http2.HttpOverHttp2Test] with result: SUCCESS
Executing test pushPromiseStream [okhttp3.internal.http2.Http2ConnectionTest] with result: SUCCESS
Executing test peerSetsZeroFlowControl [okhttp3.internal.http2.Http2ConnectionTest] with result: SUCCESS
Executing test connectionReuse[h2_prior_knowledge] [okhttp3.internal.http2.HttpOverHttp2Test] with result: SUCCESS
Executing test serverClosesClientInputStream [okhttp3.internal.http2.Http2ConnectionTest] with result: SUCCESS
Executing test serverPingsClientHttp2 [okhttp3.internal.http2.Http2ConnectionTest] with result: SUCCESS
Executing test close [okhttp3.internal.http2.Http2ConnectionTest] with result: SUCCESS
Executing test noDataFramesSentWithNullRequestBody[h2_prior_knowledge] [okhttp3.internal.http2.HttpOverHttp2Test] with result: SUCCESS
Executing test sendGoAway [okhttp3.internal.http2.Http2ConnectionTest] with result: SUCCESS
Executing test emptyResponse[h2_prior_knowledge] [okhttp3.internal.http2.HttpOverHttp2Test] with result: SUCCESS
Executing test testTruncatedDataFrame [okhttp3.internal.http2.Http2ConnectionTest] with result: SUCCESS
Executing test serverSendsSettingsToClient [okhttp3.internal.http2.Http2ConnectionTest] with result: SUCCESS
Executing test blockedStreamDoesntStarveNewStream [okhttp3.internal.http2.Http2ConnectionTest] with result: SUCCESS
Executing test clientCannotReadTrailersIfTheStreamFailed [okhttp3.internal.http2.Http2ConnectionTest] with result: SUCCESS
Executing test readMultipleSetsOfResponseHeaders [okhttp3.internal.http2.Http2ConnectionTest] with result: SUCCESS
Executing test discardedDataFramesAreCounted [okhttp3.internal.http2.Http2ConnectionTest] with result: SUCCESS
Executing test serverFinishesStreamWithHeaders [okhttp3.internal.http2.Http2ConnectionTest] with result: SUCCESS
Executing test missingPongsFailsConnection[h2_prior_knowledge] [okhttp3.internal.http2.HttpOverHttp2Test] with result: SUCCESS
Executing test serverSendsPushPromise_HEAD[h2_prior_knowledge] [okhttp3.internal.http2.HttpOverHttp2Test] with result: SUCCESS
Executing test noDefaultContentLengthOnStreamingPost[h2_prior_knowledge] [okhttp3.internal.http2.HttpOverHttp2Test] with result: SUCCESS
Executing test connectionNotReusedAfterShutdown[h2_prior_knowledge] [okhttp3.internal.http2.HttpOverHttp2Test] with result: SUCCESS
Executing test recoverFromOneRefusedStreamReusesConnection[h2_prior_knowledge] [okhttp3.internal.http2.HttpOverHttp2Test] with result: SUCCESS
Executing test readAfterLastByte[h2_prior_knowledge] [okhttp3.internal.http2.HttpOverHttp2Test] with result: SUCCESS
Executing test synchronousRequest[h2_prior_knowledge] [okhttp3.internal.http2.HttpOverHttp2Test] with result: SKIPPED
Executing test readTimesOut [okhttp3.internal.http2.Http2ConnectionTest] with result: SUCCESS
Executing test headers [okhttp3.internal.http2.Http2ConnectionTest] with result: SUCCESS
Executing test remoteSendsRefusedStreamBeforeReplyHeaders [okhttp3.internal.http2.Http2ConnectionTest] with result: SUCCESS
Executing test clearSettingsBeforeMerge [okhttp3.internal.http2.Http2ConnectionTest] with result: SUCCESS
Executing test readSendsWindowUpdateHttp2 [okhttp3.internal.http2.Http2ConnectionTest] with result: SUCCESS
Executing test responseHeadersAfterGoaway[h2_prior_knowledge] [okhttp3.internal.http2.HttpOverHttp2Test] with result: SUCCESS
Executing test get204Response[h2_prior_knowledge] [okhttp3.internal.http2.HttpOverHttp2Test] with result: SUCCESS
Executing test authenticate[h2_prior_knowledge] [okhttp3.internal.http2.HttpOverHttp2Test] with result: SUCCESS
Executing test getResponseHeadersTimesOut [okhttp3.internal.http2.Http2ConnectionTest] with result: SUCCESS
Executing test multipleSettingsFramesAreMerged [okhttp3.internal.http2.Http2ConnectionTest] with result: SUCCESS
Executing test receiveGoAway [okhttp3.internal.http2.Http2ConnectionTest] with result: SUCCESS
Executing test remoteSendsDataAfterInFinished [okhttp3.internal.http2.Http2ConnectionTest] with result: SUCCESS
Executing test serverSendsEmptyDataClientDoesntSendWindowUpdate [okhttp3.internal.http2.Http2ConnectionTest] with result: SUCCESS
Executing test serverPingsClient [okhttp3.internal.http2.Http2ConnectionTest] with result: SUCCESS
Executing test serverCannotEnqueueTrailersAfterFinishingTheStream [okhttp3.internal.http2.Http2ConnectionTest] with result: SUCCESS
Executing test peerIncreasesMaxFrameSize [okhttp3.internal.http2.Http2ConnectionTest] with result: SUCCESS
Executing test bogusReplySilentlyIgnored [okhttp3.internal.http2.Http2ConnectionTest] with result: SUCCESS
Executing test socketExceptionWhileWritingHeaders [okhttp3.internal.http2.Http2ConnectionTest] with result: SUCCESS
Executing test peerHttp2ServerLowersInitialWindowSize [okhttp3.internal.http2.Http2ConnectionTest] with result: SUCCESS
Executing test clientCreatesStreamAndServerReplies [okhttp3.internal.http2.Http2ConnectionTest] with result: SUCCESS
Executing test serverSendsEmptyDataClientDoesntSendWindowUpdateHttp2 [okhttp3.internal.http2.Http2ConnectionTest] with result: SUCCESS
Executing test remoteOmitsInitialSettings [okhttp3.internal.http2.Http2ConnectionTest] with result: SUCCESS
Executing test clientClosesClientInputStreamIfOutputStreamIsClosed [okhttp3.internal.http2.Http2ConnectionTest] with result: SUCCESS
Executing test serverClosesClientOutputStream [okhttp3.internal.http2.Http2ConnectionTest] with result: SUCCESS
Executing test clientClosesClientInputStream [okhttp3.internal.http2.Http2ConnectionTest] with result: SUCCESS
Executing test clientSendsEmptyDataServerDoesntSendWindowUpdateHttp2 [okhttp3.internal.http2.Http2ConnectionTest] with result: SUCCESS
Executing test maxFrameSizeHonored [okhttp3.internal.http2.Http2ConnectionTest] with result: SUCCESS
Executing test peerHttp2ServerZerosCompressionTable [okhttp3.internal.http2.Http2ConnectionTest] with result: SUCCESS
Executing test serverReadsHeadersDataHeaders [okhttp3.internal.http2.Http2ConnectionTest] with result: SUCCESS
Executing test readSettingsFrameTooShortFrameLength [okhttp3.internal.http2.Http2Test] with result: SUCCESS
Executing test unknownFrameTypeSkipped [okhttp3.internal.http2.Http2Test] with result: SUCCESS
Executing test readRstStreamFrame [okhttp3.internal.http2.Http2Test] with result: SUCCESS
Executing test headersFrameThenContinuation [okhttp3.internal.http2.Http2Test] with result: SUCCESS
Executing test goAwayWithDebugDataRoundTrip [okhttp3.internal.http2.Http2Test] with result: SUCCESS
Executing test readSettingsFrameUnknownSettingId [okhttp3.internal.http2.Http2Test] with result: SUCCESS
Executing test readPaddedHeadersFrameZeroPadding [okhttp3.internal.http2.Http2Test] with result: SUCCESS
Executing test tooLargeDataFrame [okhttp3.internal.http2.Http2Test] with result: SUCCESS
Executing test compressedDataFrameWhenSettingDisabled [okhttp3.internal.http2.Http2Test] with result: SUCCESS
Executing test readSettingsFrameTooLongFrameLength [okhttp3.internal.http2.Http2Test] with result: SUCCESS
Executing test windowUpdateRoundTrip [okhttp3.internal.http2.Http2Test] with result: SUCCESS
Executing test goAwayWithoutDebugDataRoundTrip [okhttp3.internal.http2.Http2Test] with result: SUCCESS
Executing test pushPromise [okhttp3.internal.http2.Http2Test] with result: SUCCESS
Executing test badWindowSizeIncrement [okhttp3.internal.http2.Http2Test] with result: SUCCESS
Executing test readSettingsFrameNegativeWindowSize [okhttp3.internal.http2.Http2Test] with result: SUCCESS
Executing test streamIdHasReservedBit [okhttp3.internal.http2.Http2Test] with result: SUCCESS
Executing test readSettingsFrameNegativeFrameLength [okhttp3.internal.http2.Http2Test] with result: SUCCESS
Executing test readSettingsFrameExperimentalId [okhttp3.internal.http2.Http2Test] with result: SUCCESS
Executing test readPaddedHeadersFrame [okhttp3.internal.http2.Http2Test] with result: SUCCESS
Executing test readPaddedDataFrame [okhttp3.internal.http2.Http2Test] with result: SUCCESS
Executing test readSettingsFrame [okhttp3.internal.http2.Http2Test] with result: SUCCESS
Executing test pingRoundTrip [okhttp3.internal.http2.Http2Test] with result: SUCCESS
Executing test ackSettingsAppliesMaxFrameSize [okhttp3.internal.http2.Http2Test] with result: SUCCESS
Executing test readPaddedDataFrameZeroPadding [okhttp3.internal.http2.Http2Test] with result: SUCCESS
Executing test headersWithPriority [okhttp3.internal.http2.Http2Test] with result: SUCCESS
Executing test pushPromiseThenContinuation [okhttp3.internal.http2.Http2Test] with result: SUCCESS
Executing test readSettingsFrameInvalidPushValue [okhttp3.internal.http2.Http2Test] with result: SUCCESS
Executing test maxLengthDataFrame [okhttp3.internal.http2.Http2Test] with result: SUCCESS
Executing test onlyOneLiteralHeadersFrame [okhttp3.internal.http2.Http2Test] with result: SUCCESS
Executing test readPaddedHeadersFrameThenContinuation [okhttp3.internal.http2.Http2Test] with result: SUCCESS
Executing test frameSizeError [okhttp3.internal.http2.Http2Test] with result: SUCCESS
Executing test dataFrameNotAssociateWithStream [okhttp3.internal.http2.Http2Test] with result: SUCCESS
Executing test oldestConnectionsEvictedIfIdleLimitExceeded [okhttp3.internal.connection.ConnectionPoolTest] with result: SUCCESS
Executing test cleanupPrioritizesEarliestEviction [okhttp3.internal.connection.ConnectionPoolTest] with result: SUCCESS
Executing test interruptStopsThread [okhttp3.internal.connection.ConnectionPoolTest] with result: SUCCESS
Executing test inUseConnectionsNotEvicted [okhttp3.internal.connection.ConnectionPoolTest] with result: SUCCESS
Executing test leakedAllocation [okhttp3.internal.connection.ConnectionPoolTest] with result: SUCCESS
Executing test connectionsEvictedWhenIdleLongEnough [okhttp3.internal.connection.ConnectionPoolTest] with result: SUCCESS
Executing test connectionTimeout[h2_prior_knowledge] [okhttp3.internal.http2.HttpOverHttp2Test] with result: SUCCESS
Executing test noEffectiveTldPlusOne [okhttp3.internal.publicsuffix.PublicSuffixDatabaseTest] with result: SUCCESS
Executing test boundarySearches [okhttp3.internal.publicsuffix.PublicSuffixDatabaseTest] with result: SUCCESS
Executing test exceptionRule [okhttp3.internal.publicsuffix.PublicSuffixDatabaseTest] with result: SUCCESS
Executing test threadIsInterruptedOnFirstRead [okhttp3.internal.publicsuffix.PublicSuffixDatabaseTest] with result: SUCCESS
Executing test allPublicSuffixes [okhttp3.internal.publicsuffix.PublicSuffixDatabaseTest] with result: SUCCESS
Executing test publicSuffixExceptions [okhttp3.internal.publicsuffix.PublicSuffixDatabaseTest] with result: SUCCESS
Executing test wildcardMatch [okhttp3.internal.publicsuffix.PublicSuffixDatabaseTest] with result: SUCCESS
Executing test publicSuffixDotOrgTestCases [okhttp3.internal.publicsuffix.PublicSuffixDatabaseTest] with result: SUCCESS
Executing test longestMatchWins [okhttp3.internal.publicsuffix.PublicSuffixDatabaseTest] with result: SUCCESS
Executing test aggressiveClearingHandlesEdit [okhttp3.internal.cache.DiskLruCacheTest] with result: SUCCESS
Executing test aggressiveClearingHandlesRead [okhttp3.internal.cache.DiskLruCacheTest] with result: SUCCESS
Executing test updateExistingEntryWithTooFewValuesReusesPreviousValues [okhttp3.internal.cache.DiskLruCacheTest] with result: SUCCESS
Executing test revertedNewFileIsRemoveInJournal [okhttp3.internal.cache.DiskLruCacheTest] with result: SUCCESS
Executing test cleanupTrimFailurePreventsSnapshotWrites [okhttp3.internal.cache.DiskLruCacheTest] with result: SUCCESS
Executing test openWithInvalidFileSizeClearsDirectory [okhttp3.internal.cache.DiskLruCacheTest] with result: SUCCESS
Executing test removeHandlesMissingFile [okhttp3.internal.cache.DiskLruCacheTest] with result: SUCCESS
Executing test readAndWriteEntryWithoutProperClose [okhttp3.internal.cache.DiskLruCacheTest] with result: SUCCESS
Executing test journalFileIsPreferredOverBackupFile [okhttp3.internal.cache.DiskLruCacheTest] with result: SUCCESS
Executing test noSizeCorruptionAfterEditorDetached [okhttp3.internal.cache.DiskLruCacheTest] with result: SUCCESS
Executing test createNewEntryWithTooFewValuesFails [okhttp3.internal.cache.DiskLruCacheTest] with result: SUCCESS
Executing test iteratorElementsUpdatedDuringIterationAreUpdated [okhttp3.internal.cache.DiskLruCacheTest] with result: SUCCESS
Executing test editSnapshotAfterChangeAborted [okhttp3.internal.cache.DiskLruCacheTest] with result: SUCCESS
Executing test evictOnInsert [okhttp3.internal.cache.DiskLruCacheTest] with result: SUCCESS
Executing test editSinceEvictedAndRecreated [okhttp3.internal.cache.DiskLruCacheTest] with result: SUCCESS
Executing test journalWithEditAndPublish [okhttp3.internal.cache.DiskLruCacheTest] with result: SUCCESS
Executing test validateKey [okhttp3.internal.cache.DiskLruCacheTest] with result: SUCCESS
Executing test openWithInvalidJournalLineClearsDirectory [okhttp3.internal.cache.DiskLruCacheTest] with result: SUCCESS
Executing test evictAllWithPartialEditDoesNotStoreAValue [okhttp3.internal.cache.DiskLruCacheTest] with result: SUCCESS
Executing test cleanupTrimFailureWithPartialSnapshot [okhttp3.internal.cache.DiskLruCacheTest] with result: SUCCESS
Executing test manualRemovalAfterCleanupTrimFailure [okhttp3.internal.cache.DiskLruCacheTest] with result: SUCCESS
Executing test editSinceEvicted [okhttp3.internal.cache.DiskLruCacheTest] with result: SUCCESS
Executing test rebuildJournalFailureAllowsRemovals [okhttp3.internal.cache.DiskLruCacheTest] with result: SUCCESS
Executing test emptyCache [okhttp3.internal.cache.DiskLruCacheTest] with result: SUCCESS
Executing test evictOnUpdate [okhttp3.internal.cache.DiskLruCacheTest] with result: SUCCESS
Executing test unterminatedEditIsRevertedOnClose [okhttp3.internal.cache.DiskLruCacheTest] with result: SUCCESS
Executing test openWithTooManyFileSizesClearsDirectory [okhttp3.internal.cache.DiskLruCacheTest] with result: SUCCESS
Executing test constructorDoesNotAllowZeroValuesPerEntry [okhttp3.internal.cache.DiskLruCacheTest] with result: SUCCESS
Executing test aggressiveClearingHandlesWrite [okhttp3.internal.cache.DiskLruCacheTest] with result: SUCCESS
Executing test flushingAfterCleanupTrimFailure [okhttp3.internal.cache.DiskLruCacheTest] with result: SUCCESS
Executing test evictAllWithPartialCreate [okhttp3.internal.cache.DiskLruCacheTest] with result: SUCCESS
Executing test writeAndReadEntry [okhttp3.internal.cache.DiskLruCacheTest] with result: SUCCESS
Executing test openWithInvalidBlankLineClearsDirectory [okhttp3.internal.cache.DiskLruCacheTest] with result: SUCCESS
Executing test abortAfterDetach [okhttp3.internal.cache.DiskLruCacheTest] with result: SUCCESS
Executing test growMaxSize [okhttp3.internal.cache.DiskLruCacheTest] with result: SUCCESS
Executing test readingTheSameStreamMultipleTimes [okhttp3.internal.cache.DiskLruCacheTest] with result: SUCCESS
Executing test iteratorElementsAddedDuringIterationAreOmitted [okhttp3.internal.cache.DiskLruCacheTest] with result: SUCCESS
Executing test nullKeyThrows [okhttp3.internal.cache.DiskLruCacheTest] with result: SUCCESS
Executing test iteratorRemoveOncePerCallToNext [okhttp3.internal.cache.DiskLruCacheTest] with result: SUCCESS
Executing test rebuildJournalFailureWithCacheTrim [okhttp3.internal.cache.DiskLruCacheTest] with result: SUCCESS
Executing test noSizeCorruptionAfterCreatorDetached [okhttp3.internal.cache.DiskLruCacheTest] with result: SUCCESS
Executing test rebuildJournalFailureWithInFlightEditors [okhttp3.internal.cache.DiskLruCacheTest] with result: SUCCESS
Executing test openWithInvalidValueCountClearsDirectory [okhttp3.internal.cache.DiskLruCacheTest] with result: SUCCESS
Executing test iteratorRemoveBeforeNext [okhttp3.internal.cache.DiskLruCacheTest] with result: SUCCESS
Executing test rebuildJournalFailureAllowsEvictAll [okhttp3.internal.cache.DiskLruCacheTest] with result: SUCCESS
Executing test dontRemoveUnfinishedEntryWhenCreatingSnapshot [okhttp3.internal.cache.DiskLruCacheTest] with result: SUCCESS
Executing test iteratorRemove [okhttp3.internal.cache.DiskLruCacheTest] with result: SUCCESS
Executing test openWithTruncatedLineDiscardsThatLine [okhttp3.internal.cache.DiskLruCacheTest] with result: SUCCESS
Executing test editSnapshotAfterChangeCommitted [okhttp3.internal.cache.DiskLruCacheTest] with result: SUCCESS
Executing test journalWriteFailsDuringEditorCommit [okhttp3.internal.cache.DiskLruCacheTest] with result: SUCCESS
Executing test removePreventsActiveEditFromStoringAValue [okhttp3.internal.cache.DiskLruCacheTest] with result: SUCCESS
Executing test iteratorElementsRemovedDuringIterationAreOmitted [okhttp3.internal.cache.DiskLruCacheTest] with result: SUCCESS
Executing test shrinkMaxSizeEvicts [okhttp3.internal.cache.DiskLruCacheTest] with result: SUCCESS
Executing test openCreatesDirectoryIfNecessary [okhttp3.internal.cache.DiskLruCacheTest] with result: SUCCESS
Executing test evictAllAfterCleanupTrimFailure [okhttp3.internal.cache.DiskLruCacheTest] with result: SUCCESS
Executing test journalWithEditAndPublishAndRead [okhttp3.internal.cache.DiskLruCacheTest] with result: SUCCESS
Executing test cleanupTrimFailureAllowsSnapshotReads [okhttp3.internal.cache.DiskLruCacheTest] with result: SUCCESS
Executing test rebuildJournalFailurePreventsEditors [okhttp3.internal.cache.DiskLruCacheTest] with result: SUCCESS
Executing test keyWithSpaceNotPermitted [okhttp3.internal.cache.DiskLruCacheTest] with result: SUCCESS
Executing test cacheSingleEntryOfSizeGreaterThanMaxSize [okhttp3.internal.cache.DiskLruCacheTest] with result: SUCCESS
Executing test evictAll [okhttp3.internal.cache.DiskLruCacheTest] with result: SUCCESS
Executing test evictAllDoesntInterruptPartialRead [okhttp3.internal.cache.DiskLruCacheTest] with result: SUCCESS
Executing test evictionHonorsLruFromCurrentSession [okhttp3.internal.cache.DiskLruCacheTest] with result: SUCCESS
Executing test fileDeletedExternally [okhttp3.internal.cache.DiskLruCacheTest] with result: SUCCESS
Executing test openWithDirtyKeyDeletesAllFilesForThatKey [okhttp3.internal.cache.DiskLruCacheTest] with result: SUCCESS
Executing test rebuildJournalFailureWithEditorsInFlightThenClose [okhttp3.internal.cache.DiskLruCacheTest] with result: SUCCESS
Executing test cannotOperateOnEditAfterRevert [okhttp3.internal.cache.DiskLruCacheTest] with result: SUCCESS
Executing test readAndWriteOverlapsMaintainConsistency [okhttp3.internal.cache.DiskLruCacheTest] with result: SUCCESS
Executing test journalWriteFailsDuringRemove [okhttp3.internal.cache.DiskLruCacheTest] with result: SUCCESS
Executing test journalDoesNotIncludeReadOfYetUnpublishedValue [okhttp3.internal.cache.DiskLruCacheTest] with result: SUCCESS
Executing test editsDiscardedAfterEditorDetached [okhttp3.internal.cache.DiskLruCacheTest] with result: SUCCESS
Executing test trimToSizeWithActiveEdit [okhttp3.internal.cache.DiskLruCacheTest] with result: SUCCESS
Executing test noNewSourceAfterEditorDetached [okhttp3.internal.cache.DiskLruCacheTest] with result: SUCCESS
Executing test cacheClosedTruncatesIterator [okhttp3.internal.cache.DiskLruCacheTest] with result: SUCCESS
Executing test oneStreamTimeoutDoesNotBreakConnection[h2_prior_knowledge] [okhttp3.internal.http2.HttpOverHttp2Test] with result: SUCCESS
Executing test rebuildJournalOnRepeatedEdits [okhttp3.internal.cache.DiskLruCacheTest] with result: SUCCESS
Executing test rebuildJournalOnRepeatedReads [okhttp3.internal.cache.DiskLruCacheTest] with result: SUCCESS
Executing test rebuildJournalOnRepeatedReadsWithOpenAndClose [okhttp3.internal.cache.DiskLruCacheTest] with result: SUCCESS
Executing test keyWithCarriageReturnNotPermitted [okhttp3.internal.cache.DiskLruCacheTest] with result: SUCCESS
Executing test recoverFromInitializationFailure [okhttp3.internal.cache.DiskLruCacheTest] with result: SUCCESS
Executing test iterator [okhttp3.internal.cache.DiskLruCacheTest] with result: SUCCESS
Executing test openWithInvalidAppVersionClearsDirectory [okhttp3.internal.cache.DiskLruCacheTest] with result: SUCCESS
Executing test journalWriteFailsDuringEdit [okhttp3.internal.cache.DiskLruCacheTest] with result: SUCCESS
Executing test rebuildJournalFailureIsRetried [okhttp3.internal.cache.DiskLruCacheTest] with result: SUCCESS
Executing test keyWithNewlineNotPermitted [okhttp3.internal.cache.DiskLruCacheTest] with result: SUCCESS
Executing test revertWithTooFewValues [okhttp3.internal.cache.DiskLruCacheTest] with result: SUCCESS
Executing test cannotOperateOnEditAfterPublish [okhttp3.internal.cache.DiskLruCacheTest] with result: SUCCESS
Executing test evictionHonorsLruFromPreviousSession [okhttp3.internal.cache.DiskLruCacheTest] with result: SUCCESS
Executing test readAndWriteEntryAcrossCacheOpenAndClose [okhttp3.internal.cache.DiskLruCacheTest] with result: SUCCESS
Executing test cleanupTrimFailurePreventsNewEditors [okhttp3.internal.cache.DiskLruCacheTest] with result: SUCCESS
Executing test removeAbsentElement [okhttp3.internal.cache.DiskLruCacheTest] with result: SUCCESS
Executing test cleanupTrimFailureWithInFlightEditor [okhttp3.internal.cache.DiskLruCacheTest] with result: SUCCESS
Executing test rebuildJournalOnRepeatedEditsWithOpenAndClose [okhttp3.internal.cache.DiskLruCacheTest] with result: SUCCESS
Executing test rebuildJournalFailureWithRemovalThenClose [okhttp3.internal.cache.DiskLruCacheTest] with result: SUCCESS
Executing test openWithInvalidVersionClearsDirectory [okhttp3.internal.cache.DiskLruCacheTest] with result: SUCCESS
Executing test editSameVersion [okhttp3.internal.cache.DiskLruCacheTest] with result: SUCCESS
Executing test aggressiveClearingHandlesPartialEdit [okhttp3.internal.cache.DiskLruCacheTest] with result: SUCCESS
Executing test editSnapshotAfterEvictAllReturnsNullDueToStaleValue [okhttp3.internal.cache.DiskLruCacheTest] with result: SUCCESS
Executing test restoreBackupFile [okhttp3.internal.cache.DiskLruCacheTest] with result: SUCCESS
Executing test isClosed_uninitializedCache [okhttp3.internal.cache.DiskLruCacheTest] with result: SUCCESS
Executing test cleanupTrimFailureRetriedOnEditors [okhttp3.internal.cache.DiskLruCacheTest] with result: SUCCESS
Executing test journalWriteFailsDuringEditorAbort [okhttp3.internal.cache.DiskLruCacheTest] with result: SUCCESS
Executing test explicitRemoveAppliedToDiskImmediately [okhttp3.internal.cache.DiskLruCacheTest] with result: SUCCESS
Executing test cacheSingleValueOfSizeGreaterThanMaxSize [okhttp3.internal.cache.DiskLruCacheTest] with result: SUCCESS
Executing test constructorDoesNotAllowZeroCacheSize [okhttp3.internal.cache.DiskLruCacheTest] with result: SUCCESS
Executing test closeFlushes [okhttp3.internal.ws.WebSocketWriterTest] with result: SUCCESS
Executing test clientBinary [okhttp3.internal.ws.WebSocketWriterTest] with result: SUCCESS
Executing test noWritesAfterClose [okhttp3.internal.ws.WebSocketWriterTest] with result: SUCCESS
Executing test clientEmptyPing [okhttp3.internal.ws.WebSocketWriterTest] with result: SUCCESS
Executing test clientEmptyPong [okhttp3.internal.ws.WebSocketWriterTest] with result: SUCCESS
Executing test serverLargeBufferedPayloadWrittenAsOneFrame [okhttp3.internal.ws.WebSocketWriterTest] with result: SUCCESS
Executing test clientTextMessage [okhttp3.internal.ws.WebSocketWriterTest] with result: SUCCESS
Executing test twoMessageSinksThrows [okhttp3.internal.ws.WebSocketWriterTest] with result: SUCCESS
Executing test clientCloseWithCode [okhttp3.internal.ws.WebSocketWriterTest] with result: SUCCESS
Executing test pingTooLongThrows [okhttp3.internal.ws.WebSocketWriterTest] with result: SUCCESS
Executing test serverBinaryMessage [okhttp3.internal.ws.WebSocketWriterTest] with result: SUCCESS
Executing test closeTooLongThrows [okhttp3.internal.ws.WebSocketWriterTest] with result: SUCCESS
Executing test serverEmptyClose [okhttp3.internal.ws.WebSocketWriterTest] with result: SUCCESS
Executing test clientEmptyClose [okhttp3.internal.ws.WebSocketWriterTest] with result: SUCCESS
Executing test closeWithOnlyReasonThrows [okhttp3.internal.ws.WebSocketWriterTest] with result: SUCCESS
Executing test serverEmptyPing [okhttp3.internal.ws.WebSocketWriterTest] with result: SUCCESS
Executing test serverEmptyPong [okhttp3.internal.ws.WebSocketWriterTest] with result: SUCCESS
Executing test pongTooLongThrows [okhttp3.internal.ws.WebSocketWriterTest] with result: SUCCESS
Executing test clientPingWithPayload [okhttp3.internal.ws.WebSocketWriterTest] with result: SUCCESS
Executing test serverCloseWithCode [okhttp3.internal.ws.WebSocketWriterTest] with result: SUCCESS
Executing test serverCloseWithCodeAndReason [okhttp3.internal.ws.WebSocketWriterTest] with result: SUCCESS
Executing test serverMessageLengthShort [okhttp3.internal.ws.WebSocketWriterTest] with result: SUCCESS
Executing test serverLargeNonBufferedPayloadWrittenAsMultipleFrames [okhttp3.internal.ws.WebSocketWriterTest] with result: SUCCESS
Executing test serverPingWithPayload [okhttp3.internal.ws.WebSocketWriterTest] with result: SUCCESS
Executing test closeReservedThrows [okhttp3.internal.ws.WebSocketWriterTest] with result: SUCCESS
Executing test clientCloseWithCodeAndReason [okhttp3.internal.ws.WebSocketWriterTest] with result: SUCCESS
Executing test serverTextMessage [okhttp3.internal.ws.WebSocketWriterTest] with result: SUCCESS
Executing test closeCodeOutOfRangeThrows [okhttp3.internal.ws.WebSocketWriterTest] with result: SUCCESS
Executing test clientPongWithPayload [okhttp3.internal.ws.WebSocketWriterTest] with result: SUCCESS
Executing test serverMessageLengthLong [okhttp3.internal.ws.WebSocketWriterTest] with result: SUCCESS
Executing test serverPongWithPayload [okhttp3.internal.ws.WebSocketWriterTest] with result: SUCCESS
Executing test serverSmallBufferedPayloadWrittenAsOneFrame [okhttp3.internal.ws.WebSocketWriterTest] with result: SUCCESS
Executing test clientAuthSkippedForNone [okhttp3.internal.tls.ClientAuthTest] with result: SUCCESS
Executing test invalidClientAuthFails [okhttp3.internal.tls.ClientAuthTest] with result: SUCCESS
Executing test commonNameIsNotTrusted [okhttp3.internal.tls.ClientAuthTest] with result: SUCCESS
Executing test clientAuthForNeeds [okhttp3.internal.tls.ClientAuthTest] with result: SUCCESS
Executing test clientAuthForWants [okhttp3.internal.tls.ClientAuthTest] with result: SUCCESS
Executing test missingClientAuthFailsForNeeds [okhttp3.internal.tls.ClientAuthTest] with result: SUCCESS
Executing test readTimeoutMoreGranularThanBodySize[h2_prior_knowledge] [okhttp3.internal.http2.HttpOverHttp2Test] with result: SUCCESS
Executing test closeAfterFlush[h2_prior_knowledge] [okhttp3.internal.http2.HttpOverHttp2Test] with result: SUCCESS
Executing test missingClientAuthSkippedForWantsOnly [okhttp3.internal.tls.ClientAuthTest] with result: SUCCESS
Executing test timeDurationTruncatedToMaxValue [okhttp3.CacheControlTest] with result: SUCCESS
Executing test timePrecisionIsTruncatedToSeconds [okhttp3.CacheControlTest] with result: SUCCESS
Executing test parseCacheControlAndPragmaAreCombined [okhttp3.CacheControlTest] with result: SUCCESS
Executing test parseCacheControlHeaderValueInvalidatedByPragma [okhttp3.CacheControlTest] with result: SUCCESS
Executing test parseEmpty [okhttp3.CacheControlTest] with result: SUCCESS
Executing test computedHeaderValueIsCached [okhttp3.CacheControlTest] with result: SUCCESS
Executing test parseCacheControlHeaderValueIsRetained [okhttp3.CacheControlTest] with result: SUCCESS
Executing test parseIgnoreCacheControlExtensions [okhttp3.CacheControlTest] with result: SUCCESS
Executing test secondsMustBeNonNegative [okhttp3.CacheControlTest] with result: SUCCESS
Executing test parseCacheControlHeaderValueInvalidatedByTwoValues [okhttp3.CacheControlTest] with result: SUCCESS
Executing test parse [okhttp3.CacheControlTest] with result: SUCCESS
Executing test emptyBuilderIsEmpty [okhttp3.CacheControlTest] with result: SUCCESS
Executing test parsePragmaHeaderValueIsNotRetained [okhttp3.CacheControlTest] with result: SUCCESS
Executing test completeBuilder [okhttp3.CacheControlTest] with result: SUCCESS
Executing test hasBody [okhttp3.PublicInternalApiTest] with result: SUCCESS
Executing test permitsRequestBody [okhttp3.PublicInternalApiTest] with result: SUCCESS
Executing test requiresRequestBody [okhttp3.PublicInternalApiTest] with result: SUCCESS
Executing test skipsWhenDnsDontMatch [okhttp3.ConnectionCoalescingTest] with result: SUCCESS
Executing test commonThenWildcard [okhttp3.ConnectionCoalescingTest] with result: SUCCESS
Executing test coalescedConnectionDestroyedAfterAcquire [okhttp3.ConnectionCoalescingTest] with result: SUCCESS
Executing test prefersExistingCompatible [okhttp3.ConnectionCoalescingTest] with result: SUCCESS
Executing test skipsWhenCertificatePinningFails [okhttp3.ConnectionCoalescingTest] with result: SUCCESS
Executing test streamTimeoutDegradesConnectionAfterNoPong[h2] [okhttp3.internal.http2.HttpOverHttp2Test] with result: SUCCESS
Executing test worksWithNetworkInterceptors [okhttp3.ConnectionCoalescingTest] with result: SUCCESS
Executing test recoverFromConnectionNoNewStreamsOnFollowUp[h2] [okhttp3.internal.http2.HttpOverHttp2Test] with result: SUCCESS
Executing test noRecoveryFromRefusedStreamWithRetryDisabled[h2] [okhttp3.internal.http2.HttpOverHttp2Test] with result: SUCCESS
Executing test staleCoalescedConnection [okhttp3.ConnectionCoalescingTest] with result: SUCCESS
Executing test alternativeThenCommon [okhttp3.ConnectionCoalescingTest] with result: SUCCESS
Executing test coalescesWhenCertificatePinsMatch [okhttp3.ConnectionCoalescingTest] with result: SUCCESS
Executing test readTimeoutOnSlowConnection[h2] [okhttp3.internal.http2.HttpOverHttp2Test] with result: SUCCESS
Executing test skipsWhenNotSubjectAltName [okhttp3.ConnectionCoalescingTest] with result: SUCCESS
Executing test receiveResponseCookies[h2] [okhttp3.internal.http2.HttpOverHttp2Test] with result: SUCCESS
Executing test serverSendsPushPromise_GET[h2] [okhttp3.internal.http2.HttpOverHttp2Test] with result: SUCCESS
Executing test skipsWhenHostnameVerifierUsed [okhttp3.ConnectionCoalescingTest] with result: SUCCESS
Executing test settingsLimitsMaxConcurrentStreams[h2] [okhttp3.internal.http2.HttpOverHttp2Test] with result: SUCCESS
Executing test commonThenAlternative [okhttp3.ConnectionCoalescingTest] with result: SUCCESS
Executing test acceptOriginalServerMatchesSubdomain [okhttp3.CookiesTest] with result: SUCCESS
Executing test cookieHandlerLikeAndroid [okhttp3.CookiesTest] with result: SUCCESS
Executing test testCookiesSentIgnoresCase [okhttp3.CookiesTest] with result: SUCCESS
Executing test testRedirectsDoNotIncludeTooManyCookies [okhttp3.CookiesTest] with result: SUCCESS
Executing test acceptOriginalServerMatchesExactly [okhttp3.CookiesTest] with result: SUCCESS
Executing test testRfc2109Response [okhttp3.CookiesTest] with result: SUCCESS
Executing test acceptOriginalServerDoesNotMatchDifferentServer [okhttp3.CookiesTest] with result: SUCCESS
Executing test testQuotedAttributeValues [okhttp3.CookiesTest] with result: SUCCESS
Executing test testSendingCookiesFromStore [okhttp3.CookiesTest] with result: SUCCESS
Executing test testNetscapeResponse [okhttp3.CookiesTest] with result: SUCCESS
Executing test acceptOriginalServerMatchesRfc2965Dot [okhttp3.CookiesTest] with result: SUCCESS
Executing test receiveAndSendMultipleCookies [okhttp3.CookiesTest] with result: SUCCESS
Executing test punycodeDomainMatches [okhttp3.CookieTest] with result: SUCCESS
Executing test simpleCookie [okhttp3.CookieTest] with result: SUCCESS
Executing test defaultPathIsUsedIfPathDoesntHaveLeadingSlash [okhttp3.CookieTest] with result: SUCCESS
Executing test builderDomainValidation [okhttp3.CookieTest] with result: SUCCESS
Executing test pathAttributeDoesntNeedToMatch [okhttp3.CookieTest] with result: SUCCESS
Executing test domainMatchesNoDomain [okhttp3.CookieTest] with result: SUCCESS
Executing test builderIpv6 [okhttp3.CookieTest] with result: SUCCESS
Executing test builderPath [okhttp3.CookieTest] with result: SUCCESS
Executing test emptyName [okhttp3.CookieTest] with result: SUCCESS
Executing test lastExpiresAtWins [okhttp3.CookieTest] with result: SUCCESS
Executing test builderClampsMaxDate [okhttp3.CookieTest] with result: SUCCESS
Executing test invalidMinute [okhttp3.CookieTest] with result: SUCCESS
Executing test invalidCharacters [okhttp3.CookieTest] with result: SUCCESS
Executing test domainMatchesIpv6Address [okhttp3.CookieTest] with result: SUCCESS
Executing test invalidSecond [okhttp3.CookieTest] with result: SUCCESS
Executing test builderClampsMinDate [okhttp3.CookieTest] with result: SUCCESS
Executing test builderExpiresAt [okhttp3.CookieTest] with result: SUCCESS
Executing test maxAge [okhttp3.CookieTest] with result: SUCCESS
Executing test emptyValue [okhttp3.CookieTest] with result: SUCCESS
Executing test awkwardDates [okhttp3.CookieTest] with result: SUCCESS
Executing test domainIsPublicSuffix [okhttp3.CookieTest] with result: SUCCESS
Executing test invalidHour [okhttp3.CookieTest] with result: SUCCESS
Executing test invalidYear [okhttp3.CookieTest] with result: SUCCESS
Executing test domainMatchesIpAddress [okhttp3.CookieTest] with result: SUCCESS
Executing test secure [okhttp3.CookieTest] with result: SUCCESS
Executing test domainMatchesIpv6AddressWithCompression [okhttp3.CookieTest] with result: SUCCESS
Executing test maxAgeOrExpiresMakesCookiePersistent [okhttp3.CookieTest] with result: SUCCESS
Executing test equalsAndHashCode [okhttp3.CookieTest] with result: SUCCESS
Executing test builderPathValidation [okhttp3.CookieTest] with result: SUCCESS
Executing test builderDomain [okhttp3.CookieTest] with result: SUCCESS
Executing test defaultPath [okhttp3.CookieTest] with result: SUCCESS
Executing test hostOnly [okhttp3.CookieTest] with result: SUCCESS
Executing test httpOnly [okhttp3.CookieTest] with result: SUCCESS
Executing test expiresDate [okhttp3.CookieTest] with result: SUCCESS
Executing test builderSecure [okhttp3.CookieTest] with result: SUCCESS
Executing test builder [okhttp3.CookieTest] with result: SUCCESS
Executing test ipv6AddressMalformed [okhttp3.CookieTest] with result: SUCCESS
Executing test lastMaxAgeWins [okhttp3.CookieTest] with result: SUCCESS
Executing test domainAndPath [okhttp3.CookieTest] with result: SUCCESS
Executing test invalidMonth [okhttp3.CookieTest] with result: SUCCESS
Executing test secureAndHttpOnly [okhttp3.CookieTest] with result: SUCCESS
Executing test invalidDayOfMonth [okhttp3.CookieTest] with result: SUCCESS
Executing test builderNameValidation [okhttp3.CookieTest] with result: SUCCESS
Executing test builderValueValidation [okhttp3.CookieTest] with result: SUCCESS
Executing test ipv6AddressDoesntMatch [okhttp3.CookieTest] with result: SUCCESS
Executing test builderHttpOnly [okhttp3.CookieTest] with result: SUCCESS
Executing test trimLeadingAndTrailingWhitespaceFromName [okhttp3.CookieTest] with result: SUCCESS
Executing test parseAll [okhttp3.CookieTest] with result: SUCCESS
Executing test maxAgeTakesPrecedenceOverExpires [okhttp3.CookieTest] with result: SUCCESS
Executing test trimLeadingAndTrailingWhitespaceFromValue [okhttp3.CookieTest] with result: SUCCESS
Executing test spaceInValue [okhttp3.CookieTest] with result: SUCCESS
Executing test idnDomainMatches [okhttp3.CookieTest] with result: SUCCESS
Executing test noEqualsSign [okhttp3.CookieTest] with result: SUCCESS
Executing test maxAgeNonPositive [okhttp3.CookieTest] with result: SUCCESS
Executing test domainMatchesIgnoresLeadingDot [okhttp3.CookieTest] with result: SUCCESS
Executing test domainMatchesIpv6AddressWithIpv4Suffix [okhttp3.CookieTest] with result: SUCCESS
Executing test domainIgnoredWithTrailingDot [okhttp3.CookieTest] with result: SUCCESS
Executing test spaceInName [okhttp3.CookieTest] with result: SUCCESS
Executing test domainMatches [okhttp3.CookieTest] with result: SUCCESS
Executing test immutableMap [okhttp3.internal.UtilTest] with result: SUCCESS
Executing test cancelReturnsTruePreventsNextExecution [okhttp3.internal.concurrent.TaskRunnerTest] with result: SUCCESS
Executing test executeRepeated [okhttp3.internal.concurrent.TaskRunnerTest] with result: SUCCESS
Executing test executeRepeatedEarlierReplacesScheduledLater [okhttp3.internal.concurrent.TaskRunnerTest] with result: SUCCESS
Executing test differentQueuesAreParallel [okhttp3.internal.concurrent.TaskRunnerTest] with result: SUCCESS
Executing test scheduledTasksDoesNotIncludeRunningTask [okhttp3.internal.concurrent.TaskRunnerTest] with result: SUCCESS
Executing test cancelWhileExecutingDoesNotStopUncancelableTask [okhttp3.internal.concurrent.TaskRunnerTest] with result: SUCCESS
Executing test scheduleThrowsWhenShutdown [okhttp3.internal.concurrent.TaskRunnerTest] with result: SUCCESS
Executing test cancelReturnsFalseDoesNotCancel [okhttp3.internal.concurrent.TaskRunnerTest] with result: SUCCESS
Executing test shutdownFailsToCancelsScheduledTasks [okhttp3.internal.concurrent.TaskRunnerTest] with result: SUCCESS
Executing test executeDelayed [okhttp3.internal.concurrent.TaskRunnerTest] with result: SUCCESS
Executing test scheduledTasks [okhttp3.internal.concurrent.TaskRunnerTest] with result: SUCCESS
Executing test cancelWhileExecutingDoesNothingIfTaskDoesNotRepeat [okhttp3.internal.concurrent.TaskRunnerTest] with result: SUCCESS
Executing test singleQueueIsSerial [okhttp3.internal.concurrent.TaskRunnerTest] with result: SUCCESS
Executing test interruptingCoordinatorAttemptsToCancelsAndSucceeds [okhttp3.internal.concurrent.TaskRunnerTest] with result: SUCCESS
Executing test shutdownSuccessfullyCancelsScheduledTasks [okhttp3.internal.concurrent.TaskRunnerTest] with result: SUCCESS
Executing test executeScheduledEarlierReplacesRepeatedLater [okhttp3.internal.concurrent.TaskRunnerTest] with result: SUCCESS
Executing test idleLatch [okhttp3.internal.concurrent.TaskRunnerTest] with result: SUCCESS
Executing test multipleCallsToIdleLatchReturnSameInstance [okhttp3.internal.concurrent.TaskRunnerTest] with result: SUCCESS
Executing test interruptingCoordinatorAttemptsToCancelsAndFails [okhttp3.internal.concurrent.TaskRunnerTest] with result: SUCCESS
Executing test taskNameIsUsedForThreadNameWhenRunning [okhttp3.internal.concurrent.TaskRunnerTest] with result: SUCCESS
Executing test activeQueuesContainsOnlyQueuesWithScheduledTasks [okhttp3.internal.concurrent.TaskRunnerTest] with result: SUCCESS
Executing test scheduleDiscardsTaskWhenShutdown [okhttp3.internal.concurrent.TaskRunnerTest] with result: SUCCESS
Executing test cancelWhileExecutingPreventsRepeat [okhttp3.internal.concurrent.TaskRunnerTest] with result: SUCCESS
Executing test createFromParts [okhttp3.HandshakeTest] with result: SUCCESS
Executing test concurrentRequestWithEmptyFlowControlWindow[h2] [okhttp3.internal.http2.HttpOverHttp2Test] with result: SUCCESS
Executing test tlsWithNullNullNull [okhttp3.HandshakeTest] with result: SUCCESS
Executing test sslWithNullNullNull [okhttp3.HandshakeTest] with result: SUCCESS
Executing test createFromSslSession [okhttp3.HandshakeTest] with result: SUCCESS
Executing test nonAsciiResponseHeader[h2] [okhttp3.internal.http2.HttpOverHttp2Test] with result: SUCCESS
Executing test responsesAreCached[h2] [okhttp3.internal.http2.HttpOverHttp2Test] with result: SUCCESS
Executing test noRecoveryFromInternalErrorWithRetryDisabled[h2] [okhttp3.internal.http2.HttpOverHttp2Test] with result: SUCCESS
Executing test sendRequestCookies[h2] [okhttp3.internal.http2.HttpOverHttp2Test] with result: SUCCESS
Executing test connectionShutdownAfterHealthCheck[h2] [okhttp3.internal.http2.HttpOverHttp2Test] with result: SUCCESS
Executing test redirect[h2] [okhttp3.internal.http2.HttpOverHttp2Test] with result: SUCCESS
Executing test recoverFromMultipleRefusedStreamsRequiresNewConnection[h2] [okhttp3.internal.http2.HttpOverHttp2Test] with result: SUCCESS
Executing test cancelWhileWritingRequestBodySendsCancelToServer[h2] [okhttp3.internal.http2.HttpOverHttp2Test] with result: SUCCESS
Executing test responseCachedWithoutConsumingFullBody[h2] [okhttp3.internal.http2.HttpOverHttp2Test] with result: SUCCESS
Executing test recoverFromCancelReusesConnection[h2] [okhttp3.internal.http2.HttpOverHttp2Test] with result: SUCCESS
Executing test concurrentHttp2ConnectionsDeduplicated[h2] [okhttp3.internal.http2.HttpOverHttp2Test] with result: SUCCESS
Executing test readResponseHeaderTimeout[h2] [okhttp3.internal.http2.HttpOverHttp2Test] with result: SUCCESS
Executing test cancelWithStreamNotCompleted[h2] [okhttp3.internal.http2.HttpOverHttp2Test] with result: SUCCESS
Executing test conditionalCache[h2] [okhttp3.internal.http2.HttpOverHttp2Test] with result: SUCCESS
Executing test domainFronting[h2] [okhttp3.internal.http2.HttpOverHttp2Test] with result: SUCCESS
Executing test connectionWindowUpdateOnClose[h2] [okhttp3.internal.http2.HttpOverHttp2Test] with result: SUCCESS
Executing test pingsTransmitted[h2] [okhttp3.internal.http2.HttpOverHttp2Test] with result: SUCCESS
Executing test get[h2] [okhttp3.internal.http2.HttpOverHttp2Test] with result: SUCCESS
Executing test head[h2] [okhttp3.internal.http2.HttpOverHttp2Test] with result: SUCCESS
Executing test userSuppliedContentLengthHeader[h2] [okhttp3.internal.http2.HttpOverHttp2Test] with result: SUCCESS
Executing test recoverFromMultipleCancelReusesConnection[h2] [okhttp3.internal.http2.HttpOverHttp2Test] with result: SUCCESS
Executing test emptyDataFrameSentWithEmptyBody[h2] [okhttp3.internal.http2.HttpOverHttp2Test] with result: SUCCESS
Executing test shutdownAfterLateCoalescing[h2] [okhttp3.internal.http2.HttpOverHttp2Test] with result: SUCCESS
Executing test gzippedResponseBody[h2] [okhttp3.internal.http2.HttpOverHttp2Test] with result: SUCCESS
Executing test connectionWindowUpdateAfterCanceling[h2] [okhttp3.internal.http2.HttpOverHttp2Test] with result: SUCCESS
Executing test recoverFromOneInternalErrorRequiresNewConnection[h2] [okhttp3.internal.http2.HttpOverHttp2Test] with result: SUCCESS
Executing test connectionReuse[h2] [okhttp3.internal.http2.HttpOverHttp2Test] with result: SUCCESS
Executing test noDataFramesSentWithNullRequestBody[h2] [okhttp3.internal.http2.HttpOverHttp2Test] with result: SUCCESS
Executing test emptyResponse[h2] [okhttp3.internal.http2.HttpOverHttp2Test] with result: SUCCESS
Executing test missingPongsFailsConnection[h2] [okhttp3.internal.http2.HttpOverHttp2Test] with result: SUCCESS
Executing test serverSendsPushPromise_HEAD[h2] [okhttp3.internal.http2.HttpOverHttp2Test] with result: SUCCESS
Executing test noDefaultContentLengthOnStreamingPost[h2] [okhttp3.internal.http2.HttpOverHttp2Test] with result: SUCCESS
Executing test connectionNotReusedAfterShutdown[h2] [okhttp3.internal.http2.HttpOverHttp2Test] with result: SUCCESS
Executing test recoverFromOneRefusedStreamReusesConnection[h2] [okhttp3.internal.http2.HttpOverHttp2Test] with result: SUCCESS
Executing test readAfterLastByte[h2] [okhttp3.internal.http2.HttpOverHttp2Test] with result: SUCCESS
Executing test synchronousRequest[h2] [okhttp3.internal.http2.HttpOverHttp2Test] with result: SKIPPED
Executing test responseHeadersAfterGoaway[h2] [okhttp3.internal.http2.HttpOverHttp2Test] with result: SUCCESS
Executing test get204Response[h2] [okhttp3.internal.http2.HttpOverHttp2Test] with result: SUCCESS
Executing test authenticate[h2] [okhttp3.internal.http2.HttpOverHttp2Test] with result: SUCCESS
Executing test connectionTimeout[h2] [okhttp3.internal.http2.HttpOverHttp2Test] with result: SUCCESS
Executing test oneStreamTimeoutDoesNotBreakConnection[h2] [okhttp3.internal.http2.HttpOverHttp2Test] with result: SUCCESS
Executing test readTimeoutMoreGranularThanBodySize[h2] [okhttp3.internal.http2.HttpOverHttp2Test] with result: SUCCESS
Executing test closeAfterFlush[h2] [okhttp3.internal.http2.HttpOverHttp2Test] with result: SUCCESS
Executing test multipleOperatorsShareOneFile [okhttp3.internal.cache2.FileOperatorTest] with result: SUCCESS
Executing test readBounds [okhttp3.internal.cache2.FileOperatorTest] with result: SUCCESS
Executing test read [okhttp3.internal.cache2.FileOperatorTest] with result: SUCCESS
Executing test write [okhttp3.internal.cache2.FileOperatorTest] with result: SUCCESS
Executing test largeRead [okhttp3.internal.cache2.FileOperatorTest] with result: SUCCESS
Executing test writeBounds [okhttp3.internal.cache2.FileOperatorTest] with result: SUCCESS
Executing test readAndWrite [okhttp3.internal.cache2.FileOperatorTest] with result: SUCCESS
Executing test largeWrite [okhttp3.internal.cache2.FileOperatorTest] with result: SUCCESS
Executing test retryableSSLHandshakeException [okhttp3.internal.connection.ConnectionSpecSelectorTest] with result: SUCCESS
Executing test nonRetryableSSLHandshakeException [okhttp3.internal.connection.ConnectionSpecSelectorTest] with result: SUCCESS
Executing test someFallbacksSupported [okhttp3.internal.connection.ConnectionSpecSelectorTest] with result: SUCCESS
Executing test nonRetryableIOException [okhttp3.internal.connection.ConnectionSpecSelectorTest] with result: SUCCESS
Executing test shoutcast [okhttp3.internal.http.StatusLineTest] with result: SUCCESS
Executing test wrongMessageDelimiter [okhttp3.internal.http.StatusLineTest] with result: SUCCESS
Executing test nonThreeDigitCode [okhttp3.internal.http.StatusLineTest] with result: SUCCESS
Executing test protocolVersions [okhttp3.internal.http.StatusLineTest] with result: SUCCESS
Executing test emptyMessageAndNoLeadingSpace [okhttp3.internal.http.StatusLineTest] with result: SUCCESS
Executing test missingProtocol [okhttp3.internal.http.StatusLineTest] with result: SUCCESS
Executing test parse [okhttp3.internal.http.StatusLineTest] with result: SUCCESS
Executing test emptyMessage [okhttp3.internal.http.StatusLineTest] with result: SUCCESS
Executing test truncated [okhttp3.internal.http.StatusLineTest] with result: SUCCESS
Executing test testBuildsWithJettyBoot [okhttp3.internal.platform.Jdk8WithJettyBootPlatformTest] with result: SKIPPED
Executing test testNotBuildWithOther [okhttp3.internal.platform.Jdk8WithJettyBootPlatformTest] with result: SUCCESS
Executing test pinIntermediatePresentInChain [okhttp3.internal.tls.CertificatePinnerChainValidationTest] with result: SUCCESS
Executing test pinRootNotPresentInChain [okhttp3.internal.tls.CertificatePinnerChainValidationTest] with result: SUCCESS
Executing test unrelatedPinnedLeafCertificateInChain [okhttp3.internal.tls.CertificatePinnerChainValidationTest] with result: SUCCESS
Executing test unrelatedPinnedIntermediateCertificateInChain [okhttp3.internal.tls.CertificatePinnerChainValidationTest] with result: SUCCESS
Executing test putInvalidatesWithNoContentResponse [okhttp3.CacheTest] with result: SUCCESS
Executing test testGoldenCacheHttpsResponseOkHttp27 [okhttp3.CacheTest] with result: SUCCESS
Executing test testGoldenCacheHttpsResponseOkHttp30 [okhttp3.CacheTest] with result: SUCCESS
Executing test requestOnlyIfCachedWithNoResponseCached [okhttp3.CacheTest] with result: SUCCESS
Executing test clientSideNoStore [okhttp3.CacheTest] with result: SUCCESS
Executing test conditionalHitUpdatesCache [okhttp3.CacheTest] with result: SUCCESS
Executing test statisticsConditionalCacheHit [okhttp3.CacheTest] with result: SUCCESS
Executing test maxAgePreferredWithMaxAgeAndExpires [okhttp3.CacheTest] with result: SUCCESS
Executing test contentLocationDoesNotPopulateCache [okhttp3.CacheTest] with result: SUCCESS
Executing test requestMethodPostIsNotCached [okhttp3.CacheTest] with result: SUCCESS
Executing test varyAndHttps [okhttp3.CacheTest] with result: SUCCESS
Executing test temporaryRedirectNotCachedWithoutCacheHeader [okhttp3.CacheTest] with result: SUCCESS
Executing test clientPrematureDisconnectWithNoLengthHeaders [okhttp3.CacheTest] with result: SUCCESS
Executing test noDefaultExpirationForUrlsWithQueryString [okhttp3.CacheTest] with result: SUCCESS
Executing test maxAgeInTheFutureWithDateHeader [okhttp3.CacheTest] with result: SUCCESS
Executing test serverReturnsDocumentOlderThanCache [okhttp3.CacheTest] with result: SUCCESS
Executing test responseCachingAndInputStreamSkipWithChunkedEncoding [okhttp3.CacheTest] with result: SUCCESS
Executing test clientSuppliedConditionWithoutCachedResult [okhttp3.CacheTest] with result: SUCCESS
Executing test requestPragmaNoCache [okhttp3.CacheTest] with result: SUCCESS
Executing test cacheControlNoStoreAndExpirationDateInTheFuture [okhttp3.CacheTest] with result: SUCCESS
Executing test requestMethodPutIsNotCached [okhttp3.CacheTest] with result: SUCCESS
Executing test varyMultipleFieldsWithMatch [okhttp3.CacheTest] with result: SUCCESS
Executing test cacheControlNoCacheAndExpirationDateInTheFuture [okhttp3.CacheTest] with result: SUCCESS
Executing test temporaryRedirectCachedWithCacheControlHeader [okhttp3.CacheTest] with result: SUCCESS
Executing test requestMaxStale [okhttp3.CacheTest] with result: SUCCESS
Executing test varyMultipleFieldsWithNoMatch [okhttp3.CacheTest] with result: SUCCESS
Executing test previouslyNotGzippedContentIsNotModifiedAndSpecifiesGzipEncoding [okhttp3.CacheTest] with result: SUCCESS
Executing test requestMethodHeadIsNotCached [okhttp3.CacheTest] with result: SUCCESS
Executing test getHeadersDeletesCached100LevelWarnings [okhttp3.CacheTest] with result: SUCCESS
Executing test varyMatchesRemovedRequestHeaderField [okhttp3.CacheTest] with result: SUCCESS
Executing test requestMaxStaleDirectiveWithNoValue [okhttp3.CacheTest] with result: SUCCESS
Executing test serverDisconnectsPrematurelyWithNoLengthHeaders [okhttp3.CacheTest] with result: SUCCESS
Executing test clientPrematureDisconnectWithContentLengthHeader [okhttp3.CacheTest] with result: SUCCESS
Executing test varyAsterisk [okhttp3.CacheTest] with result: SUCCESS
Executing test clientSuppliedIfModifiedSinceWithCachedResult [okhttp3.CacheTest] with result: SUCCESS
Executing test secureResponseCachingAndProtocolRedirects [okhttp3.CacheTest] with result: SUCCESS
Executing test responseSourceHeaderConditionalCacheNotFetched [okhttp3.CacheTest] with result: SUCCESS
Executing test clientPrematureDisconnectWithChunkedEncoding [okhttp3.CacheTest] with result: SUCCESS
Executing test testGoldenCacheHttpResponseOkHttp30 [okhttp3.CacheTest] with result: SUCCESS
Executing test connectionIsReturnedToPoolAfterConditionalSuccess [okhttp3.CacheTest] with result: SUCCESS
Executing test maxAgePreferredOverHigherMaxAge [okhttp3.CacheTest] with result: SUCCESS
Executing test responseSourceHeaderConditionalCacheFetched [okhttp3.CacheTest] with result: SUCCESS
Executing test getHeadersRetainsCached200LevelWarnings [okhttp3.CacheTest] with result: SUCCESS
Executing test deleteMethodInvalidatesCache [okhttp3.CacheTest] with result: SUCCESS
Executing test testGoldenCacheResponse [okhttp3.CacheTest] with result: SUCCESS
Executing test getHeadersReturnsNetworkEndToEndHeaders [okhttp3.CacheTest] with result: SUCCESS
Executing test networkInterceptorInvokedForConditionalGet [okhttp3.CacheTest] with result: SUCCESS
Executing test varyMultipleFieldValuesWithMatch [okhttp3.CacheTest] with result: SUCCESS
Executing test etagAndExpirationDateInThePast [okhttp3.CacheTest] with result: SUCCESS
Executing test pragmaNoCache [okhttp3.CacheTest] with result: SUCCESS
Executing test retainServedDateFormat [okhttp3.CacheTest] with result: SUCCESS
Executing test statisticsConditionalCacheMiss [okhttp3.CacheTest] with result: SUCCESS
Executing test expirationDateInThePastWithLastModifiedHeader [okhttp3.CacheTest] with result: SUCCESS
Executing test responseSourceHeaderFetched [okhttp3.CacheTest] with result: SUCCESS
Executing test partialRangeResponsesDoNotCorruptCache [okhttp3.CacheTest] with result: SUCCESS
Executing test requestMethodOptionsIsNotCached [okhttp3.CacheTest] with result: SUCCESS
Executing test iteratorRemoveOncePerCallToNext [okhttp3.CacheTest] with result: SUCCESS
Executing test redirectToCachedResult [okhttp3.CacheTest] with result: SUCCESS
Executing test serverDisconnectsPrematurelyWithChunkedEncoding [okhttp3.CacheTest] with result: SUCCESS
Executing test combinedCacheHeadersCanBeNonAscii [okhttp3.CacheTest] with result: SUCCESS
Executing test defaultExpirationDateFullyCachedForMoreThan24Hours [okhttp3.CacheTest] with result: SUCCESS
Executing test maxAgeInThePastWithDateAndLastModifiedHeaders [okhttp3.CacheTest] with result: SUCCESS
Executing test responseCachingByResponseCode [okhttp3.CacheTest] with result: SUCCESS
Executing test serverDisconnectsPrematurelyWithContentLengthHeader [okhttp3.CacheTest] with result: SUCCESS
Executing test emptyResponseHeaderNameFromCacheIsLenient [okhttp3.CacheTest] with result: SUCCESS
Executing test requestMethodTraceIsNotCached [okhttp3.CacheTest] with result: SUCCESS
Executing test immutableIsCachedAfterMultipleCalls [okhttp3.CacheTest] with result: SUCCESS
Executing test requestMethodDeleteIsNotCached [okhttp3.CacheTest] with result: SUCCESS
Executing test elementEvictedBetweenHasNextAndNext [okhttp3.CacheTest] with result: SUCCESS
Executing test maxAgeInTheFutureWithNoDateHeader [okhttp3.CacheTest] with result: SUCCESS
Executing test clientSuppliedIfNoneMatchSinceWithCachedResult [okhttp3.CacheTest] with result: SUCCESS
Executing test networkInterceptorNotInvokedForFullyCached [okhttp3.CacheTest] with result: SUCCESS
Executing test etag [okhttp3.CacheTest] with result: SUCCESS
Executing test immutableIsCached [okhttp3.CacheTest] with result: SUCCESS
Executing test requestOnlyIfCachedWithFullResponseCached [okhttp3.CacheTest] with result: SUCCESS
Executing test foundNotCachedWithoutCacheHeader [okhttp3.CacheTest] with result: SUCCESS
Executing test responseCachingAndInputStreamSkipWithFixedLength [okhttp3.CacheTest] with result: SUCCESS
Executing test secureResponseCachingAndRedirects [okhttp3.CacheTest] with result: SUCCESS
Executing test iterateCache [okhttp3.CacheTest] with result: SUCCESS
Executing test requestOnlyIfCachedWithUnhelpfulResponseCached [okhttp3.CacheTest] with result: SUCCESS
Executing test immutableIsNotCachedBeyondFreshnessLifetime [okhttp3.CacheTest] with result: SUCCESS
Executing test foundCachedWithExpiresHeader [okhttp3.CacheTest] with result: SUCCESS
Executing test evictAll [okhttp3.CacheTest] with result: SUCCESS
Executing test defaultExpirationDateFullyCachedForLessThan24Hours [okhttp3.CacheTest] with result: SUCCESS
Executing test varyMatchesAbsentRequestHeaderField [okhttp3.CacheTest] with result: SUCCESS
Executing test postInvalidatesCacheWithUncacheableResponse [okhttp3.CacheTest] with result: SUCCESS
Executing test maxAgePreferredOverLowerSharedMaxAge [okhttp3.CacheTest] with result: SUCCESS
Executing test responseCachingAndRedirects [okhttp3.CacheTest] with result: SUCCESS
Executing test expiresDateBeforeModifiedDate [okhttp3.CacheTest] with result: SUCCESS
Executing test varyMatchesUnchangedRequestHeaderField [okhttp3.CacheTest] with result: SUCCESS
Executing test cachePlusCookies [okhttp3.CacheTest] with result: SUCCESS
Executing test authorizationRequestFullyCached [okhttp3.CacheTest] with result: SUCCESS
Executing test statisticsFullCacheHit [okhttp3.CacheTest] with result: SUCCESS
Executing test varyMatchesChangedRequestHeaderField [okhttp3.CacheTest] with result: SUCCESS
Executing test iteratorRemoveFromCache [okhttp3.CacheTest] with result: SUCCESS
Executing test conditionalHitHeadersCombined [okhttp3.CacheTest] with result: SUCCESS
Executing test expirationDateInTheFuture [okhttp3.CacheTest] with result: SUCCESS
Executing test maxAgeInTheFutureWithDateAndLastModifiedHeaders [okhttp3.CacheTest] with result: SUCCESS
Executing test maxAgeWithLastModifiedButNoServedDate [okhttp3.CacheTest] with result: SUCCESS
Executing test temporaryRedirectCachedWithExpiresHeader [okhttp3.CacheTest] with result: SUCCESS
Executing test responseSourceHeaderCached [okhttp3.CacheTest] with result: SUCCESS
Executing test requestOnlyIfCachedWithConditionalResponseCached [okhttp3.CacheTest] with result: SUCCESS
Executing test varyFieldsAreCaseInsensitive [okhttp3.CacheTest] with result: SUCCESS
Executing test etagAndExpirationDateInTheFuture [okhttp3.CacheTest] with result: SUCCESS
Executing test pragmaNoCacheAndExpirationDateInTheFuture [okhttp3.CacheTest] with result: SUCCESS
Executing test elementEvictedBeforeHasNextIsOmitted [okhttp3.CacheTest] with result: SUCCESS
Executing test requestMinFresh [okhttp3.CacheTest] with result: SUCCESS
Executing test defaultExpirationDateConditionallyCached [okhttp3.CacheTest] with result: SUCCESS
Executing test requestMaxAge [okhttp3.CacheTest] with result: SUCCESS
Executing test nonIdentityEncodingAndConditionalCache [okhttp3.CacheTest] with result: SUCCESS
Executing test notModifiedSpecifiesEncoding [okhttp3.CacheTest] with result: SUCCESS
Executing test foundCachedWithCacheControlHeader [okhttp3.CacheTest] with result: SUCCESS
Executing test cachedRedirect [okhttp3.CacheTest] with result: SUCCESS
Executing test expirationDateInThePastWithNoLastModifiedHeader [okhttp3.CacheTest] with result: SUCCESS
Executing test maxAgeInThePastWithDateHeaderButNoLastModifiedHeader [okhttp3.CacheTest] with result: SUCCESS
Executing test etagConditionCanBeNonAscii [okhttp3.CacheTest] with result: SUCCESS
Executing test requestMethodGetIsCached [okhttp3.CacheTest] with result: SUCCESS
Executing test nonIdentityEncodingAndFullCache [okhttp3.CacheTest] with result: SUCCESS
Executing test doNotCachePartialResponse [okhttp3.CacheTest] with result: SUCCESS
Executing test requestMaxStaleNotHonoredWithMustRevalidate [okhttp3.CacheTest] with result: SUCCESS
Executing test secureResponseCaching [okhttp3.CacheTest] with result: SUCCESS
Executing test cacheControlNoCache [okhttp3.CacheTest] with result: SUCCESS
Executing test gzipAndVaryOnAcceptEncoding [okhttp3.CacheTest] with result: SUCCESS
Executing test cacheControlNoStore [okhttp3.CacheTest] with result: SUCCESS
Executing test conditionalMissUpdatesCache [okhttp3.CacheTest] with result: SUCCESS
Executing test conditionalCacheHitIsNotDoublePooled [okhttp3.CacheTest] with result: SUCCESS
Executing test varyMultipleFieldValuesWithNoMatch [okhttp3.CacheTest] with result: SUCCESS
Executing test postInvalidatesCache [okhttp3.CacheTest] with result: SUCCESS
Executing test putInvalidatesCache [okhttp3.CacheTest] with result: SUCCESS
Executing test changedGzippedContentIsNotModifiedAndSpecifiesNewEncoding [okhttp3.CacheTest] with result: SUCCESS
Executing test getHeadersReturnsCachedHopByHopHeaders [okhttp3.CacheTest] with result: SUCCESS
Executing test requestCacheControlNoCache [okhttp3.CacheTest] with result: SUCCESS
Executing test iteratorRemoveWithoutNextThrows [okhttp3.CacheTest] with result: SUCCESS
Executing test varyMatchesAddedRequestHeaderField [okhttp3.CacheTest] with result: SUCCESS
Executing test responseCachingAndInputStreamSkipWithNoLengthHeaders [okhttp3.CacheTest] with result: SUCCESS
Executing test clientReadsHeadersDataTrailers [okhttp3.DuplexTest] with result: SUCCESS
Executing test duplexWithRedirect [okhttp3.DuplexTest] with result: SUCCESS
Executing test duplexWith100Continue [okhttp3.DuplexTest] with result: SUCCESS
Executing test http1DoesntSupportDuplex [okhttp3.DuplexTest] with result: SUCCESS
Executing test serverCancelsRequestBodyAndSendsResponseBody [okhttp3.DuplexTest] with result: SKIPPED
Executing test fullCallTimeoutDoesNotApplyOnceConnected [okhttp3.DuplexTest] with result: SUCCESS
Executing test requestBodyEndsAfterResponseBody [okhttp3.DuplexTest] with result: SUCCESS
Executing test duplexWithAuthChallenge [okhttp3.DuplexTest] with result: SUCCESS
Executing test duplexWithRewriteInterceptors [okhttp3.DuplexTest] with result: SUCCESS
Executing test fullCallTimeoutAppliesToSetup [okhttp3.DuplexTest] with result: SUCCESS
Executing test trueDuplexServerWritesFirst [okhttp3.DuplexTest] with result: SUCCESS
Executing test serverReadsHeadersData [okhttp3.DuplexTest] with result: SUCCESS
Executing test trueDuplexClientWritesFirst [okhttp3.DuplexTest] with result: SUCCESS
Executing test userAgentDefaultsToOkHttpVersion [okhttp3.URLConnectionTest] with result: SUCCESS
Executing test connectViaHttpProxyToHttpsUsingProxyArg [okhttp3.URLConnectionTest] with result: SUCCESS
Executing test emptyRequestHeaderNameIsStrict [okhttp3.URLConnectionTest] with result: SUCCESS
Executing test malformedUrlThrowsUnknownHostException [okhttp3.URLConnectionTest] with result: SUCCESS
Executing test postFailsWithBufferedRequestForLargeRequest [okhttp3.URLConnectionTest] with result: SKIPPED
Executing test response308WithGet [okhttp3.URLConnectionTest] with result: SUCCESS
Executing test proxyAuthenticateOnConnect [okhttp3.URLConnectionTest] with result: SUCCESS
Executing test inputStreamAvailableWithChunkedEncoding [okhttp3.URLConnectionTest] with result: SUCCESS
Executing test gzipAndConnectionReuseWithChunkedEncoding [okhttp3.URLConnectionTest] with result: SUCCESS
Executing test connectViaProxyUsingHttpProxySystemProperty [okhttp3.URLConnectionTest] with result: SUCCESS
Executing test http10SelectedProtocol [okhttp3.URLConnectionTest] with result: SUCCESS
Executing test shoutcast [okhttp3.URLConnectionTest] with result: SUCCESS
Executing test redirectToAnotherOriginServerWithHttps [okhttp3.URLConnectionTest] with result: SUCCESS
Executing test setValidRequestMethod [okhttp3.URLConnectionTest] with result: SUCCESS
Executing test cookiesAndTrailers [okhttp3.URLConnectionTest] with result: SKIPPED
Executing test redirectedFromHttpToHttpsFollowingProtocolRedirects [okhttp3.URLConnectionTest] with result: SUCCESS
Executing test endOfStreamResponseIsNotPooled [okhttp3.URLConnectionTest] with result: SUCCESS
Executing test httpsWithCustomTrustManager [okhttp3.URLConnectionTest] with result: SUCCESS
Executing test connectViaHttpProxyToHttpsUsingHttpProxySystemProperty [okhttp3.URLConnectionTest] with result: SUCCESS
Executing test chunkedUpload_largeBuffers [okhttp3.URLConnectionTest] with result: SUCCESS
Executing test getKeepAlive [okhttp3.URLConnectionTest] with result: SUCCESS
Executing test urlWithSpaceInHostViaHttpProxy [okhttp3.URLConnectionTest] with result: SUCCESS
Executing test redirectedFromHttpsToHttpFollowingProtocolRedirects [okhttp3.URLConnectionTest] with result: SUCCESS
Executing test sameConnectionRedirectAndReuse [okhttp3.URLConnectionTest] with result: SUCCESS
Executing test requestHeaderValidationIsStrict [okhttp3.URLConnectionTest] with result: SUCCESS
Executing test flushAfterStreamTransmittedWithNoLengthHeaders [okhttp3.URLConnectionTest] with result: SKIPPED
Executing test getHeadersThrows [okhttp3.URLConnectionTest] with result: SUCCESS
Executing test gzipEncodingEnabledByDefault [okhttp3.URLConnectionTest] with result: SUCCESS
Executing test doesNotAttemptAuthorization21Times [okhttp3.URLConnectionTest] with result: SUCCESS
Executing test fixedLengthUpload_byteByByte [okhttp3.URLConnectionTest] with result: SUCCESS
Executing test nonStandardAuthenticationScheme [okhttp3.URLConnectionTest] with result: SUCCESS
Executing test markAndResetWithNoLengthHeaders [okhttp3.URLConnectionTest] with result: SUCCESS
Executing test urlWithBadAsciiHost [okhttp3.URLConnectionTest] with result: SUCCESS
Executing test redirectedWithContentLengthHeader [okhttp3.URLConnectionTest] with result: SUCCESS
Executing test setProtocolsWithNull [okhttp3.URLConnectionTest] with result: SUCCESS
Executing test gzipAndConnectionReuseWithFixedLength [okhttp3.URLConnectionTest] with result: SUCCESS
Executing test proxyWithConnectionClose [okhttp3.URLConnectionTest] with result: SUCCESS
Executing test setsNegotiatedProtocolHeader_HTTP_2 [okhttp3.URLConnectionTest] with result: SUCCESS
Executing test proxyWithConnectionReuse [okhttp3.URLConnectionTest] with result: SUCCESS
Executing test noTransparentGzipFor304NotModified [okhttp3.URLConnectionTest] with result: SUCCESS
Executing test postFailsWithFixedLengthRequestForLargeRequest [okhttp3.URLConnectionTest] with result: SUCCESS
Executing test response300MultipleChoiceWithPost [okhttp3.URLConnectionTest] with result: SKIPPED
Executing test gzipAndConnectionReuseWithChunkedEncodingAndTls [okhttp3.URLConnectionTest] with result: SUCCESS
Executing test digestAuthentication [okhttp3.URLConnectionTest] with result: SUCCESS
Executing test flushAfterStreamTransmittedWithFixedLength [okhttp3.URLConnectionTest] with result: SUCCESS
Executing test urlContainsQueryButNoPath [okhttp3.URLConnectionTest] with result: SUCCESS
Executing test contentDisagreesWithChunkedHeaderBodyTooLong [okhttp3.URLConnectionTest] with result: SUCCESS
Executing test postBodiesRetransmittedOnAuthProblems [okhttp3.URLConnectionTest] with result: SKIPPED
Executing test testPooledConnectionsDetectHttp10 [okhttp3.URLConnectionTest] with result: SKIPPED
Executing test authenticateWithGet [okhttp3.URLConnectionTest] with result: SUCCESS
Executing test getContentTypeConnects [okhttp3.URLConnectionTest] with result: SUCCESS
Executing test streamedBodyIsRetriedOnHttp2Shutdown [okhttp3.URLConnectionTest] with result: SUCCESS
Executing test postEmptyBodyRetransmittedAfterAuthorizationFail_HTTP_2 [okhttp3.URLConnectionTest] with result: SUCCESS
Executing test requestBodySurvivesRetriesWithFixedLength [okhttp3.URLConnectionTest] with result: SUCCESS
Executing test clientSendsContentLength [okhttp3.URLConnectionTest] with result: SUCCESS
Executing test nullSSLSocketFactory_throws [okhttp3.URLConnectionTest] with result: SUCCESS
Executing test authenticateWithGetAndTransparentGzip [okhttp3.URLConnectionTest] with result: SUCCESS
Executing test nonStandardAuthenticationSchemeWithRealm [okhttp3.URLConnectionTest] with result: SUCCESS
Executing test zeroLengthPut_HTTP_2 [okhttp3.URLConnectionTest] with result: SUCCESS
Executing test flushAfterStreamTransmittedWithChunkedEncoding [okhttp3.URLConnectionTest] with result: SUCCESS
Executing test postBodyRetransmittedOnFailureRecovery [okhttp3.URLConnectionTest] with result: SUCCESS
Executing test requestHeaders [okhttp3.URLConnectionTest] with result: SUCCESS
Executing test malformedChunkSize [okhttp3.URLConnectionTest] with result: SUCCESS
Executing test authenticateWithPost [okhttp3.URLConnectionTest] with result: SUCCESS
Executing test invalidHost [okhttp3.URLConnectionTest] with result: SUCCESS
Executing test markAndResetWithChunkedEncoding [okhttp3.URLConnectionTest] with result: SUCCESS
Executing test notRedirectedFromHttpToHttps [okhttp3.URLConnectionTest] with result: SUCCESS
Executing test setChunkedEncodingAsRequestProperty [okhttp3.URLConnectionTest] with result: SUCCESS
Executing test connectViaHttpsReusingConnectionsAfterRebuildingClient [okhttp3.URLConnectionTest] with result: SUCCESS
Executing test deflateCompression [okhttp3.URLConnectionTest] with result: SKIPPED
Executing test earlyDisconnectDoesntHarmPoolingWithChunkedEncoding [okhttp3.URLConnectionTest] with result: SUCCESS
Executing test disconnectDuringConnect_cookieJar [okhttp3.URLConnectionTest] with result: SUCCESS
Executing test emptyRequestHeaderValueIsAllowed [okhttp3.URLConnectionTest] with result: SUCCESS
Executing test connectHttpsViaSocketFactory [okhttp3.URLConnectionTest] with result: SUCCESS
Executing test chunkedConnectionsArePooled [okhttp3.URLConnectionTest] with result: SUCCESS
Executing test authenticateCallsTrackedAsRedirects [okhttp3.URLConnectionTest] with result: SUCCESS
Executing test serverSendsInvalidCodeNotANumber [okhttp3.URLConnectionTest] with result: SUCCESS
Executing test postRedirectToGetWithChunkedRequest [okhttp3.URLConnectionTest] with result: SUCCESS
Executing test gzipAndConnectionReuseWithFixedLengthAndTls [okhttp3.URLConnectionTest] with result: SUCCESS
Executing test http11SelectedProtocol [okhttp3.URLConnectionTest] with result: SUCCESS
Executing test connectRetriesUntilConnectedOrFailed [okhttp3.URLConnectionTest] with result: SUCCESS
Executing test redirectWithProxySelector [okhttp3.URLConnectionTest] with result: SUCCESS
Executing test urlHostWithNul [okhttp3.URLConnectionTest] with result: SUCCESS
Executing test missingChunkBody [okhttp3.URLConnectionTest] with result: SUCCESS
Executing test connectViaHttpProxyToHttpsUsingHttpsProxySystemProperty [okhttp3.URLConnectionTest] with result: SUCCESS
Executing test streamDiscardingIsTimely [okhttp3.URLConnectionTest] with result: SUCCESS
Executing test follow20Redirects [okhttp3.URLConnectionTest] with result: SUCCESS
Executing test clientConfiguredGzipContentEncoding [okhttp3.URLConnectionTest] with result: SUCCESS
Executing test responseCodeDisagreesWithHeaders [okhttp3.URLConnectionTest] with result: SUCCESS
Executing test customBasicAuthenticator [okhttp3.URLConnectionTest] with result: SUCCESS
Executing test emptyResponseHeaderValueIsAllowed [okhttp3.URLConnectionTest] with result: SUCCESS
Executing test setSslSocketFactoryFailsOnJdk9 [okhttp3.URLConnectionTest] with result: SUCCESS
Executing test doesNotFollow21Redirects [okhttp3.URLConnectionTest] with result: SUCCESS
Executing test allAttributesSetInProxyAuthenticationCallbacks [okhttp3.URLConnectionTest] with result: SUCCESS
Executing test pooledConnectionProblemsNotReportedToProxySelector [okhttp3.URLConnectionTest] with result: SKIPPED
Executing test extensionAfterChunkSize [okhttp3.URLConnectionTest] with result: SUCCESS
Executing test contentDisagreesWithContentLengthHeaderBodyTooLong [okhttp3.URLConnectionTest] with result: SUCCESS
Executing test connectionCloseWithRedirect [okhttp3.URLConnectionTest] with result: SUCCESS
Executing test sslFallbackNotUsedWhenRecycledConnectionFails [okhttp3.URLConnectionTest] with result: SUCCESS
Executing test response308WithHead [okhttp3.URLConnectionTest] with result: SUCCESS
Executing test response308WithPost [okhttp3.URLConnectionTest] with result: SUCCESS
Executing test contentDisagreesWithContentLengthHeaderBodyTooShort [okhttp3.URLConnectionTest] with result: SUCCESS
Executing test defaultRequestProperty [okhttp3.URLConnectionTest] with result: SUCCESS
Executing test redirectWithAuthentication [okhttp3.URLConnectionTest] with result: SUCCESS
Executing test connectViaProxyUsingProxyArg [okhttp3.URLConnectionTest] with result: SUCCESS
Executing test attemptAuthorization20Times [okhttp3.URLConnectionTest] with result: SUCCESS
Executing test doOutputForMethodThatDoesntSupportOutput [okhttp3.URLConnectionTest] with result: SUCCESS
Executing test markAndResetWithContentLengthHeader [okhttp3.URLConnectionTest] with result: SUCCESS
Executing test serverClosesSocket [okhttp3.URLConnectionTest] with result: SUCCESS
Executing test connectViaHttpProxyToHttpsUsingBadProxyAndHttpResponseCache [okhttp3.URLConnectionTest] with result: SUCCESS
Executing test connectViaHttpProxyToHttpsUsingProxyArgWithNoProxy [okhttp3.URLConnectionTest] with result: SUCCESS
Executing test connectHttpViaSocketFactory [okhttp3.URLConnectionTest] with result: SUCCESS
Executing test testNoSslFallback [okhttp3.URLConnectionTest] with result: SUCCESS
Executing test notRedirectedFromHttpsToHttp [okhttp3.URLConnectionTest] with result: SUCCESS
Executing test emptyResponseHeaderNameIsLenient [okhttp3.URLConnectionTest] with result: SUCCESS
Executing test gzipWithRedirectAndConnectionReuse [okhttp3.URLConnectionTest] with result: SUCCESS
Executing test redirectedWithNoLengthHeaders [okhttp3.URLConnectionTest] with result: SUCCESS
Executing test fullyBufferedPostIsTooShort [okhttp3.URLConnectionTest] with result: SUCCESS
Executing test fixedLengthUpload_smallBuffers [okhttp3.URLConnectionTest] with result: SUCCESS
Executing test bug2939 [okhttp3.URLConnectionTest] with result: SUCCESS
Executing test proxySelectorHttpWithConnectionReuse [okhttp3.URLConnectionTest] with result: SUCCESS
Executing test connectionCloseInResponse [okhttp3.URLConnectionTest] with result: SUCCESS
Executing test authenticateWithFixedLengthStreaming [okhttp3.URLConnectionTest] with result: SUCCESS
Executing test writeTimeouts [okhttp3.URLConnectionTest] with result: SUCCESS
Executing test zeroLengthPost_HTTP_2 [okhttp3.URLConnectionTest] with result: SUCCESS
Executing test setChunkedStreamingMode [okhttp3.URLConnectionTest] with result: SUCCESS
Executing test response307WithGet [okhttp3.URLConnectionTest] with result: SUCCESS
Executing test serverSendsUnnecessaryWhitespace [okhttp3.URLConnectionTest] with result: SUCCESS
Executing test getContentEncodingConnects [okhttp3.URLConnectionTest] with result: SUCCESS
Executing test postEmptyBodyRetransmittedAfterAuthorizationFail [okhttp3.URLConnectionTest] with result: SUCCESS
Executing test dnsFailureThrowsIOException [okhttp3.URLConnectionTest] with result: SUCCESS
Executing test redirectedPostStripsRequestBodyHeaders [okhttp3.URLConnectionTest] with result: SUCCESS
Executing test unexpectedExceptionSync [okhttp3.URLConnectionTest] with result: SUCCESS
Executing test connectViaHttps [okhttp3.URLConnectionTest] with result: SUCCESS
Executing test urlRedirectToHostWithNul [okhttp3.URLConnectionTest] with result: SUCCESS
Executing test getClientRequestTimeout [okhttp3.URLConnectionTest] with result: SUCCESS
Executing test response301MovedPermanentlyWithPost [okhttp3.URLConnectionTest] with result: SKIPPED
Executing test serverSendsInvalidStatusLine [okhttp3.URLConnectionTest] with result: SUCCESS
Executing test transparentGzipWorksAfterExceptionRecovery [okhttp3.URLConnectionTest] with result: SUCCESS
Executing test postRedirectToGetWithStreamedRequest [okhttp3.URLConnectionTest] with result: SUCCESS
Executing test postFailsWithChunkedRequestForSmallRequest [okhttp3.URLConnectionTest] with result: SUCCESS
Executing test allAttributesSetInServerAuthenticationCallbacks [okhttp3.URLConnectionTest] with result: SUCCESS
Executing test disconnectBeforeConnect [okhttp3.URLConnectionTest] with result: SUCCESS
Executing test connectionsArePooled [okhttp3.URLConnectionTest] with result: SUCCESS
Executing test readTimeouts [okhttp3.URLConnectionTest] with result: SUCCESS
Executing test chunkedUpload_byteByByte [okhttp3.URLConnectionTest] with result: SUCCESS
Executing test redirectedWithChunkedEncoding [okhttp3.URLConnectionTest] with result: SUCCESS
Executing test urlWithSpaceInHost [okhttp3.URLConnectionTest] with result: SUCCESS
Executing test setInvalidRequestMethodLowercase [okhttp3.URLConnectionTest] with result: SUCCESS
Executing test fullyBufferedPostIsTooLong [okhttp3.URLConnectionTest] with result: SUCCESS
Executing test redirectToAnotherOriginServer [okhttp3.URLConnectionTest] with result: SUCCESS
Executing test authenticateRealmUppercase [okhttp3.URLConnectionTest] with result: SUCCESS
Executing test postFailsWithBufferedRequestForSmallRequest [okhttp3.URLConnectionTest] with result: SKIPPED
Executing test postBodyRetransmittedAfterAuthorizationFail_HTTP_2 [okhttp3.URLConnectionTest] with result: SUCCESS
Executing test inputStreamAvailableWithContentLengthHeader [okhttp3.URLConnectionTest] with result: SUCCESS
Executing test setProtocols [okhttp3.URLConnectionTest] with result: SUCCESS
Executing test contentDisagreesWithChunkedHeaderBodyTooShort [okhttp3.URLConnectionTest] with result: SUCCESS
Executing test connectionCloseInRequest [okhttp3.URLConnectionTest] with result: SUCCESS
Executing test response307WithOptions [okhttp3.URLConnectionTest] with result: SUCCESS
Executing test bodyPermittedOnDelete [okhttp3.URLConnectionTest] with result: SUCCESS
Executing test connectViaHttpsReusingConnections [okhttp3.URLConnectionTest] with result: SUCCESS
Executing test getOutputStreamOnGetFails [okhttp3.URLConnectionTest] with result: SUCCESS
Executing test earlyDisconnectDoesntHarmPoolingWithFixedLengthEncoding [okhttp3.URLConnectionTest] with result: SUCCESS
Executing test unauthorizedResponseHandling [okhttp3.URLConnectionTest] with result: SUCCESS
Executing test bufferedBodyWithClientRequestTimeout [okhttp3.URLConnectionTest] with result: SUCCESS
Executing test response308WithOptions [okhttp3.URLConnectionTest] with result: SUCCESS
Executing test authenticateWithCharset [okhttp3.URLConnectionTest] with result: SUCCESS
Executing test clientConfiguredCustomContentEncoding [okhttp3.URLConnectionTest] with result: SUCCESS
Executing test response303SeeOtherWithPost [okhttp3.URLConnectionTest] with result: SKIPPED
Executing test connectViaHttpsWithSSLFallback [okhttp3.URLConnectionTest] with result: SUCCESS
Executing test chunkedUpload_smallBuffers [okhttp3.URLConnectionTest] with result: SUCCESS
Executing test authenticateNoConnection [okhttp3.URLConnectionTest] with result: SUCCESS
Executing test connectViaHttpsToUntrustedServer [okhttp3.URLConnectionTest] with result: SUCCESS
Executing test setInvalidRequestMethodConnect [okhttp3.URLConnectionTest] with result: SUCCESS
Executing test serverShutdownOutput [okhttp3.URLConnectionTest] with result: SUCCESS
Executing test responseHeaders [okhttp3.URLConnectionTest] with result: SUCCESS
Executing test redirectedOnHttps [okhttp3.URLConnectionTest] with result: SUCCESS
Executing test connectViaHttpsWithSSLFallbackFailuresRecorded [okhttp3.URLConnectionTest] with result: SUCCESS
Executing test responseHeaderParsingIsLenient [okhttp3.URLConnectionTest] with result: SUCCESS
Executing test fixedLengthUpload_largeBuffers [okhttp3.URLConnectionTest] with result: SUCCESS
Executing test singleByteReadIsSigned [okhttp3.URLConnectionTest] with result: SUCCESS
Executing test proxyConnectIncludesProxyHeadersOnly [okhttp3.URLConnectionTest] with result: SUCCESS
Executing test postBodiesRetransmittedOnIpAddressProblems [okhttp3.URLConnectionTest] with result: SKIPPED
Executing test postFailsWithFixedLengthRequestForSmallRequest [okhttp3.URLConnectionTest] with result: SUCCESS
Executing test serverSendsInvalidCodeTooLarge [okhttp3.URLConnectionTest] with result: SUCCESS
Executing test response305UseProxy [okhttp3.URLConnectionTest] with result: SUCCESS
Executing test secureChunkedStreaming [okhttp3.URLConnectionTest] with result: SUCCESS
Executing test readAfterLastByte [okhttp3.URLConnectionTest] with result: SUCCESS
Executing test serverShutdownInput [okhttp3.URLConnectionTest] with result: SUCCESS
Executing test inputStreamAvailableWithNoLengthHeaders [okhttp3.URLConnectionTest] with result: SUCCESS
Executing test zeroLengthPut [okhttp3.URLConnectionTest] with result: SUCCESS
Executing test response307WithHead [okhttp3.URLConnectionTest] with result: SUCCESS
Executing test response307WithPost [okhttp3.URLConnectionTest] with result: SUCCESS
Executing test customTokenAuthenticator [okhttp3.URLConnectionTest] with result: SUCCESS
Executing test response302MovedTemporarilyWithPost [okhttp3.URLConnectionTest] with result: SKIPPED
Executing test authenticateWithChunkedStreaming [okhttp3.URLConnectionTest] with result: SUCCESS
Executing test postBodyRetransmittedAfterAuthorizationFail [okhttp3.URLConnectionTest] with result: SUCCESS
Executing test nonHexChunkSize [okhttp3.URLConnectionTest] with result: SUCCESS
Executing test streamedBodyWithClientRequestTimeout [okhttp3.URLConnectionTest] with result: SUCCESS
Executing test requestBodySurvivesRetriesWithChunkedStreaming [okhttp3.URLConnectionTest] with result: SUCCESS
Executing test getContentLengthConnects [okhttp3.URLConnectionTest] with result: SUCCESS
Executing test connectViaProxyUsingProxySystemProperty [okhttp3.URLConnectionTest] with result: SUCCESS
Executing test postFailsWithChunkedRequestForLargeRequest [okhttp3.URLConnectionTest] with result: SUCCESS
Executing test veryLargeFixedLengthRequest [okhttp3.URLConnectionTest] with result: SUCCESS
Executing test zeroLengthPost [okhttp3.URLConnectionTest] with result: SUCCESS
Executing test setProtocolsWithoutHttp11 [okhttp3.URLConnectionTest] with result: SUCCESS
Executing test secureFixedLengthStreaming [okhttp3.URLConnectionTest] with result: SUCCESS
Executing test connectViaHttpProxyToHttpsUsingProxySystemProperty [okhttp3.URLConnectionTest] with result: SUCCESS
Executing test disconnectedConnection [okhttp3.URLConnectionTest] with result: SUCCESS
Executing test getRequestPropertyReturnsLastValue [okhttp3.URLConnectionTest] with result: SUCCESS
Executing test connectViaHttpsReusingConnectionsDifferentFactories [okhttp3.URLConnectionTest] with result: SUCCESS
Executing test emptyResponseBodyConnectionClose [okhttp3.EventListenerTest] with result: SUCCESS
Executing test failedSecureConnect [okhttp3.EventListenerTest] with result: SUCCESS
Executing test successfulCallEventSequence [okhttp3.EventListenerTest] with result: SUCCESS
Executing test emptyResponseBody [okhttp3.EventListenerTest] with result: SUCCESS
Executing test successfulChunkedH2CallEventSequence [okhttp3.EventListenerTest] with result: SUCCESS
Executing test successfulCallEventSequenceForEnqueue [okhttp3.EventListenerTest] with result: SUCCESS
Executing test successfulHttpProxyConnect [okhttp3.EventListenerTest] with result: SUCCESS
Executing test redirectUsingSameConnectionEventSequence [okhttp3.EventListenerTest] with result: SUCCESS
Executing test applicationInterceptorProceedsMultipleTimes [okhttp3.EventListenerTest] with result: SUCCESS
Executing test secondCallEventSequence [okhttp3.EventListenerTest] with result: SUCCESS
Executing test multipleDnsLookupsForSingleCall [okhttp3.EventListenerTest] with result: SUCCESS
Executing test responseBodyFailHttp2OverHttps [okhttp3.EventListenerTest] with result: SUCCESS
Executing test failedConnect [okhttp3.EventListenerTest] with result: SUCCESS
Executing test responseBodyFailHttp1OverHttps [okhttp3.EventListenerTest] with result: SUCCESS
Executing test noDnsLookupOnPooledConnection [okhttp3.EventListenerTest] with result: SUCCESS
Executing test successfulEmptyH2CallEventSequence [okhttp3.EventListenerTest] with result: SUCCESS
Executing test requestBodySuccessHttp2OverHttps [okhttp3.EventListenerTest] with result: SUCCESS
Executing test requestBodySuccessStreaming [okhttp3.EventListenerTest] with result: SUCCESS
Executing test successfulSocksProxyConnect [okhttp3.EventListenerTest] with result: SUCCESS
Executing test multipleConnectsForSingleCall [okhttp3.EventListenerTest] with result: SUCCESS
Executing test requestBodySuccessHttp1OverHttps [okhttp3.EventListenerTest] with result: SUCCESS
Executing test multipleSecureConnectsForSingleCall [okhttp3.EventListenerTest] with result: SUCCESS
Executing test successfulChunkedHttpsCallEventSequence [okhttp3.EventListenerTest] with result: SUCCESS
Executing test pooledConnectionFound [okhttp3.EventListenerTest] with result: SUCCESS
Executing test failedDnsLookup [okhttp3.EventListenerTest] with result: SUCCESS
Executing test canceledCallEventSequence [okhttp3.EventListenerTest] with result: SUCCESS
Executing test successfulConnectionFound [okhttp3.EventListenerTest] with result: SUCCESS
Executing test expectContinueStartsResponseHeadersEarly [okhttp3.EventListenerTest] with result: SUCCESS
Executing test failedDribbledCallEventSequence [okhttp3.EventListenerTest] with result: SUCCESS
Executing test requestBodyFailHttp [okhttp3.EventListenerTest] with result: SUCCESS
Executing test applicationInterceptorShortCircuit [okhttp3.EventListenerTest] with result: SUCCESS
Executing test responseBodyFailHttp [okhttp3.EventListenerTest] with result: SUCCESS
Executing test requestBodySuccessHttp [okhttp3.EventListenerTest] with result: SUCCESS
Executing test redirectUsingNewConnectionEventSequence [okhttp3.EventListenerTest] with result: SUCCESS
Executing test failedCallEventSequence [okhttp3.EventListenerTest] with result: SUCCESS
Executing test successfulDnsLookup [okhttp3.EventListenerTest] with result: SUCCESS
Executing test timeToFirstByteGapBetweenResponseHeaderStartAndEnd [okhttp3.EventListenerTest] with result: SUCCESS
Executing test successfulEmptyHttpsCallEventSequence [okhttp3.EventListenerTest] with result: SUCCESS
Executing test emptyDnsLookup [okhttp3.EventListenerTest] with result: SUCCESS
Executing test timeToFirstByteHttp2OverHttps [okhttp3.EventListenerTest] with result: SUCCESS
Executing test noSecureConnectsOnPooledConnection [okhttp3.EventListenerTest] with result: SUCCESS
Executing test timeToFirstByteHttp1OverHttps [okhttp3.EventListenerTest] with result: SUCCESS
Executing test requestBodyFailHttp2OverHttps [okhttp3.EventListenerTest] with result: SUCCESS
Executing test requestBodyFailHttp1OverHttps [okhttp3.EventListenerTest] with result: SUCCESS
Executing test secureConnectWithTunnel [okhttp3.EventListenerTest] with result: SUCCESS
Executing test successfulSecureConnect [okhttp3.EventListenerTest] with result: SUCCESS
Executing test authenticatingTunnelProxyConnect [okhttp3.EventListenerTest] with result: SUCCESS
Executing test responseBodyClosedClosedWithoutReadingAllData [okhttp3.EventListenerTest] with result: SUCCESS
Executing test successfulConnect [okhttp3.EventListenerTest] with result: SUCCESS
Executing test noConnectionFoundOnFollowUp [okhttp3.EventListenerTest] with result: SUCCESS
Executing test successfulCallEventSequenceWithListener [okhttp3.EventListenerTest] with result: SUCCESS
Executing test requestBodyMultipleFailuresReportedOnlyOnce [okhttp3.EventListenerTest] with result: SUCCESS
Executing test requestBodySuccessEmpty [okhttp3.EventListenerTest] with result: SUCCESS
Executing test multipleConnectionsFoundForSingleCall [okhttp3.EventListenerTest] with result: SUCCESS
Executing test byteArray [okhttp3.RequestTest] with result: SUCCESS
Executing test byteArrayRange [okhttp3.RequestTest] with result: SUCCESS
Executing test objectTag [okhttp3.RequestTest] with result: SUCCESS
Executing test stringWithNonDefaultCharsetSpecified [okhttp3.RequestTest] with result: SUCCESS
Executing test cacheControl [okhttp3.RequestTest] with result: SUCCESS
Executing test tagsAreImmutable [okhttp3.RequestTest] with result: SUCCESS
Executing test string [okhttp3.RequestTest] with result: SUCCESS
Executing test replaceOnlyTag [okhttp3.RequestTest] with result: SUCCESS
Executing test newBuilderUrlResetsUrl [okhttp3.RequestTest] with result: SUCCESS
Executing test nullRemovesTag [okhttp3.RequestTest] with result: SUCCESS
Executing test typedTag [okhttp3.RequestTest] with result: SUCCESS
Executing test removeAbsentTag [okhttp3.RequestTest] with result: SUCCESS
Executing test emptyCacheControlClearsAllCacheControlHeaders [okhttp3.RequestTest] with result: SUCCESS
Executing test stringWithDefaultCharsetAdded [okhttp3.RequestTest] with result: SUCCESS
Executing test file [okhttp3.RequestTest] with result: SUCCESS
Executing test noTag [okhttp3.RequestTest] with result: SUCCESS
Executing test multipleTags [okhttp3.RequestTest] with result: SUCCESS
Executing test byteString [okhttp3.RequestTest] with result: SUCCESS
Executing test headerForbidsNullArguments [okhttp3.RequestTest] with result: SUCCESS
Executing test defaultTag [okhttp3.RequestTest] with result: SUCCESS
Executing test uninitializedURI [okhttp3.RequestTest] with result: SUCCESS
Executing test emptyNameForbidden [okhttp3.RequestTest] with result: SUCCESS
Executing test headerForbidsControlCharacters [okhttp3.RequestTest] with result: SUCCESS
Executing test headerAllowsTabOnlyInValues [okhttp3.RequestTest] with result: SUCCESS
Executing test headerAcceptsPermittedCharacters [okhttp3.RequestTest] with result: SUCCESS
Executing test crudVerbs [okhttp3.RequestTest] with result: SUCCESS
Executing test testBuildIfSupported [okhttp3.ConscryptTest] with result: SKIPPED
Executing test testTrustManager [okhttp3.ConscryptTest] with result: SKIPPED
Executing test testVersion [okhttp3.ConscryptTest] with result: SKIPPED
Executing test testMozilla [okhttp3.ConscryptTest] with result: SKIPPED
Executing test testGoogle [okhttp3.ConscryptTest] with result: SKIPPED
Executing test taskFailsWithUncheckedException [okhttp3.internal.concurrent.TaskRunnerRealBackendTest] with result: SUCCESS
Executing test test [okhttp3.internal.concurrent.TaskRunnerRealBackendTest] with result: SUCCESS
Executing test idleLatchAfterShutdown [okhttp3.internal.concurrent.TaskRunnerRealBackendTest] with result: SUCCESS
Executing test testBuildIfSupported [okhttp3.OpenJSSETest] with result: SKIPPED
Executing test testSupportedProtocols [okhttp3.OpenJSSETest] with result: SKIPPED
Executing test testMozilla [okhttp3.OpenJSSETest] with result: SKIPPED
Executing test testTlsv13Works [okhttp3.OpenJSSETest] with result: SKIPPED
Executing test testIfSupported [okhttp3.CorrettoTest] with result: SKIPPED
Executing test testMozilla [okhttp3.CorrettoTest] with result: SKIPPED
Executing test testGoogle [okhttp3.CorrettoTest] with result: SKIPPED
