deflaker/samples_nonflaky/dropwizard/test_cases/io.dropwizard.jersey.optional.OptionalMessageBodyWriterTest.presentOptionalsReturnTheirValueWithResponse: ......could not find this test case. It may be defined in a superclass.
deflaker/samples_nonflaky/dropwizard/test_cases/io.dropwizard.jersey.params.InstantParamTest.nullThrowsAnException: ......could not find this test case. It may be defined in a superclass.
deflaker/samples_nonflaky/dropwizard/test_cases/io.dropwizard.jersey.params.InstantParamTest.parsesDateTimes: ......could not find this test case. It may be defined in a superclass.
deflaker/samples_nonflaky/dropwizard/test_cases/io.dropwizard.jersey.params.LocalDateParamTest.parsesLocalDates: ......could not find this test case. It may be defined in a superclass.
deflaker/samples_nonflaky/dropwizard/test_cases/io.dropwizard.servlets.assets.ResourceURLTest.getLastModifiedReturnsTheLastModifiedTimeOfAFile{Path}: ......could not find this test case. It may be defined in a superclass.
deflaker/samples_nonflaky/dropwizard/test_cases/io.dropwizard.servlets.assets.ResourceURLTest.isDirectoryReturnsTrueForPlainDirectories{Path}: ......could not find this test case. It may be defined in a superclass.
deflaker/samples_nonflaky/dropwizard/test_cases/io.dropwizard.servlets.assets.ResourceURLTest.isDirectoryReturnsFalseForPlainFiles{Path}: ......could not find this test case. It may be defined in a superclass.
deflaker/samples_nonflaky/dropwizard/test_cases/io.dropwizard.configuration.JsonConfigurationFactoryTest.throwsAnExceptionOnArrayOverrideWithInvalidType: ......could not find this test case. It may be defined in a superclass.
deflaker/samples_nonflaky/dropwizard/test_cases/io.dropwizard.configuration.JsonConfigurationFactoryTest.throwsAnExceptionOnEmptyFiles: ......could not find this test case. It may be defined in a superclass.
deflaker/samples_nonflaky/dropwizard/test_cases/io.dropwizard.configuration.JsonConfigurationFactoryTest.handlesSimpleOverride: ......could not find this test case. It may be defined in a superclass.
deflaker/samples_nonflaky/dropwizard/test_cases/io.dropwizard.configuration.JsonConfigurationFactoryTest.throwsAnExceptionIfDefaultConfigurationCantBeInstantiated: ......could not find this test case. It may be defined in a superclass.
deflaker/samples_nonflaky/dropwizard/test_cases/io.dropwizard.configuration.JsonConfigurationFactoryTest.handlesExistingOverrideWithPeriod: ......could not find this test case. It may be defined in a superclass.
deflaker/samples_nonflaky/dropwizard/test_cases/io.dropwizard.configuration.JsonConfigurationFactoryTest.usesDefaultedCacheBuilderSpec: ......could not find this test case. It may be defined in a superclass.
deflaker/samples_nonflaky/dropwizard/test_cases/io.dropwizard.configuration.JsonConfigurationFactoryTest.incorrectTypeIsFound: ......could not find this test case. It may be defined in a superclass.
deflaker/samples_nonflaky/dropwizard/test_cases/io.dropwizard.configuration.JsonConfigurationFactoryTest.throwsAnExceptionOnUnexpectedArrayOverride: ......could not find this test case. It may be defined in a superclass.
deflaker/samples_nonflaky/dropwizard/test_cases/io.dropwizard.configuration.JsonConfigurationFactoryTest.handlesNewOverrideWithPeriod: ......could not find this test case. It may be defined in a superclass.
deflaker/samples_nonflaky/dropwizard/test_cases/io.dropwizard.configuration.JsonConfigurationFactoryTest.handleOverrideDefaultConfiguration: ......could not find this test case. It may be defined in a superclass.
deflaker/samples_nonflaky/dropwizard/test_cases/io.dropwizard.configuration.JsonConfigurationFactoryTest.overrideMapProperty: ......could not find this test case. It may be defined in a superclass.
deflaker/samples_nonflaky/dropwizard/test_cases/io.dropwizard.configuration.JsonConfigurationFactoryTest.handlesSingleElementArrayOverride: ......could not find this test case. It may be defined in a superclass.
deflaker/samples_nonflaky/dropwizard/test_cases/io.dropwizard.configuration.JsonConfigurationFactoryTest.handleDefaultConfigurationWithoutOverriding: ......could not find this test case. It may be defined in a superclass.
deflaker/samples_nonflaky/dropwizard/test_cases/io.dropwizard.configuration.JsonConfigurationFactoryTest.loadsValidConfigFiles: ......could not find this test case. It may be defined in a superclass.
deflaker/samples_nonflaky/dropwizard/test_cases/io.dropwizard.configuration.JsonConfigurationFactoryTest.throwsAnExceptionOnInvalidFiles: ......could not find this test case. It may be defined in a superclass.
deflaker/samples_nonflaky/dropwizard/test_cases/io.dropwizard.configuration.JsonConfigurationFactoryTest.throwsAnExceptionOnOverrideArrayPropertyIndexOutOfBounds: ......could not find this test case. It may be defined in a superclass.
deflaker/samples_nonflaky/dropwizard/test_cases/io.dropwizard.configuration.JsonConfigurationFactoryTest.handlesArrayOverride: ......could not find this test case. It may be defined in a superclass.
deflaker/samples_nonflaky/dropwizard/test_cases/io.dropwizard.configuration.JsonConfigurationFactoryTest.throwsAnExceptionOnOverrideArrayIndexOutOfBounds: ......could not find this test case. It may be defined in a superclass.
deflaker/samples_nonflaky/dropwizard/test_cases/io.dropwizard.configuration.JsonConfigurationFactoryTest.handlesArrayOverrideEscaped: ......could not find this test case. It may be defined in a superclass.
deflaker/samples_nonflaky/dropwizard/test_cases/io.dropwizard.configuration.JsonConfigurationFactoryTest.overridesArrayPropertiesWithIndices: ......could not find this test case. It may be defined in a superclass.
deflaker/samples_nonflaky/dropwizard/test_cases/io.dropwizard.configuration.JsonConfigurationFactoryTest.overridesArrayWithIndices: ......could not find this test case. It may be defined in a superclass.
deflaker/samples_nonflaky/dropwizard/test_cases/io.dropwizard.configuration.JsonConfigurationFactoryTest.overridesArrayWithIndicesReverse: ......could not find this test case. It may be defined in a superclass.
deflaker/samples_nonflaky/dropwizard/test_cases/io.dropwizard.configuration.YamlConfigurationFactoryTest.throwsAnExceptionOnArrayOverrideWithInvalidType: ......could not find this test case. It may be defined in a superclass.
deflaker/samples_nonflaky/dropwizard/test_cases/io.dropwizard.configuration.YamlConfigurationFactoryTest.throwsAnExceptionOnEmptyFiles: ......could not find this test case. It may be defined in a superclass.
deflaker/samples_nonflaky/dropwizard/test_cases/io.dropwizard.configuration.YamlConfigurationFactoryTest.handlesSimpleOverride: ......could not find this test case. It may be defined in a superclass.
deflaker/samples_nonflaky/dropwizard/test_cases/io.dropwizard.configuration.YamlConfigurationFactoryTest.throwsAnExceptionIfDefaultConfigurationCantBeInstantiated: ......could not find this test case. It may be defined in a superclass.
deflaker/samples_nonflaky/dropwizard/test_cases/io.dropwizard.configuration.YamlConfigurationFactoryTest.handlesExistingOverrideWithPeriod: ......could not find this test case. It may be defined in a superclass.
deflaker/samples_nonflaky/dropwizard/test_cases/io.dropwizard.configuration.YamlConfigurationFactoryTest.usesDefaultedCacheBuilderSpec: ......could not find this test case. It may be defined in a superclass.
deflaker/samples_nonflaky/dropwizard/test_cases/io.dropwizard.configuration.YamlConfigurationFactoryTest.incorrectTypeIsFound: ......could not find this test case. It may be defined in a superclass.
deflaker/samples_nonflaky/dropwizard/test_cases/io.dropwizard.configuration.YamlConfigurationFactoryTest.throwsAnExceptionOnUnexpectedArrayOverride: ......could not find this test case. It may be defined in a superclass.
deflaker/samples_nonflaky/dropwizard/test_cases/io.dropwizard.configuration.YamlConfigurationFactoryTest.handlesNewOverrideWithPeriod: ......could not find this test case. It may be defined in a superclass.
deflaker/samples_nonflaky/dropwizard/test_cases/io.dropwizard.configuration.YamlConfigurationFactoryTest.handleOverrideDefaultConfiguration: ......could not find this test case. It may be defined in a superclass.
deflaker/samples_nonflaky/dropwizard/test_cases/io.dropwizard.configuration.YamlConfigurationFactoryTest.overrideMapProperty: ......could not find this test case. It may be defined in a superclass.
deflaker/samples_nonflaky/dropwizard/test_cases/io.dropwizard.configuration.YamlConfigurationFactoryTest.handlesSingleElementArrayOverride: ......could not find this test case. It may be defined in a superclass.
deflaker/samples_nonflaky/dropwizard/test_cases/io.dropwizard.configuration.YamlConfigurationFactoryTest.handleDefaultConfigurationWithoutOverriding: ......could not find this test case. It may be defined in a superclass.
deflaker/samples_nonflaky/dropwizard/test_cases/io.dropwizard.configuration.YamlConfigurationFactoryTest.loadsValidConfigFiles: ......could not find this test case. It may be defined in a superclass.
deflaker/samples_nonflaky/dropwizard/test_cases/io.dropwizard.configuration.YamlConfigurationFactoryTest.throwsAnExceptionOnInvalidFiles: ......could not find this test case. It may be defined in a superclass.
deflaker/samples_nonflaky/dropwizard/test_cases/io.dropwizard.configuration.YamlConfigurationFactoryTest.throwsAnExceptionOnOverrideArrayPropertyIndexOutOfBounds: ......could not find this test case. It may be defined in a superclass.
deflaker/samples_nonflaky/dropwizard/test_cases/io.dropwizard.configuration.YamlConfigurationFactoryTest.handlesArrayOverride: ......could not find this test case. It may be defined in a superclass.
deflaker/samples_nonflaky/dropwizard/test_cases/io.dropwizard.configuration.YamlConfigurationFactoryTest.throwsAnExceptionOnOverrideArrayIndexOutOfBounds: ......could not find this test case. It may be defined in a superclass.
deflaker/samples_nonflaky/dropwizard/test_cases/io.dropwizard.configuration.YamlConfigurationFactoryTest.handlesArrayOverrideEscaped: ......could not find this test case. It may be defined in a superclass.
deflaker/samples_nonflaky/dropwizard/test_cases/io.dropwizard.configuration.YamlConfigurationFactoryTest.overridesArrayPropertiesWithIndices: ......could not find this test case. It may be defined in a superclass.
deflaker/samples_nonflaky/dropwizard/test_cases/io.dropwizard.configuration.YamlConfigurationFactoryTest.overridesArrayWithIndices: ......could not find this test case. It may be defined in a superclass.
deflaker/samples_nonflaky/dropwizard/test_cases/io.dropwizard.configuration.YamlConfigurationFactoryTest.overridesArrayWithIndicesReverse: ......could not find this test case. It may be defined in a superclass.
NestedResourceTest$InnerTest: ......empty file NestedResourceTest$InnerTest
NestedResourceTest$InnerTest$InnerInnerTest: ......empty file NestedResourceTest$InnerTest$InnerInnerTest
NestedResourceTest$InnerTest: ......empty file NestedResourceTest$InnerTest
NestedResourceTest$InnerTest$InnerInnerTest: ......empty file NestedResourceTest$InnerTest$InnerInnerTest
NestedResourceTest$InnerTest: ......empty file NestedResourceTest$InnerTest
NestedResourceTest$InnerTest$InnerInnerTest: ......empty file NestedResourceTest$InnerTest$InnerInnerTest
NestedResourceTest$InnerTest: ......empty file NestedResourceTest$InnerTest
NestedResourceTest$InnerTest$InnerInnerTest: ......empty file NestedResourceTest$InnerTest$InnerInnerTest
NestedResourceTest$InnerTest: ......empty file NestedResourceTest$InnerTest
NestedResourceTest$InnerTest$InnerInnerTest: ......empty file NestedResourceTest$InnerTest$InnerInnerTest
NestedResourceTest$InnerTest: ......empty file NestedResourceTest$InnerTest
NestedResourceTest$InnerTest$InnerInnerTest: ......empty file NestedResourceTest$InnerTest$InnerInnerTest
NestedResourceTest$InnerTest: ......empty file NestedResourceTest$InnerTest
NestedResourceTest$InnerTest$InnerInnerTest: ......empty file NestedResourceTest$InnerTest$InnerInnerTest
NestedResourceTest$InnerTest: ......empty file NestedResourceTest$InnerTest
NestedResourceTest$InnerTest$InnerInnerTest: ......empty file NestedResourceTest$InnerTest$InnerInnerTest
deflaker/samples_nonflaky/dropwizard/test_cases/io.dropwizard.testing.junit5.PersonResourceTest.testDefaultJsonProcessingMapper: ......could not find this test case. It may be defined in a superclass.
deflaker/samples_nonflaky/dropwizard/test_cases/io.dropwizard.testing.junit5.PersonResourceTest.testCustomClientConfiguration: ......could not find this test case. It may be defined in a superclass.
deflaker/samples_nonflaky/dropwizard/test_cases/io.dropwizard.testing.junit5.PersonResourceTest.testDefaultExceptionMapper: ......could not find this test case. It may be defined in a superclass.
deflaker/samples_nonflaky/dropwizard/test_cases/io.dropwizard.testing.junit5.PersonResourceTest.testDefaultEofExceptionMapper: ......could not find this test case. It may be defined in a superclass.
deflaker/samples_nonflaky/dropwizard/test_cases/io.dropwizard.testing.junit5.PersonResourceTest.testValidationGroupsException: ......could not find this test case. It may be defined in a superclass.
deflaker/samples_nonflaky/dropwizard/test_cases/io.dropwizard.testing.junit5.PersonResourceTest.testGetImmutableListOfPersons: ......could not find this test case. It may be defined in a superclass.
deflaker/samples_nonflaky/dropwizard/test_cases/io.dropwizard.testing.junit5.PersonResourceTest.testDefaultConstraintViolation: ......could not find this test case. It may be defined in a superclass.
deflaker/samples_nonflaky/dropwizard/test_cases/io.dropwizard.testing.junit5.PersonResourceTest.testGetPerson: ......could not find this test case. It may be defined in a superclass.
deflaker/samples_nonflaky/dropwizard/test_cases/io.dropwizard.testing.junit5.PersonResourceTest.testGetPersonWithQueryParam: ......could not find this test case. It may be defined in a superclass.
deflaker/samples_nonflaky/dropwizard/test_cases/com.example.badlog.BadLogTest.testSupportShouldResetLogging{Path}: ......could not find this test case. It may be defined in a superclass.
deflaker/samples_nonflaky/dropwizard/test_cases/io.dropwizard.jetty.setup.ServletEnvironmentTest.setsBaseResource{Path}: ......could not find this test case. It may be defined in a superclass.
deflaker/samples_nonflaky/dropwizard/test_cases/io.dropwizard.jetty.setup.ServletEnvironmentTest.setsBaseResourceList{Path}: ......could not find this test case. It may be defined in a superclass.
deflaker/samples_nonflaky/dropwizard/test_cases/io.dropwizard.jetty.setup.ServletEnvironmentTest.setsBaseResourceStringList{Path}: ......could not find this test case. It may be defined in a superclass.
deflaker/samples_nonflaky/dropwizard/test_cases/io.dropwizard.util.EnumsTest.canGuess{String VideoFormat}[1]: ......could not find this test case. It may be defined in a superclass.
deflaker/samples_nonflaky/dropwizard/test_cases/io.dropwizard.util.EnumsTest.canGuess{String VideoFormat}[2]: ......could not find this test case. It may be defined in a superclass.
deflaker/samples_nonflaky/dropwizard/test_cases/io.dropwizard.util.EnumsTest.canGuess{String VideoFormat}[3]: ......could not find this test case. It may be defined in a superclass.
deflaker/samples_nonflaky/dropwizard/test_cases/io.dropwizard.util.EnumsTest.canGuess{String VideoFormat}[4]: ......could not find this test case. It may be defined in a superclass.
deflaker/samples_nonflaky/dropwizard/test_cases/io.dropwizard.util.EnumsTest.canGuess{String VideoFormat}[5]: ......could not find this test case. It may be defined in a superclass.
deflaker/samples_nonflaky/dropwizard/test_cases/io.dropwizard.util.EnumsTest.canGuess{String VideoFormat}[6]: ......could not find this test case. It may be defined in a superclass.
deflaker/samples_nonflaky/dropwizard/test_cases/io.dropwizard.util.EnumsTest.canGuess{String VideoFormat}[7]: ......could not find this test case. It may be defined in a superclass.
deflaker/samples_nonflaky/dropwizard/test_cases/io.dropwizard.util.EnumsTest.canGuess{String VideoFormat}[8]: ......could not find this test case. It may be defined in a superclass.
deflaker/samples_nonflaky/dropwizard/test_cases/io.dropwizard.logging.DefaultLoggingFactoryPrintErrorMessagesTest.testWhenFileAppenderDoesNotHaveWritePermissionToFolder_PrintsErrorMessageToConsole{Path}: ......could not find this test case. It may be defined in a superclass.
deflaker/samples_nonflaky/dropwizard/test_cases/io.dropwizard.logging.DefaultLoggingFactoryPrintErrorMessagesTest.testWhenSettingUpLoggingWithValidConfiguration_NoErrorMessageIsPrintedToConsole{Path}: ......could not find this test case. It may be defined in a superclass.
deflaker/samples_nonflaky/dropwizard/test_cases/io.dropwizard.logging.DefaultLoggingFactoryTest.testConfigure{Path}: ......could not find this test case. It may be defined in a superclass.
deflaker/samples_nonflaky/dropwizard/test_cases/io.dropwizard.logging.FileAppenderFactoryTest.isValidForMaxFileSize{Path}: ......could not find this test case. It may be defined in a superclass.
deflaker/samples_nonflaky/dropwizard/test_cases/io.dropwizard.logging.FileAppenderFactoryTest.isRolling{Path}: ......could not find this test case. It may be defined in a superclass.
deflaker/samples_nonflaky/dropwizard/test_cases/io.dropwizard.logging.FileAppenderFactoryTest.appenderContextIsSet{Path}: ......could not find this test case. It may be defined in a superclass.
deflaker/samples_nonflaky/dropwizard/test_cases/io.dropwizard.logging.FileAppenderFactoryTest.hasArchivedLogFilenamePattern{Path}: ......could not find this test case. It may be defined in a superclass.
deflaker/samples_nonflaky/dropwizard/test_cases/io.dropwizard.logging.FileAppenderFactoryTest.hasMaxFileSizeValidation{Path}: ......could not find this test case. It may be defined in a superclass.
deflaker/samples_nonflaky/dropwizard/test_cases/io.dropwizard.logging.FileAppenderFactoryTest.isValidForInfiniteRolledFiles{Path}: ......could not find this test case. It may be defined in a superclass.
deflaker/samples_nonflaky/dropwizard/test_cases/io.dropwizard.logging.FileAppenderFactoryTest.hasMaxFileSize{Path}: ......could not find this test case. It may be defined in a superclass.
deflaker/samples_nonflaky/dropwizard/test_cases/io.dropwizard.logging.FileAppenderFactoryTest.hasMaxFileSizeFixedWindow{Path}: ......could not find this test case. It may be defined in a superclass.
deflaker/samples_nonflaky/dropwizard/test_cases/io.dropwizard.logging.FileAppenderFactoryTest.testCurrentLogFileNameIsEmptyAndAppenderUsesArchivedNameInstead{Path}: ......could not find this test case. It may be defined in a superclass.
deflaker/samples_nonflaky/dropwizard/test_cases/io.dropwizard.logging.FileAppenderFactoryTest.appenderNameIsSet{Path}: ......could not find this test case. It may be defined in a superclass.
deflaker/samples_nonflaky/dropwizard/test_cases/io.dropwizard.auth.basic.BasicAuthProviderTest.transformsCredentialsToPrincipalsWhenAuthAnnotationExistsWithoutMethodAnnotation: ......could not find this test case. It may be defined in a superclass.
deflaker/samples_nonflaky/dropwizard/test_cases/io.dropwizard.auth.basic.BasicAuthProviderTest.resourceWithInvalidOptionalAuthentication200: ......could not find this test case. It may be defined in a superclass.
deflaker/samples_nonflaky/dropwizard/test_cases/io.dropwizard.auth.basic.BasicAuthProviderTest.resourceWithDenyAllAndAuth403: ......could not find this test case. It may be defined in a superclass.
deflaker/samples_nonflaky/dropwizard/test_cases/io.dropwizard.auth.basic.BasicAuthProviderTest.resourceWithAuthenticationWithoutAuthorizationNoCredentials401: ......could not find this test case. It may be defined in a superclass.
deflaker/samples_nonflaky/dropwizard/test_cases/io.dropwizard.auth.basic.BasicAuthProviderTest.resourceWithAuthenticationWithoutAuthorizationWithCorrectCredentials200: ......could not find this test case. It may be defined in a superclass.
deflaker/samples_nonflaky/dropwizard/test_cases/io.dropwizard.auth.basic.BasicAuthProviderTest.respondsToMissingCredentialsWith401: ......could not find this test case. It may be defined in a superclass.
deflaker/samples_nonflaky/dropwizard/test_cases/io.dropwizard.auth.basic.BasicAuthProviderTest.respondsToExceptionsWith500: ......could not find this test case. It may be defined in a superclass.
deflaker/samples_nonflaky/dropwizard/test_cases/io.dropwizard.auth.basic.BasicAuthProviderTest.transformsCredentialsToPrincipals: ......could not find this test case. It may be defined in a superclass.
deflaker/samples_nonflaky/dropwizard/test_cases/io.dropwizard.auth.basic.BasicAuthProviderTest.resourceWithAuthorizationPrincipalIsNotAuthorized403: ......could not find this test case. It may be defined in a superclass.
deflaker/samples_nonflaky/dropwizard/test_cases/io.dropwizard.auth.basic.BasicAuthProviderTest.resourceWithoutAuth200: ......could not find this test case. It may be defined in a superclass.
deflaker/samples_nonflaky/dropwizard/test_cases/io.dropwizard.auth.basic.BasicAuthProviderTest.respondsToNonBasicCredentialsWith401: ......could not find this test case. It may be defined in a superclass.
deflaker/samples_nonflaky/dropwizard/test_cases/io.dropwizard.auth.basic.BasicAuthProviderTest.resourceWithoutOptionalAuthentication200: ......could not find this test case. It may be defined in a superclass.
deflaker/samples_nonflaky/dropwizard/test_cases/io.dropwizard.auth.basic.BasicAuthProviderTest.resourceWithDenyAllAndNoAuth401: ......could not find this test case. It may be defined in a superclass.
deflaker/samples_nonflaky/dropwizard/test_cases/io.dropwizard.auth.basic.BasicAuthProviderTest.resourceWithValidOptionalAuthentication200: ......could not find this test case. It may be defined in a superclass.
deflaker/samples_nonflaky/dropwizard/test_cases/io.dropwizard.auth.basic.BasicCustomAuthProviderTest.transformsCredentialsToPrincipalsWhenAuthAnnotationExistsWithoutMethodAnnotation: ......could not find this test case. It may be defined in a superclass.
deflaker/samples_nonflaky/dropwizard/test_cases/io.dropwizard.auth.basic.BasicCustomAuthProviderTest.resourceWithInvalidOptionalAuthentication200: ......could not find this test case. It may be defined in a superclass.
deflaker/samples_nonflaky/dropwizard/test_cases/io.dropwizard.auth.basic.BasicCustomAuthProviderTest.resourceWithDenyAllAndAuth403: ......could not find this test case. It may be defined in a superclass.
deflaker/samples_nonflaky/dropwizard/test_cases/io.dropwizard.auth.basic.BasicCustomAuthProviderTest.resourceWithAuthenticationWithoutAuthorizationNoCredentials401: ......could not find this test case. It may be defined in a superclass.
deflaker/samples_nonflaky/dropwizard/test_cases/io.dropwizard.auth.basic.BasicCustomAuthProviderTest.resourceWithAuthenticationWithoutAuthorizationWithCorrectCredentials200: ......could not find this test case. It may be defined in a superclass.
deflaker/samples_nonflaky/dropwizard/test_cases/io.dropwizard.auth.basic.BasicCustomAuthProviderTest.respondsToMissingCredentialsWith401: ......could not find this test case. It may be defined in a superclass.
deflaker/samples_nonflaky/dropwizard/test_cases/io.dropwizard.auth.basic.BasicCustomAuthProviderTest.respondsToExceptionsWith500: ......could not find this test case. It may be defined in a superclass.
deflaker/samples_nonflaky/dropwizard/test_cases/io.dropwizard.auth.basic.BasicCustomAuthProviderTest.transformsCredentialsToPrincipals: ......could not find this test case. It may be defined in a superclass.
deflaker/samples_nonflaky/dropwizard/test_cases/io.dropwizard.auth.basic.BasicCustomAuthProviderTest.resourceWithAuthorizationPrincipalIsNotAuthorized403: ......could not find this test case. It may be defined in a superclass.
deflaker/samples_nonflaky/dropwizard/test_cases/io.dropwizard.auth.basic.BasicCustomAuthProviderTest.resourceWithoutAuth200: ......could not find this test case. It may be defined in a superclass.
deflaker/samples_nonflaky/dropwizard/test_cases/io.dropwizard.auth.basic.BasicCustomAuthProviderTest.respondsToNonBasicCredentialsWith401: ......could not find this test case. It may be defined in a superclass.
deflaker/samples_nonflaky/dropwizard/test_cases/io.dropwizard.auth.basic.BasicCustomAuthProviderTest.resourceWithoutOptionalAuthentication200: ......could not find this test case. It may be defined in a superclass.
deflaker/samples_nonflaky/dropwizard/test_cases/io.dropwizard.auth.basic.BasicCustomAuthProviderTest.resourceWithDenyAllAndNoAuth401: ......could not find this test case. It may be defined in a superclass.
deflaker/samples_nonflaky/dropwizard/test_cases/io.dropwizard.auth.basic.BasicCustomAuthProviderTest.resourceWithValidOptionalAuthentication200: ......could not find this test case. It may be defined in a superclass.
deflaker/samples_nonflaky/dropwizard/test_cases/io.dropwizard.auth.chained.ChainedAuthProviderTest.transformsCredentialsToPrincipalsWhenAuthAnnotationExistsWithoutMethodAnnotation: ......could not find this test case. It may be defined in a superclass.
deflaker/samples_nonflaky/dropwizard/test_cases/io.dropwizard.auth.chained.ChainedAuthProviderTest.resourceWithInvalidOptionalAuthentication200: ......could not find this test case. It may be defined in a superclass.
deflaker/samples_nonflaky/dropwizard/test_cases/io.dropwizard.auth.chained.ChainedAuthProviderTest.resourceWithDenyAllAndAuth403: ......could not find this test case. It may be defined in a superclass.
deflaker/samples_nonflaky/dropwizard/test_cases/io.dropwizard.auth.chained.ChainedAuthProviderTest.resourceWithAuthenticationWithoutAuthorizationNoCredentials401: ......could not find this test case. It may be defined in a superclass.
deflaker/samples_nonflaky/dropwizard/test_cases/io.dropwizard.auth.chained.ChainedAuthProviderTest.resourceWithAuthenticationWithoutAuthorizationWithCorrectCredentials200: ......could not find this test case. It may be defined in a superclass.
deflaker/samples_nonflaky/dropwizard/test_cases/io.dropwizard.auth.chained.ChainedAuthProviderTest.respondsToMissingCredentialsWith401: ......could not find this test case. It may be defined in a superclass.
deflaker/samples_nonflaky/dropwizard/test_cases/io.dropwizard.auth.chained.ChainedAuthProviderTest.respondsToExceptionsWith500: ......could not find this test case. It may be defined in a superclass.
deflaker/samples_nonflaky/dropwizard/test_cases/io.dropwizard.auth.chained.ChainedAuthProviderTest.transformsCredentialsToPrincipals: ......could not find this test case. It may be defined in a superclass.
deflaker/samples_nonflaky/dropwizard/test_cases/io.dropwizard.auth.chained.ChainedAuthProviderTest.resourceWithAuthorizationPrincipalIsNotAuthorized403: ......could not find this test case. It may be defined in a superclass.
deflaker/samples_nonflaky/dropwizard/test_cases/io.dropwizard.auth.chained.ChainedAuthProviderTest.resourceWithoutAuth200: ......could not find this test case. It may be defined in a superclass.
deflaker/samples_nonflaky/dropwizard/test_cases/io.dropwizard.auth.chained.ChainedAuthProviderTest.respondsToNonBasicCredentialsWith401: ......could not find this test case. It may be defined in a superclass.
deflaker/samples_nonflaky/dropwizard/test_cases/io.dropwizard.auth.chained.ChainedAuthProviderTest.resourceWithoutOptionalAuthentication200: ......could not find this test case. It may be defined in a superclass.
deflaker/samples_nonflaky/dropwizard/test_cases/io.dropwizard.auth.chained.ChainedAuthProviderTest.resourceWithDenyAllAndNoAuth401: ......could not find this test case. It may be defined in a superclass.
deflaker/samples_nonflaky/dropwizard/test_cases/io.dropwizard.auth.chained.ChainedAuthProviderTest.resourceWithValidOptionalAuthentication200: ......could not find this test case. It may be defined in a superclass.
deflaker/samples_nonflaky/dropwizard/test_cases/io.dropwizard.auth.oauth.OAuthCustomProviderTest.transformsCredentialsToPrincipalsWhenAuthAnnotationExistsWithoutMethodAnnotation: ......could not find this test case. It may be defined in a superclass.
deflaker/samples_nonflaky/dropwizard/test_cases/io.dropwizard.auth.oauth.OAuthCustomProviderTest.resourceWithInvalidOptionalAuthentication200: ......could not find this test case. It may be defined in a superclass.
deflaker/samples_nonflaky/dropwizard/test_cases/io.dropwizard.auth.oauth.OAuthCustomProviderTest.resourceWithDenyAllAndAuth403: ......could not find this test case. It may be defined in a superclass.
deflaker/samples_nonflaky/dropwizard/test_cases/io.dropwizard.auth.oauth.OAuthCustomProviderTest.resourceWithAuthenticationWithoutAuthorizationNoCredentials401: ......could not find this test case. It may be defined in a superclass.
deflaker/samples_nonflaky/dropwizard/test_cases/io.dropwizard.auth.oauth.OAuthCustomProviderTest.resourceWithAuthenticationWithoutAuthorizationWithCorrectCredentials200: ......could not find this test case. It may be defined in a superclass.
deflaker/samples_nonflaky/dropwizard/test_cases/io.dropwizard.auth.oauth.OAuthCustomProviderTest.respondsToMissingCredentialsWith401: ......could not find this test case. It may be defined in a superclass.
deflaker/samples_nonflaky/dropwizard/test_cases/io.dropwizard.auth.oauth.OAuthCustomProviderTest.respondsToExceptionsWith500: ......could not find this test case. It may be defined in a superclass.
deflaker/samples_nonflaky/dropwizard/test_cases/io.dropwizard.auth.oauth.OAuthCustomProviderTest.transformsCredentialsToPrincipals: ......could not find this test case. It may be defined in a superclass.
deflaker/samples_nonflaky/dropwizard/test_cases/io.dropwizard.auth.oauth.OAuthCustomProviderTest.resourceWithAuthorizationPrincipalIsNotAuthorized403: ......could not find this test case. It may be defined in a superclass.
deflaker/samples_nonflaky/dropwizard/test_cases/io.dropwizard.auth.oauth.OAuthCustomProviderTest.resourceWithoutAuth200: ......could not find this test case. It may be defined in a superclass.
deflaker/samples_nonflaky/dropwizard/test_cases/io.dropwizard.auth.oauth.OAuthCustomProviderTest.respondsToNonBasicCredentialsWith401: ......could not find this test case. It may be defined in a superclass.
deflaker/samples_nonflaky/dropwizard/test_cases/io.dropwizard.auth.oauth.OAuthCustomProviderTest.resourceWithoutOptionalAuthentication200: ......could not find this test case. It may be defined in a superclass.
deflaker/samples_nonflaky/dropwizard/test_cases/io.dropwizard.auth.oauth.OAuthCustomProviderTest.resourceWithDenyAllAndNoAuth401: ......could not find this test case. It may be defined in a superclass.
deflaker/samples_nonflaky/dropwizard/test_cases/io.dropwizard.auth.oauth.OAuthCustomProviderTest.resourceWithValidOptionalAuthentication200: ......could not find this test case. It may be defined in a superclass.
deflaker/samples_nonflaky/dropwizard/test_cases/io.dropwizard.auth.oauth.OAuthProviderTest.transformsCredentialsToPrincipalsWhenAuthAnnotationExistsWithoutMethodAnnotation: ......could not find this test case. It may be defined in a superclass.
deflaker/samples_nonflaky/dropwizard/test_cases/io.dropwizard.auth.oauth.OAuthProviderTest.resourceWithInvalidOptionalAuthentication200: ......could not find this test case. It may be defined in a superclass.
deflaker/samples_nonflaky/dropwizard/test_cases/io.dropwizard.auth.oauth.OAuthProviderTest.resourceWithDenyAllAndAuth403: ......could not find this test case. It may be defined in a superclass.
deflaker/samples_nonflaky/dropwizard/test_cases/io.dropwizard.auth.oauth.OAuthProviderTest.resourceWithAuthenticationWithoutAuthorizationNoCredentials401: ......could not find this test case. It may be defined in a superclass.
deflaker/samples_nonflaky/dropwizard/test_cases/io.dropwizard.auth.oauth.OAuthProviderTest.resourceWithAuthenticationWithoutAuthorizationWithCorrectCredentials200: ......could not find this test case. It may be defined in a superclass.
deflaker/samples_nonflaky/dropwizard/test_cases/io.dropwizard.auth.oauth.OAuthProviderTest.respondsToMissingCredentialsWith401: ......could not find this test case. It may be defined in a superclass.
deflaker/samples_nonflaky/dropwizard/test_cases/io.dropwizard.auth.oauth.OAuthProviderTest.respondsToExceptionsWith500: ......could not find this test case. It may be defined in a superclass.
deflaker/samples_nonflaky/dropwizard/test_cases/io.dropwizard.auth.oauth.OAuthProviderTest.transformsCredentialsToPrincipals: ......could not find this test case. It may be defined in a superclass.
deflaker/samples_nonflaky/dropwizard/test_cases/io.dropwizard.auth.oauth.OAuthProviderTest.resourceWithAuthorizationPrincipalIsNotAuthorized403: ......could not find this test case. It may be defined in a superclass.
deflaker/samples_nonflaky/dropwizard/test_cases/io.dropwizard.auth.oauth.OAuthProviderTest.resourceWithoutAuth200: ......could not find this test case. It may be defined in a superclass.
deflaker/samples_nonflaky/dropwizard/test_cases/io.dropwizard.auth.oauth.OAuthProviderTest.respondsToNonBasicCredentialsWith401: ......could not find this test case. It may be defined in a superclass.
deflaker/samples_nonflaky/dropwizard/test_cases/io.dropwizard.auth.oauth.OAuthProviderTest.resourceWithoutOptionalAuthentication200: ......could not find this test case. It may be defined in a superclass.
deflaker/samples_nonflaky/dropwizard/test_cases/io.dropwizard.auth.oauth.OAuthProviderTest.resourceWithDenyAllAndNoAuth401: ......could not find this test case. It may be defined in a superclass.
deflaker/samples_nonflaky/dropwizard/test_cases/io.dropwizard.auth.oauth.OAuthProviderTest.resourceWithValidOptionalAuthentication200: ......could not find this test case. It may be defined in a superclass.
